<?xml version="1.0" encoding="UTF-8"?>
<testsuite xmlns:xsi="http://www.w3.org/2001/XMLSchema-instance" xsi:noNamespaceSchemaLocation="https://maven.apache.org/surefire/maven-surefire-plugin/xsd/surefire-test-report.xsd" name="TestSuite" time="1,508.246" tests="19" errors="0" skipped="0" failures="13">
  <properties>
    <property name="java.specification.version" value="17"/>
    <property name="sun.cpu.isalist" value="amd64"/>
    <property name="sun.jnu.encoding" value="Cp1252"/>
    <property name="java.class.path" value="C:\Users\MELG20229793\.m2\repository\org\apache\maven\surefire\surefire-booter\3.0.0-M1\surefire-booter-3.0.0-M1.jar;C:\Users\MELG20229793\.m2\repository\org\apache\maven\surefire\surefire-api\3.0.0-M1\surefire-api-3.0.0-M1.jar;C:\Users\MELG20229793\.m2\repository\org\apache\maven\surefire\surefire-logger-api\3.0.0-M1\surefire-logger-api-3.0.0-M1.jar;D:\Projects\mlshop-web-automation\target\test-classes;D:\Projects\mlshop-web-automation\target\classes;C:\Users\MELG20229793\.m2\repository\io\appium\java-client\7.2.0\java-client-7.2.0.jar;C:\Users\MELG20229793\.m2\repository\org\seleniumhq\selenium\selenium-support\3.141.59\selenium-support-3.141.59.jar;C:\Users\MELG20229793\.m2\repository\org\seleniumhq\selenium\selenium-api\3.141.59\selenium-api-3.141.59.jar;C:\Users\MELG20229793\.m2\repository\com\google\code\gson\gson\2.8.5\gson-2.8.5.jar;C:\Users\MELG20229793\.m2\repository\org\apache\httpcomponents\httpclient\4.5.9\httpclient-4.5.9.jar;C:\Users\MELG20229793\.m2\repository\cglib\cglib\3.2.12\cglib-3.2.12.jar;C:\Users\MELG20229793\.m2\repository\org\ow2\asm\asm\7.1\asm-7.1.jar;C:\Users\MELG20229793\.m2\repository\commons-io\commons-io\2.6\commons-io-2.6.jar;C:\Users\MELG20229793\.m2\repository\org\springframework\spring-context\5.1.8.RELEASE\spring-context-5.1.8.RELEASE.jar;C:\Users\MELG20229793\.m2\repository\org\springframework\spring-aop\5.1.8.RELEASE\spring-aop-5.1.8.RELEASE.jar;C:\Users\MELG20229793\.m2\repository\org\springframework\spring-beans\5.1.8.RELEASE\spring-beans-5.1.8.RELEASE.jar;C:\Users\MELG20229793\.m2\repository\org\springframework\spring-core\5.1.8.RELEASE\spring-core-5.1.8.RELEASE.jar;C:\Users\MELG20229793\.m2\repository\org\springframework\spring-jcl\5.1.8.RELEASE\spring-jcl-5.1.8.RELEASE.jar;C:\Users\MELG20229793\.m2\repository\org\springframework\spring-expression\5.1.8.RELEASE\spring-expression-5.1.8.RELEASE.jar;C:\Users\MELG20229793\.m2\repository\org\aspectj\aspectjweaver\1.9.4\aspectjweaver-1.9.4.jar;C:\Users\MELG20229793\.m2\repository\org\slf4j\slf4j-api\1.7.26\slf4j-api-1.7.26.jar;C:\Users\MELG20229793\.m2\repository\org\seleniumhq\selenium\selenium-java\3.141.59\selenium-java-3.141.59.jar;C:\Users\MELG20229793\.m2\repository\org\seleniumhq\selenium\selenium-chrome-driver\3.141.59\selenium-chrome-driver-3.141.59.jar;C:\Users\MELG20229793\.m2\repository\org\seleniumhq\selenium\selenium-edge-driver\3.141.59\selenium-edge-driver-3.141.59.jar;C:\Users\MELG20229793\.m2\repository\org\seleniumhq\selenium\selenium-firefox-driver\3.141.59\selenium-firefox-driver-3.141.59.jar;C:\Users\MELG20229793\.m2\repository\org\seleniumhq\selenium\selenium-ie-driver\3.141.59\selenium-ie-driver-3.141.59.jar;C:\Users\MELG20229793\.m2\repository\org\seleniumhq\selenium\selenium-opera-driver\3.141.59\selenium-opera-driver-3.141.59.jar;C:\Users\MELG20229793\.m2\repository\org\seleniumhq\selenium\selenium-remote-driver\3.141.59\selenium-remote-driver-3.141.59.jar;C:\Users\MELG20229793\.m2\repository\org\seleniumhq\selenium\selenium-safari-driver\3.141.59\selenium-safari-driver-3.141.59.jar;C:\Users\MELG20229793\.m2\repository\net\bytebuddy\byte-buddy\1.8.15\byte-buddy-1.8.15.jar;C:\Users\MELG20229793\.m2\repository\org\apache\commons\commons-exec\1.3\commons-exec-1.3.jar;C:\Users\MELG20229793\.m2\repository\com\squareup\okhttp3\okhttp\3.11.0\okhttp-3.11.0.jar;C:\Users\MELG20229793\.m2\repository\com\squareup\okio\okio\1.14.0\okio-1.14.0.jar;C:\Users\MELG20229793\.m2\repository\io\github\bonigarcia\webdrivermanager\5.4.1\webdrivermanager-5.4.1.jar;C:\Users\MELG20229793\.m2\repository\com\github\docker-java\docker-java\3.3.2\docker-java-3.3.2.jar;C:\Users\MELG20229793\.m2\repository\com\github\docker-java\docker-java-core\3.3.2\docker-java-core-3.3.2.jar;C:\Users\MELG20229793\.m2\repository\com\github\docker-java\docker-java-api\3.3.2\docker-java-api-3.3.2.jar;C:\Users\MELG20229793\.m2\repository\org\bouncycastle\bcpkix-jdk15on\1.64\bcpkix-jdk15on-1.64.jar;C:\Users\MELG20229793\.m2\repository\org\bouncycastle\bcprov-jdk15on\1.64\bcprov-jdk15on-1.64.jar;C:\Users\MELG20229793\.m2\repository\org\slf4j\jcl-over-slf4j\1.7.30\jcl-over-slf4j-1.7.30.jar;C:\Users\MELG20229793\.m2\repository\com\github\docker-java\docker-java-transport-httpclient5\3.3.2\docker-java-transport-httpclient5-3.3.2.jar;C:\Users\MELG20229793\.m2\repository\com\github\docker-java\docker-java-transport\3.3.2\docker-java-transport-3.3.2.jar;C:\Users\MELG20229793\.m2\repository\net\java\dev\jna\jna\5.12.1\jna-5.12.1.jar;C:\Users\MELG20229793\.m2\repository\org\brotli\dec\0.1.2\dec-0.1.2.jar;C:\Users\MELG20229793\.m2\repository\org\apache\httpcomponents\client5\httpclient5\5.2.1\httpclient5-5.2.1.jar;C:\Users\MELG20229793\.m2\repository\org\apache\httpcomponents\core5\httpcore5\5.2\httpcore5-5.2.jar;C:\Users\MELG20229793\.m2\repository\org\apache\httpcomponents\core5\httpcore5-h2\5.2\httpcore5-h2-5.2.jar;C:\Users\MELG20229793\.m2\repository\com\influxdb\influxdb-client-java\6.8.0\influxdb-client-java-6.8.0.jar;C:\Users\MELG20229793\.m2\repository\com\influxdb\influxdb-client-core\6.8.0\influxdb-client-core-6.8.0.jar;C:\Users\MELG20229793\.m2\repository\com\influxdb\influxdb-client-utils\6.8.0\influxdb-client-utils-6.8.0.jar;C:\Users\MELG20229793\.m2\repository\com\squareup\retrofit2\retrofit\2.9.0\retrofit-2.9.0.jar;C:\Users\MELG20229793\.m2\repository\com\squareup\okhttp3\logging-interceptor\4.10.0\logging-interceptor-4.10.0.jar;C:\Users\MELG20229793\.m2\repository\org\apache\commons\commons-csv\1.9.0\commons-csv-1.9.0.jar;C:\Users\MELG20229793\.m2\repository\io\reactivex\rxjava3\rxjava\3.1.5\rxjava-3.1.5.jar;C:\Users\MELG20229793\.m2\repository\org\reactivestreams\reactive-streams\1.0.4\reactive-streams-1.0.4.jar;C:\Users\MELG20229793\.m2\repository\com\squareup\retrofit2\adapter-rxjava3\2.9.0\adapter-rxjava3-2.9.0.jar;C:\Users\MELG20229793\.m2\repository\com\squareup\retrofit2\converter-scalars\2.9.0\converter-scalars-2.9.0.jar;C:\Users\MELG20229793\.m2\repository\com\squareup\retrofit2\converter-gson\2.9.0\converter-gson-2.9.0.jar;C:\Users\MELG20229793\.m2\repository\com\google\code\findbugs\jsr305\3.0.2\jsr305-3.0.2.jar;C:\Users\MELG20229793\.m2\repository\org\jetbrains\kotlin\kotlin-stdlib\1.5.30\kotlin-stdlib-1.5.30.jar;C:\Users\MELG20229793\.m2\repository\org\jetbrains\annotations\13.0\annotations-13.0.jar;C:\Users\MELG20229793\.m2\repository\org\jetbrains\kotlin\kotlin-stdlib-common\1.5.30\kotlin-stdlib-common-1.5.30.jar;C:\Users\MELG20229793\.m2\repository\org\testng\testng\7.1.0\testng-7.1.0.jar;C:\Users\MELG20229793\.m2\repository\com\beust\jcommander\1.72\jcommander-1.72.jar;C:\Users\MELG20229793\.m2\repository\com\google\inject\guice\4.1.0\guice-4.1.0-no_aop.jar;C:\Users\MELG20229793\.m2\repository\javax\inject\javax.inject\1\javax.inject-1.jar;C:\Users\MELG20229793\.m2\repository\aopalliance\aopalliance\1.0\aopalliance-1.0.jar;C:\Users\MELG20229793\.m2\repository\org\yaml\snakeyaml\1.21\snakeyaml-1.21.jar;C:\Users\MELG20229793\.m2\repository\org\apache\poi\poi\4.1.1\poi-4.1.1.jar;C:\Users\MELG20229793\.m2\repository\commons-codec\commons-codec\1.13\commons-codec-1.13.jar;C:\Users\MELG20229793\.m2\repository\org\apache\commons\commons-collections4\4.4\commons-collections4-4.4.jar;C:\Users\MELG20229793\.m2\repository\org\apache\commons\commons-math3\3.6.1\commons-math3-3.6.1.jar;C:\Users\MELG20229793\.m2\repository\org\apache\poi\poi-ooxml\4.1.1\poi-ooxml-4.1.1.jar;C:\Users\MELG20229793\.m2\repository\org\apache\poi\poi-ooxml-schemas\4.1.1\poi-ooxml-schemas-4.1.1.jar;C:\Users\MELG20229793\.m2\repository\org\apache\commons\commons-compress\1.19\commons-compress-1.19.jar;C:\Users\MELG20229793\.m2\repository\com\github\virtuald\curvesapi\1.06\curvesapi-1.06.jar;C:\Users\MELG20229793\.m2\repository\org\apache\xmlbeans\xmlbeans\3.1.0\xmlbeans-3.1.0.jar;C:\Users\MELG20229793\.m2\repository\log4j\log4j\1.2.17\log4j-1.2.17.jar;C:\Users\MELG20229793\.m2\repository\org\slf4j\slf4j-jdk14\1.7.25\slf4j-jdk14-1.7.25.jar;C:\Users\MELG20229793\.m2\repository\com\google\guava\guava\23.0\guava-23.0.jar;C:\Users\MELG20229793\.m2\repository\com\google\errorprone\error_prone_annotations\2.0.18\error_prone_annotations-2.0.18.jar;C:\Users\MELG20229793\.m2\repository\com\google\j2objc\j2objc-annotations\1.1\j2objc-annotations-1.1.jar;C:\Users\MELG20229793\.m2\repository\org\codehaus\mojo\animal-sniffer-annotations\1.14\animal-sniffer-annotations-1.14.jar;C:\Users\MELG20229793\.m2\repository\com\aventstack\extentreports\4.0.9\extentreports-4.0.9.jar;C:\Users\MELG20229793\.m2\repository\org\freemarker\freemarker\2.3.23\freemarker-2.3.23.jar;C:\Users\MELG20229793\.m2\repository\org\mongodb\mongodb-driver\3.3.0\mongodb-driver-3.3.0.jar;C:\Users\MELG20229793\.m2\repository\org\mongodb\mongodb-driver-core\3.3.0\mongodb-driver-core-3.3.0.jar;C:\Users\MELG20229793\.m2\repository\org\mongodb\bson\3.3.0\bson-3.3.0.jar;C:\Users\MELG20229793\.m2\repository\org\apache\httpcomponents\httpmime\4.5.2\httpmime-4.5.2.jar;C:\Users\MELG20229793\.m2\repository\io\rest-assured\rest-assured\4.3.0\rest-assured-4.3.0.jar;C:\Users\MELG20229793\.m2\repository\org\codehaus\groovy\groovy\3.0.2\groovy-3.0.2.jar;C:\Users\MELG20229793\.m2\repository\org\codehaus\groovy\groovy-xml\3.0.2\groovy-xml-3.0.2.jar;C:\Users\MELG20229793\.m2\repository\org\hamcrest\hamcrest\2.1\hamcrest-2.1.jar;C:\Users\MELG20229793\.m2\repository\org\ccil\cowan\tagsoup\tagsoup\1.2.1\tagsoup-1.2.1.jar;C:\Users\MELG20229793\.m2\repository\io\rest-assured\json-path\4.3.0\json-path-4.3.0.jar;C:\Users\MELG20229793\.m2\repository\org\codehaus\groovy\groovy-json\3.0.2\groovy-json-3.0.2.jar;C:\Users\MELG20229793\.m2\repository\io\rest-assured\rest-assured-common\4.3.0\rest-assured-common-4.3.0.jar;C:\Users\MELG20229793\.m2\repository\io\rest-assured\xml-path\4.3.0\xml-path-4.3.0.jar;C:\Users\MELG20229793\.m2\repository\jakarta\xml\bind\jakarta.xml.bind-api\2.3.2\jakarta.xml.bind-api-2.3.2.jar;C:\Users\MELG20229793\.m2\repository\jakarta\activation\jakarta.activation-api\1.2.1\jakarta.activation-api-1.2.1.jar;C:\Users\MELG20229793\.m2\repository\com\sun\xml\bind\jaxb-osgi\2.3.0.1\jaxb-osgi-2.3.0.1.jar;C:\Users\MELG20229793\.m2\repository\org\apache\sling\org.apache.sling.javax.activation\0.1.0\org.apache.sling.javax.activation-0.1.0.jar;C:\Users\MELG20229793\.m2\repository\org\apache\commons\commons-lang3\3.8.1\commons-lang3-3.8.1.jar;C:\Users\MELG20229793\.m2\repository\org\codehaus\groovy\groovy-all\2.3.5\groovy-all-2.3.5.jar;C:\Users\MELG20229793\.m2\repository\org\json\json\20180813\json-20180813.jar;C:\Users\MELG20229793\.m2\repository\com\opencsv\opencsv\3.3\opencsv-3.3.jar;C:\Users\MELG20229793\.m2\repository\net\sourceforge\javacsv\javacsv\2.0\javacsv-2.0.jar;C:\Users\MELG20229793\.m2\repository\javax\mail\javax.mail-api\1.5.5\javax.mail-api-1.5.5.jar;C:\Users\MELG20229793\.m2\repository\org\apache\httpcomponents\httpcore\4.4.11\httpcore-4.4.11.jar;C:\Users\MELG20229793\.m2\repository\org\apache\axis\axis\1.4\axis-1.4.jar;C:\Users\MELG20229793\.m2\repository\com\sun\mail\javax.mail\1.6.0\javax.mail-1.6.0.jar;C:\Users\MELG20229793\.m2\repository\javax\activation\activation\1.1\activation-1.1.jar;C:\Users\MELG20229793\.m2\repository\commons-validator\commons-validator\1.6\commons-validator-1.6.jar;C:\Users\MELG20229793\.m2\repository\commons-beanutils\commons-beanutils\1.9.2\commons-beanutils-1.9.2.jar;C:\Users\MELG20229793\.m2\repository\commons-digester\commons-digester\1.8.1\commons-digester-1.8.1.jar;C:\Users\MELG20229793\.m2\repository\commons-logging\commons-logging\1.2\commons-logging-1.2.jar;C:\Users\MELG20229793\.m2\repository\commons-collections\commons-collections\3.2.2\commons-collections-3.2.2.jar;C:\Users\MELG20229793\.m2\repository\javax\xml\bind\jaxb-api\2.3.1\jaxb-api-2.3.1.jar;C:\Users\MELG20229793\.m2\repository\javax\activation\javax.activation-api\1.2.0\javax.activation-api-1.2.0.jar;C:\Users\MELG20229793\.m2\repository\com\applitools\eyes-images-java3\3.158.9\eyes-images-java3-3.158.9.jar;C:\Users\MELG20229793\.m2\repository\com\applitools\eyes-common-java3\3.158.9\eyes-common-java3-3.158.9.jar;C:\Users\MELG20229793\.m2\repository\org\imgscalr\imgscalr-lib\4.2\imgscalr-lib-4.2.jar;C:\Users\MELG20229793\.m2\repository\com\helger\ph-css\6.1.1\ph-css-6.1.1.jar;C:\Users\MELG20229793\.m2\repository\com\helger\ph-commons\9.0.2\ph-commons-9.0.2.jar;C:\Users\MELG20229793\.m2\repository\org\jsoup\jsoup\1.8.3\jsoup-1.8.3.jar;C:\Users\MELG20229793\.m2\repository\com\applitools\eyes-sdk-core-java3\3.158.9\eyes-sdk-core-java3-3.158.9.jar;C:\Users\MELG20229793\.m2\repository\com\applitools\eyes-connectivity-java3-jersey2x\3.158.9\eyes-connectivity-java3-jersey2x-3.158.9.jar;C:\Users\MELG20229793\.m2\repository\org\glassfish\jersey\connectors\jersey-apache-connector\2.29\jersey-apache-connector-2.29.jar;C:\Users\MELG20229793\.m2\repository\org\glassfish\jersey\core\jersey-common\2.29\jersey-common-2.29.jar;C:\Users\MELG20229793\.m2\repository\jakarta\annotation\jakarta.annotation-api\1.3.4\jakarta.annotation-api-1.3.4.jar;C:\Users\MELG20229793\.m2\repository\org\glassfish\hk2\osgi-resource-locator\1.0.3\osgi-resource-locator-1.0.3.jar;C:\Users\MELG20229793\.m2\repository\com\sun\activation\jakarta.activation\1.2.1\jakarta.activation-1.2.1.jar;C:\Users\MELG20229793\.m2\repository\jakarta\ws\rs\jakarta.ws.rs-api\2.1.5\jakarta.ws.rs-api-2.1.5.jar;C:\Users\MELG20229793\.m2\repository\org\glassfish\jersey\core\jersey-client\2.29\jersey-client-2.29.jar;C:\Users\MELG20229793\.m2\repository\org\glassfish\hk2\external\jakarta.inject\2.5.0\jakarta.inject-2.5.0.jar;C:\Users\MELG20229793\.m2\repository\org\glassfish\jersey\inject\jersey-hk2\2.29\jersey-hk2-2.29.jar;C:\Users\MELG20229793\.m2\repository\org\glassfish\hk2\hk2-locator\2.5.0\hk2-locator-2.5.0.jar;C:\Users\MELG20229793\.m2\repository\org\glassfish\hk2\external\aopalliance-repackaged\2.5.0\aopalliance-repackaged-2.5.0.jar;C:\Users\MELG20229793\.m2\repository\org\glassfish\hk2\hk2-api\2.5.0\hk2-api-2.5.0.jar;C:\Users\MELG20229793\.m2\repository\org\glassfish\hk2\hk2-utils\2.5.0\hk2-utils-2.5.0.jar;C:\Users\MELG20229793\.m2\repository\org\javassist\javassist\3.22.0-CR2\javassist-3.22.0-CR2.jar;C:\Users\MELG20229793\.m2\repository\com\epam\reportportal\agent-java-testng\5.0.7\agent-java-testng-5.0.7.jar;C:\Users\MELG20229793\.m2\repository\com\epam\reportportal\client-java\5.0.6\client-java-5.0.6.jar;C:\Users\MELG20229793\.m2\repository\org\aspectj\aspectjrt\1.9.2\aspectjrt-1.9.2.jar;C:\Users\MELG20229793\.m2\repository\io\reactivex\rxjava2\rxjava\2.2.10\rxjava-2.2.10.jar;C:\Users\MELG20229793\.m2\repository\org\apache\tika\tika-core\1.4\tika-core-1.4.jar;C:\Users\MELG20229793\.m2\repository\com\epam\reportportal\commons-model\5.0.0\commons-model-5.0.0.jar;C:\Users\MELG20229793\.m2\repository\io\swagger\swagger-annotations\1.5.24\swagger-annotations-1.5.24.jar;C:\Users\MELG20229793\.m2\repository\javax\validation\validation-api\2.0.1.Final\validation-api-2.0.1.Final.jar;C:\Users\MELG20229793\.m2\repository\com\fasterxml\jackson\core\jackson-databind\2.13.0\jackson-databind-2.13.0.jar;C:\Users\MELG20229793\.m2\repository\com\fasterxml\jackson\core\jackson-annotations\2.13.0\jackson-annotations-2.13.0.jar;C:\Users\MELG20229793\.m2\repository\com\fasterxml\jackson\core\jackson-core\2.13.0\jackson-core-2.13.0.jar;C:\Users\MELG20229793\.m2\repository\com\mysql\mysql-connector-j\8.0.33\mysql-connector-j-8.0.33.jar;C:\Users\MELG20229793\.m2\repository\com\google\protobuf\protobuf-java\3.21.9\protobuf-java-3.21.9.jar;C:\Users\MELG20229793\.m2\repository\ch\qos\logback\logback-classic\1.2.3\logback-classic-1.2.3.jar;C:\Users\MELG20229793\.m2\repository\ch\qos\logback\logback-core\1.2.3\logback-core-1.2.3.jar;C:\Users\MELG20229793\.m2\repository\com\epam\reportportal\logger-java-log4j\5.0.1\logger-java-log4j-5.0.1.jar;C:\Users\MELG20229793\.m2\repository\org\apache\logging\log4j\log4j-api\2.15.0\log4j-api-2.15.0.jar;C:\Users\MELG20229793\.m2\repository\org\apache\logging\log4j\log4j-core\2.15.0\log4j-core-2.15.0.jar;C:\Users\MELG20229793\.m2\repository\com\googlecode\json-simple\json-simple\1.1\json-simple-1.1.jar;C:\Users\MELG20229793\.m2\repository\com\github\json-template\jsontemplate\0.2.1\jsontemplate-0.2.1.jar;C:\Users\MELG20229793\.m2\repository\org\antlr\antlr4-runtime\4.7\antlr4-runtime-4.7.jar;C:\Users\MELG20229793\.m2\repository\com\codeborne\phantomjsdriver\1.5.0\phantomjsdriver-1.5.0.jar;C:\Users\MELG20229793\.m2\repository\org\apache\maven\surefire\surefire-testng\3.0.0-M1\surefire-testng-3.0.0-M1.jar;C:\Users\MELG20229793\.m2\repository\org\apache\maven\surefire\common-java5\3.0.0-M1\common-java5-3.0.0-M1.jar;C:\Users\MELG20229793\.m2\repository\org\apache\maven\surefire\surefire-testng-utils\3.0.0-M1\surefire-testng-utils-3.0.0-M1.jar;C:\Users\MELG20229793\.m2\repository\org\apache\maven\surefire\surefire-grouper\3.0.0-M1\surefire-grouper-3.0.0-M1.jar"/>
    <property name="java.vm.vendor" value="Oracle Corporation"/>
    <property name="sun.arch.data.model" value="64"/>
    <property name="user.variant" value=""/>
    <property name="java.vendor.url" value="https://java.oracle.com/"/>
    <property name="user.timezone" value="Asia/Taipei"/>
    <property name="os.name" value="Windows 11"/>
    <property name="java.vm.specification.version" value="17"/>
    <property name="sun.java.launcher" value="SUN_STANDARD"/>
    <property name="user.country" value="PH"/>
    <property name="sun.boot.library.path" value="C:\Program Files\Java\jdk-17\bin"/>
    <property name="sun.java.command" value="org.apache.maven.surefire.booter.ForkedBooter C:\Users\MELG20229793\AppData\Local\Temp\surefire10651661034443522323 2024-02-06T19-35-41_673-jvmRun1 surefire7408138176561599855tmp surefire_07191772831452569522tmp"/>
    <property name="jdk.debug" value="release"/>
    <property name="surefire.test.class.path" value="D:\Projects\mlshop-web-automation\target\test-classes;D:\Projects\mlshop-web-automation\target\classes;C:\Users\MELG20229793\.m2\repository\io\appium\java-client\7.2.0\java-client-7.2.0.jar;C:\Users\MELG20229793\.m2\repository\org\seleniumhq\selenium\selenium-support\3.141.59\selenium-support-3.141.59.jar;C:\Users\MELG20229793\.m2\repository\org\seleniumhq\selenium\selenium-api\3.141.59\selenium-api-3.141.59.jar;C:\Users\MELG20229793\.m2\repository\com\google\code\gson\gson\2.8.5\gson-2.8.5.jar;C:\Users\MELG20229793\.m2\repository\org\apache\httpcomponents\httpclient\4.5.9\httpclient-4.5.9.jar;C:\Users\MELG20229793\.m2\repository\cglib\cglib\3.2.12\cglib-3.2.12.jar;C:\Users\MELG20229793\.m2\repository\org\ow2\asm\asm\7.1\asm-7.1.jar;C:\Users\MELG20229793\.m2\repository\commons-io\commons-io\2.6\commons-io-2.6.jar;C:\Users\MELG20229793\.m2\repository\org\springframework\spring-context\5.1.8.RELEASE\spring-context-5.1.8.RELEASE.jar;C:\Users\MELG20229793\.m2\repository\org\springframework\spring-aop\5.1.8.RELEASE\spring-aop-5.1.8.RELEASE.jar;C:\Users\MELG20229793\.m2\repository\org\springframework\spring-beans\5.1.8.RELEASE\spring-beans-5.1.8.RELEASE.jar;C:\Users\MELG20229793\.m2\repository\org\springframework\spring-core\5.1.8.RELEASE\spring-core-5.1.8.RELEASE.jar;C:\Users\MELG20229793\.m2\repository\org\springframework\spring-jcl\5.1.8.RELEASE\spring-jcl-5.1.8.RELEASE.jar;C:\Users\MELG20229793\.m2\repository\org\springframework\spring-expression\5.1.8.RELEASE\spring-expression-5.1.8.RELEASE.jar;C:\Users\MELG20229793\.m2\repository\org\aspectj\aspectjweaver\1.9.4\aspectjweaver-1.9.4.jar;C:\Users\MELG20229793\.m2\repository\org\slf4j\slf4j-api\1.7.26\slf4j-api-1.7.26.jar;C:\Users\MELG20229793\.m2\repository\org\seleniumhq\selenium\selenium-java\3.141.59\selenium-java-3.141.59.jar;C:\Users\MELG20229793\.m2\repository\org\seleniumhq\selenium\selenium-chrome-driver\3.141.59\selenium-chrome-driver-3.141.59.jar;C:\Users\MELG20229793\.m2\repository\org\seleniumhq\selenium\selenium-edge-driver\3.141.59\selenium-edge-driver-3.141.59.jar;C:\Users\MELG20229793\.m2\repository\org\seleniumhq\selenium\selenium-firefox-driver\3.141.59\selenium-firefox-driver-3.141.59.jar;C:\Users\MELG20229793\.m2\repository\org\seleniumhq\selenium\selenium-ie-driver\3.141.59\selenium-ie-driver-3.141.59.jar;C:\Users\MELG20229793\.m2\repository\org\seleniumhq\selenium\selenium-opera-driver\3.141.59\selenium-opera-driver-3.141.59.jar;C:\Users\MELG20229793\.m2\repository\org\seleniumhq\selenium\selenium-remote-driver\3.141.59\selenium-remote-driver-3.141.59.jar;C:\Users\MELG20229793\.m2\repository\org\seleniumhq\selenium\selenium-safari-driver\3.141.59\selenium-safari-driver-3.141.59.jar;C:\Users\MELG20229793\.m2\repository\net\bytebuddy\byte-buddy\1.8.15\byte-buddy-1.8.15.jar;C:\Users\MELG20229793\.m2\repository\org\apache\commons\commons-exec\1.3\commons-exec-1.3.jar;C:\Users\MELG20229793\.m2\repository\com\squareup\okhttp3\okhttp\3.11.0\okhttp-3.11.0.jar;C:\Users\MELG20229793\.m2\repository\com\squareup\okio\okio\1.14.0\okio-1.14.0.jar;C:\Users\MELG20229793\.m2\repository\io\github\bonigarcia\webdrivermanager\5.4.1\webdrivermanager-5.4.1.jar;C:\Users\MELG20229793\.m2\repository\com\github\docker-java\docker-java\3.3.2\docker-java-3.3.2.jar;C:\Users\MELG20229793\.m2\repository\com\github\docker-java\docker-java-core\3.3.2\docker-java-core-3.3.2.jar;C:\Users\MELG20229793\.m2\repository\com\github\docker-java\docker-java-api\3.3.2\docker-java-api-3.3.2.jar;C:\Users\MELG20229793\.m2\repository\org\bouncycastle\bcpkix-jdk15on\1.64\bcpkix-jdk15on-1.64.jar;C:\Users\MELG20229793\.m2\repository\org\bouncycastle\bcprov-jdk15on\1.64\bcprov-jdk15on-1.64.jar;C:\Users\MELG20229793\.m2\repository\org\slf4j\jcl-over-slf4j\1.7.30\jcl-over-slf4j-1.7.30.jar;C:\Users\MELG20229793\.m2\repository\com\github\docker-java\docker-java-transport-httpclient5\3.3.2\docker-java-transport-httpclient5-3.3.2.jar;C:\Users\MELG20229793\.m2\repository\com\github\docker-java\docker-java-transport\3.3.2\docker-java-transport-3.3.2.jar;C:\Users\MELG20229793\.m2\repository\net\java\dev\jna\jna\5.12.1\jna-5.12.1.jar;C:\Users\MELG20229793\.m2\repository\org\brotli\dec\0.1.2\dec-0.1.2.jar;C:\Users\MELG20229793\.m2\repository\org\apache\httpcomponents\client5\httpclient5\5.2.1\httpclient5-5.2.1.jar;C:\Users\MELG20229793\.m2\repository\org\apache\httpcomponents\core5\httpcore5\5.2\httpcore5-5.2.jar;C:\Users\MELG20229793\.m2\repository\org\apache\httpcomponents\core5\httpcore5-h2\5.2\httpcore5-h2-5.2.jar;C:\Users\MELG20229793\.m2\repository\com\influxdb\influxdb-client-java\6.8.0\influxdb-client-java-6.8.0.jar;C:\Users\MELG20229793\.m2\repository\com\influxdb\influxdb-client-core\6.8.0\influxdb-client-core-6.8.0.jar;C:\Users\MELG20229793\.m2\repository\com\influxdb\influxdb-client-utils\6.8.0\influxdb-client-utils-6.8.0.jar;C:\Users\MELG20229793\.m2\repository\com\squareup\retrofit2\retrofit\2.9.0\retrofit-2.9.0.jar;C:\Users\MELG20229793\.m2\repository\com\squareup\okhttp3\logging-interceptor\4.10.0\logging-interceptor-4.10.0.jar;C:\Users\MELG20229793\.m2\repository\org\apache\commons\commons-csv\1.9.0\commons-csv-1.9.0.jar;C:\Users\MELG20229793\.m2\repository\io\reactivex\rxjava3\rxjava\3.1.5\rxjava-3.1.5.jar;C:\Users\MELG20229793\.m2\repository\org\reactivestreams\reactive-streams\1.0.4\reactive-streams-1.0.4.jar;C:\Users\MELG20229793\.m2\repository\com\squareup\retrofit2\adapter-rxjava3\2.9.0\adapter-rxjava3-2.9.0.jar;C:\Users\MELG20229793\.m2\repository\com\squareup\retrofit2\converter-scalars\2.9.0\converter-scalars-2.9.0.jar;C:\Users\MELG20229793\.m2\repository\com\squareup\retrofit2\converter-gson\2.9.0\converter-gson-2.9.0.jar;C:\Users\MELG20229793\.m2\repository\com\google\code\findbugs\jsr305\3.0.2\jsr305-3.0.2.jar;C:\Users\MELG20229793\.m2\repository\org\jetbrains\kotlin\kotlin-stdlib\1.5.30\kotlin-stdlib-1.5.30.jar;C:\Users\MELG20229793\.m2\repository\org\jetbrains\annotations\13.0\annotations-13.0.jar;C:\Users\MELG20229793\.m2\repository\org\jetbrains\kotlin\kotlin-stdlib-common\1.5.30\kotlin-stdlib-common-1.5.30.jar;C:\Users\MELG20229793\.m2\repository\org\testng\testng\7.1.0\testng-7.1.0.jar;C:\Users\MELG20229793\.m2\repository\com\beust\jcommander\1.72\jcommander-1.72.jar;C:\Users\MELG20229793\.m2\repository\com\google\inject\guice\4.1.0\guice-4.1.0-no_aop.jar;C:\Users\MELG20229793\.m2\repository\javax\inject\javax.inject\1\javax.inject-1.jar;C:\Users\MELG20229793\.m2\repository\aopalliance\aopalliance\1.0\aopalliance-1.0.jar;C:\Users\MELG20229793\.m2\repository\org\yaml\snakeyaml\1.21\snakeyaml-1.21.jar;C:\Users\MELG20229793\.m2\repository\org\apache\poi\poi\4.1.1\poi-4.1.1.jar;C:\Users\MELG20229793\.m2\repository\commons-codec\commons-codec\1.13\commons-codec-1.13.jar;C:\Users\MELG20229793\.m2\repository\org\apache\commons\commons-collections4\4.4\commons-collections4-4.4.jar;C:\Users\MELG20229793\.m2\repository\org\apache\commons\commons-math3\3.6.1\commons-math3-3.6.1.jar;C:\Users\MELG20229793\.m2\repository\org\apache\poi\poi-ooxml\4.1.1\poi-ooxml-4.1.1.jar;C:\Users\MELG20229793\.m2\repository\org\apache\poi\poi-ooxml-schemas\4.1.1\poi-ooxml-schemas-4.1.1.jar;C:\Users\MELG20229793\.m2\repository\org\apache\commons\commons-compress\1.19\commons-compress-1.19.jar;C:\Users\MELG20229793\.m2\repository\com\github\virtuald\curvesapi\1.06\curvesapi-1.06.jar;C:\Users\MELG20229793\.m2\repository\org\apache\xmlbeans\xmlbeans\3.1.0\xmlbeans-3.1.0.jar;C:\Users\MELG20229793\.m2\repository\log4j\log4j\1.2.17\log4j-1.2.17.jar;C:\Users\MELG20229793\.m2\repository\org\slf4j\slf4j-jdk14\1.7.25\slf4j-jdk14-1.7.25.jar;C:\Users\MELG20229793\.m2\repository\com\google\guava\guava\23.0\guava-23.0.jar;C:\Users\MELG20229793\.m2\repository\com\google\errorprone\error_prone_annotations\2.0.18\error_prone_annotations-2.0.18.jar;C:\Users\MELG20229793\.m2\repository\com\google\j2objc\j2objc-annotations\1.1\j2objc-annotations-1.1.jar;C:\Users\MELG20229793\.m2\repository\org\codehaus\mojo\animal-sniffer-annotations\1.14\animal-sniffer-annotations-1.14.jar;C:\Users\MELG20229793\.m2\repository\com\aventstack\extentreports\4.0.9\extentreports-4.0.9.jar;C:\Users\MELG20229793\.m2\repository\org\freemarker\freemarker\2.3.23\freemarker-2.3.23.jar;C:\Users\MELG20229793\.m2\repository\org\mongodb\mongodb-driver\3.3.0\mongodb-driver-3.3.0.jar;C:\Users\MELG20229793\.m2\repository\org\mongodb\mongodb-driver-core\3.3.0\mongodb-driver-core-3.3.0.jar;C:\Users\MELG20229793\.m2\repository\org\mongodb\bson\3.3.0\bson-3.3.0.jar;C:\Users\MELG20229793\.m2\repository\org\apache\httpcomponents\httpmime\4.5.2\httpmime-4.5.2.jar;C:\Users\MELG20229793\.m2\repository\io\rest-assured\rest-assured\4.3.0\rest-assured-4.3.0.jar;C:\Users\MELG20229793\.m2\repository\org\codehaus\groovy\groovy\3.0.2\groovy-3.0.2.jar;C:\Users\MELG20229793\.m2\repository\org\codehaus\groovy\groovy-xml\3.0.2\groovy-xml-3.0.2.jar;C:\Users\MELG20229793\.m2\repository\org\hamcrest\hamcrest\2.1\hamcrest-2.1.jar;C:\Users\MELG20229793\.m2\repository\org\ccil\cowan\tagsoup\tagsoup\1.2.1\tagsoup-1.2.1.jar;C:\Users\MELG20229793\.m2\repository\io\rest-assured\json-path\4.3.0\json-path-4.3.0.jar;C:\Users\MELG20229793\.m2\repository\org\codehaus\groovy\groovy-json\3.0.2\groovy-json-3.0.2.jar;C:\Users\MELG20229793\.m2\repository\io\rest-assured\rest-assured-common\4.3.0\rest-assured-common-4.3.0.jar;C:\Users\MELG20229793\.m2\repository\io\rest-assured\xml-path\4.3.0\xml-path-4.3.0.jar;C:\Users\MELG20229793\.m2\repository\jakarta\xml\bind\jakarta.xml.bind-api\2.3.2\jakarta.xml.bind-api-2.3.2.jar;C:\Users\MELG20229793\.m2\repository\jakarta\activation\jakarta.activation-api\1.2.1\jakarta.activation-api-1.2.1.jar;C:\Users\MELG20229793\.m2\repository\com\sun\xml\bind\jaxb-osgi\2.3.0.1\jaxb-osgi-2.3.0.1.jar;C:\Users\MELG20229793\.m2\repository\org\apache\sling\org.apache.sling.javax.activation\0.1.0\org.apache.sling.javax.activation-0.1.0.jar;C:\Users\MELG20229793\.m2\repository\org\apache\commons\commons-lang3\3.8.1\commons-lang3-3.8.1.jar;C:\Users\MELG20229793\.m2\repository\org\codehaus\groovy\groovy-all\2.3.5\groovy-all-2.3.5.jar;C:\Users\MELG20229793\.m2\repository\org\json\json\20180813\json-20180813.jar;C:\Users\MELG20229793\.m2\repository\com\opencsv\opencsv\3.3\opencsv-3.3.jar;C:\Users\MELG20229793\.m2\repository\net\sourceforge\javacsv\javacsv\2.0\javacsv-2.0.jar;C:\Users\MELG20229793\.m2\repository\javax\mail\javax.mail-api\1.5.5\javax.mail-api-1.5.5.jar;C:\Users\MELG20229793\.m2\repository\org\apache\httpcomponents\httpcore\4.4.11\httpcore-4.4.11.jar;C:\Users\MELG20229793\.m2\repository\org\apache\axis\axis\1.4\axis-1.4.jar;C:\Users\MELG20229793\.m2\repository\com\sun\mail\javax.mail\1.6.0\javax.mail-1.6.0.jar;C:\Users\MELG20229793\.m2\repository\javax\activation\activation\1.1\activation-1.1.jar;C:\Users\MELG20229793\.m2\repository\commons-validator\commons-validator\1.6\commons-validator-1.6.jar;C:\Users\MELG20229793\.m2\repository\commons-beanutils\commons-beanutils\1.9.2\commons-beanutils-1.9.2.jar;C:\Users\MELG20229793\.m2\repository\commons-digester\commons-digester\1.8.1\commons-digester-1.8.1.jar;C:\Users\MELG20229793\.m2\repository\commons-logging\commons-logging\1.2\commons-logging-1.2.jar;C:\Users\MELG20229793\.m2\repository\commons-collections\commons-collections\3.2.2\commons-collections-3.2.2.jar;C:\Users\MELG20229793\.m2\repository\javax\xml\bind\jaxb-api\2.3.1\jaxb-api-2.3.1.jar;C:\Users\MELG20229793\.m2\repository\javax\activation\javax.activation-api\1.2.0\javax.activation-api-1.2.0.jar;C:\Users\MELG20229793\.m2\repository\com\applitools\eyes-images-java3\3.158.9\eyes-images-java3-3.158.9.jar;C:\Users\MELG20229793\.m2\repository\com\applitools\eyes-common-java3\3.158.9\eyes-common-java3-3.158.9.jar;C:\Users\MELG20229793\.m2\repository\org\imgscalr\imgscalr-lib\4.2\imgscalr-lib-4.2.jar;C:\Users\MELG20229793\.m2\repository\com\helger\ph-css\6.1.1\ph-css-6.1.1.jar;C:\Users\MELG20229793\.m2\repository\com\helger\ph-commons\9.0.2\ph-commons-9.0.2.jar;C:\Users\MELG20229793\.m2\repository\org\jsoup\jsoup\1.8.3\jsoup-1.8.3.jar;C:\Users\MELG20229793\.m2\repository\com\applitools\eyes-sdk-core-java3\3.158.9\eyes-sdk-core-java3-3.158.9.jar;C:\Users\MELG20229793\.m2\repository\com\applitools\eyes-connectivity-java3-jersey2x\3.158.9\eyes-connectivity-java3-jersey2x-3.158.9.jar;C:\Users\MELG20229793\.m2\repository\org\glassfish\jersey\connectors\jersey-apache-connector\2.29\jersey-apache-connector-2.29.jar;C:\Users\MELG20229793\.m2\repository\org\glassfish\jersey\core\jersey-common\2.29\jersey-common-2.29.jar;C:\Users\MELG20229793\.m2\repository\jakarta\annotation\jakarta.annotation-api\1.3.4\jakarta.annotation-api-1.3.4.jar;C:\Users\MELG20229793\.m2\repository\org\glassfish\hk2\osgi-resource-locator\1.0.3\osgi-resource-locator-1.0.3.jar;C:\Users\MELG20229793\.m2\repository\com\sun\activation\jakarta.activation\1.2.1\jakarta.activation-1.2.1.jar;C:\Users\MELG20229793\.m2\repository\jakarta\ws\rs\jakarta.ws.rs-api\2.1.5\jakarta.ws.rs-api-2.1.5.jar;C:\Users\MELG20229793\.m2\repository\org\glassfish\jersey\core\jersey-client\2.29\jersey-client-2.29.jar;C:\Users\MELG20229793\.m2\repository\org\glassfish\hk2\external\jakarta.inject\2.5.0\jakarta.inject-2.5.0.jar;C:\Users\MELG20229793\.m2\repository\org\glassfish\jersey\inject\jersey-hk2\2.29\jersey-hk2-2.29.jar;C:\Users\MELG20229793\.m2\repository\org\glassfish\hk2\hk2-locator\2.5.0\hk2-locator-2.5.0.jar;C:\Users\MELG20229793\.m2\repository\org\glassfish\hk2\external\aopalliance-repackaged\2.5.0\aopalliance-repackaged-2.5.0.jar;C:\Users\MELG20229793\.m2\repository\org\glassfish\hk2\hk2-api\2.5.0\hk2-api-2.5.0.jar;C:\Users\MELG20229793\.m2\repository\org\glassfish\hk2\hk2-utils\2.5.0\hk2-utils-2.5.0.jar;C:\Users\MELG20229793\.m2\repository\org\javassist\javassist\3.22.0-CR2\javassist-3.22.0-CR2.jar;C:\Users\MELG20229793\.m2\repository\com\epam\reportportal\agent-java-testng\5.0.7\agent-java-testng-5.0.7.jar;C:\Users\MELG20229793\.m2\repository\com\epam\reportportal\client-java\5.0.6\client-java-5.0.6.jar;C:\Users\MELG20229793\.m2\repository\org\aspectj\aspectjrt\1.9.2\aspectjrt-1.9.2.jar;C:\Users\MELG20229793\.m2\repository\io\reactivex\rxjava2\rxjava\2.2.10\rxjava-2.2.10.jar;C:\Users\MELG20229793\.m2\repository\org\apache\tika\tika-core\1.4\tika-core-1.4.jar;C:\Users\MELG20229793\.m2\repository\com\epam\reportportal\commons-model\5.0.0\commons-model-5.0.0.jar;C:\Users\MELG20229793\.m2\repository\io\swagger\swagger-annotations\1.5.24\swagger-annotations-1.5.24.jar;C:\Users\MELG20229793\.m2\repository\javax\validation\validation-api\2.0.1.Final\validation-api-2.0.1.Final.jar;C:\Users\MELG20229793\.m2\repository\com\fasterxml\jackson\core\jackson-databind\2.13.0\jackson-databind-2.13.0.jar;C:\Users\MELG20229793\.m2\repository\com\fasterxml\jackson\core\jackson-annotations\2.13.0\jackson-annotations-2.13.0.jar;C:\Users\MELG20229793\.m2\repository\com\fasterxml\jackson\core\jackson-core\2.13.0\jackson-core-2.13.0.jar;C:\Users\MELG20229793\.m2\repository\com\mysql\mysql-connector-j\8.0.33\mysql-connector-j-8.0.33.jar;C:\Users\MELG20229793\.m2\repository\com\google\protobuf\protobuf-java\3.21.9\protobuf-java-3.21.9.jar;C:\Users\MELG20229793\.m2\repository\ch\qos\logback\logback-classic\1.2.3\logback-classic-1.2.3.jar;C:\Users\MELG20229793\.m2\repository\ch\qos\logback\logback-core\1.2.3\logback-core-1.2.3.jar;C:\Users\MELG20229793\.m2\repository\com\epam\reportportal\logger-java-log4j\5.0.1\logger-java-log4j-5.0.1.jar;C:\Users\MELG20229793\.m2\repository\org\apache\logging\log4j\log4j-api\2.15.0\log4j-api-2.15.0.jar;C:\Users\MELG20229793\.m2\repository\org\apache\logging\log4j\log4j-core\2.15.0\log4j-core-2.15.0.jar;C:\Users\MELG20229793\.m2\repository\com\googlecode\json-simple\json-simple\1.1\json-simple-1.1.jar;C:\Users\MELG20229793\.m2\repository\com\github\json-template\jsontemplate\0.2.1\jsontemplate-0.2.1.jar;C:\Users\MELG20229793\.m2\repository\org\antlr\antlr4-runtime\4.7\antlr4-runtime-4.7.jar;C:\Users\MELG20229793\.m2\repository\com\codeborne\phantomjsdriver\1.5.0\phantomjsdriver-1.5.0.jar;"/>
    <property name="sun.cpu.endian" value="little"/>
    <property name="user.home" value="C:\Users\MELG20229793"/>
    <property name="user.language" value="en"/>
    <property name="java.specification.vendor" value="Oracle Corporation"/>
    <property name="java.version.date" value="2023-04-18"/>
    <property name="java.home" value="C:\Program Files\Java\jdk-17"/>
    <property name="file.separator" value="\"/>
    <property name="basedir" value="D:\Projects\mlshop-web-automation"/>
    <property name="java.vm.compressedOopsMode" value="Zero based"/>
    <property name="line.separator" value="&#10;"/>
    <property name="java.vm.specification.vendor" value="Oracle Corporation"/>
    <property name="java.specification.name" value="Java Platform API Specification"/>
    <property name="user.script" value=""/>
    <property name="sun.management.compiler" value="HotSpot 64-Bit Tiered Compilers"/>
    <property name="java.runtime.version" value="17.0.7+8-LTS-224"/>
    <property name="user.name" value="MELG20229793"/>
    <property name="path.separator" value=";"/>
    <property name="os.version" value="10.0"/>
    <property name="java.runtime.name" value="Java(TM) SE Runtime Environment"/>
    <property name="file.encoding" value="Cp1252"/>
    <property name="browser" value=""/>
    <property name="java.vm.name" value="Java HotSpot(TM) 64-Bit Server VM"/>
    <property name="localRepository" value="C:\Users\MELG20229793\.m2\repository"/>
    <property name="java.vendor.url.bug" value="https://bugreport.java.com/bugreport/"/>
    <property name="java.io.tmpdir" value="C:\Users\MELG20~1\AppData\Local\Temp\"/>
    <property name="java.version" value="17.0.7"/>
    <property name="user.dir" value="D:\Projects\mlshop-web-automation"/>
    <property name="os.arch" value="amd64"/>
    <property name="java.vm.specification.name" value="Java Virtual Machine Specification"/>
    <property name="env" value="sit"/>
    <property name="sun.os.patch.level" value=""/>
    <property name="native.encoding" value="Cp1252"/>
    <property name="java.library.path" value="C:\Program Files\Java\jdk-17\bin;C:\WINDOWS\Sun\Java\bin;C:\WINDOWS\system32;C:\WINDOWS;C:\Program Files\Common Files\Oracle\Java\javapath;C:\WINDOWS\system32;C:\WINDOWS;C:\WINDOWS\System32\Wbem;C:\WINDOWS\System32\WindowsPowerShell\v1.0\;C:\apache-maven-3.8.5\bin;C:\WINDOWS\System32\OpenSSH\;C:\apache-jmeter-5.4.1\bin;C:\Program Files\Java\jdk-17\bin;C:\Program Files (x86)\Microsoft SQL Server\130\DTS\Binn\;C:\Program Files\Microsoft SQL Server\130\DTS\Binn\;C:\Program Files\Microsoft SQL Server\Client SDK\ODBC\130\Tools\Binn\;C:\Program Files (x86)\Microsoft SQL Server\130\Tools\Binn\;C:\Program Files\Microsoft SQL Server\130\Tools\Binn\;C:\Program Files (x86)\Microsoft SQL Server\Client SDK\ODBC\130\Tools\Binn\;C:\Program Files (x86)\Microsoft SQL Server\130\Tools\Binn\ManagementStudio\;C:\Program Files\Microsoft SQL Server\150\Tools\Binn\;C:\Program Files\Microsoft SQL Server\Client SDK\ODBC\170\Tools\Binn\;C:\Users\MELG20229793\AppData\Local\Android\Sdk\platform-tools;C:\Program Files\nodejs\;C:\WINDOWS\system32;C:\WINDOWS;C:\WINDOWS\System32\Wbem;C:\WINDOWS\System32\WindowsPowerShell\v1.0\;C:\WINDOWS\System32\OpenSSH\;C:\Users\MELG20229793\AppData\Local\Android\Sdk\tools;C:\Users\MELG20229793\AppData\Local\Android\Sdk\tools\bin;C:\Users\MELG20229793\AppData\Local\Android\Sdk\platforms;C:\Users\MELG20229793\AppData\Local\Android\Sdk\platform-tools;C:\Program Files\Git\bin;C:\Program Files\Git\git-cmd;C:\Program Files\PuTTY\;C:\Users\MELG20229793\AppData\Roaming\npm;C:\Users\MELG20229793\AppData\Local\Programs\Python\Python311\Scripts\;C:\Users\MELG20229793\AppData\Local\Programs\Python\Python311\;C:\Users\MELG20229793\AppData\Local\Microsoft\WindowsApps;C:\Users\MELG20229793\AppData\Local\Programs\Microsoft VS Code\bin;D:\IntelliJ IDEA Educational Edition 2022.2.2\bin;;C:\Users\MELG20229793\AppData\Roaming\npm;C:\Users\MELG20229793\AppData\Local\GitHubDesktop\bin;C:\Program Files (x86)\BrowserStackLocal\;."/>
    <property name="java.vm.info" value="mixed mode, sharing"/>
    <property name="java.vendor" value="Oracle Corporation"/>
    <property name="java.vm.version" value="17.0.7+8-LTS-224"/>
    <property name="sun.io.unicode.encoding" value="UnicodeLittle"/>
    <property name="java.class.version" value="61.0"/>
  </properties>
  <testcase name="mlShopProfileNameAndDropDownValidation" classname="com.mlshop.test.MLWalletWebScripts" time="64.344"/>
  <testcase name="shopItemsRingProductPurchaseScenario" classname="com.mlshop.test.MLWalletWebScripts" time="93.45">
    <failure message="no such element: Unable to locate element: {&quot;method&quot;:&quot;xpath&quot;,&quot;selector&quot;:&quot;//*[contains(text(),&apos;Rings&apos;)]&quot;}&#10;  (Session info: chrome-headless-shell=121.0.6167.140)&#10;For documentation on this error, please visit: https://www.seleniumhq.org/exceptions/no_such_element.html&#10;Build info: version: &apos;3.141.59&apos;, revision: &apos;e82be7d358&apos;, time: &apos;2018-11-14T08:17:03&apos;&#10;System info: host: &apos;HOTGQA008&apos;, ip: &apos;10.0.8.67&apos;, os.name: &apos;Windows 11&apos;, os.arch: &apos;amd64&apos;, os.version: &apos;10.0&apos;, java.version: &apos;17.0.7&apos;&#10;Driver info: org.openqa.selenium.chrome.ChromeDriver&#10;Capabilities {acceptInsecureCerts: false, browserName: chrome-headless-shell, browserVersion: 121.0.6167.140, chrome: {chromedriverVersion: 121.0.6167.85 (3f98d690ad7e..., userDataDir: C:\Users\MELG20~1\AppData\L...}, fedcm:accounts: true, goog:chromeOptions: {debuggerAddress: localhost:54458}, javascriptEnabled: true, networkConnectionEnabled: false, pageLoadStrategy: eager, platform: WINDOWS, platformName: WINDOWS, proxy: Proxy(), setWindowRect: true, strictFileInteractability: false, timeouts: {implicit: 0, pageLoad: 300000, script: 30000}, unhandledPromptBehavior: dismiss and notify, webauthn:extension:credBlob: true, webauthn:extension:largeBlob: true, webauthn:extension:minPinLength: true, webauthn:extension:prf: true, webauthn:virtualAuthenticators: true}&#10;Session ID: 7b409dcb9ea0ee5a70d3ee336aa18f86&#10;*** Element info: {Using=xpath, value=//*[contains(text(),&apos;Rings&apos;)]}" type="org.openqa.selenium.NoSuchElementException">org.openqa.selenium.NoSuchElementException: 
no such element: Unable to locate element: {"method":"xpath","selector":"//*[contains(text(),'Rings')]"}
  (Session info: chrome-headless-shell=121.0.6167.140)
For documentation on this error, please visit: https://www.seleniumhq.org/exceptions/no_such_element.html
Build info: version: '3.141.59', revision: 'e82be7d358', time: '2018-11-14T08:17:03'
System info: host: 'HOTGQA008', ip: '10.0.8.67', os.name: 'Windows 11', os.arch: 'amd64', os.version: '10.0', java.version: '17.0.7'
Driver info: org.openqa.selenium.chrome.ChromeDriver
Capabilities {acceptInsecureCerts: false, browserName: chrome-headless-shell, browserVersion: 121.0.6167.140, chrome: {chromedriverVersion: 121.0.6167.85 (3f98d690ad7e..., userDataDir: C:\Users\MELG20~1\AppData\L...}, fedcm:accounts: true, goog:chromeOptions: {debuggerAddress: localhost:54458}, javascriptEnabled: true, networkConnectionEnabled: false, pageLoadStrategy: eager, platform: WINDOWS, platformName: WINDOWS, proxy: Proxy(), setWindowRect: true, strictFileInteractability: false, timeouts: {implicit: 0, pageLoad: 300000, script: 30000}, unhandledPromptBehavior: dismiss and notify, webauthn:extension:credBlob: true, webauthn:extension:largeBlob: true, webauthn:extension:minPinLength: true, webauthn:extension:prf: true, webauthn:virtualAuthenticators: true}
Session ID: 7b409dcb9ea0ee5a70d3ee336aa18f86
*** Element info: {Using=xpath, value=//*[contains(text(),'Rings')]}
	at com.mlshop.test.MLWalletWebScripts.shopItemsRingProductPurchaseScenario(MLWalletWebScripts.java:58)
</failure>
    <system-out><![CDATA[2024-02-06 19:36:51,442 [main] INFO  binary_data_logger - RP_MESSAGE#FILE#C:\Users\MELG20~1\AppData\Local\Temp\screenshot9002541773965624905.png#Attachment
2024-02-06 19:36:51,443 [main] INFO  binary_data_logger - ::::::::::Test mlShopProfileNameAndDropDownValidation PASSED::::::::::
2024-02-06 19:36:57,165 [main] INFO  binary_data_logger - PlatForm :: Web
2024-02-06 19:36:57,167 [main] INFO  binary_data_logger - Running Test :: MLSHOP
2024-02-06 19:36:57,167 [main] INFO  binary_data_logger - Run Mode :: YES
2024-02-06 19:36:59,478 [main] INFO  binary_data_logger - :::::::::Test shopItemsRingProductPurchaseScenario Started::::::::
2024-02-06 19:37:14,530 [main] INFO  binary_data_logger - Profile Icon is displayed
2024-02-06 19:37:14,737 [main] INFO  binary_data_logger - Clicked on Profile Icon
2024-02-06 19:37:14,799 [main] INFO  binary_data_logger - Clicked on Mobile Number input field
2024-02-06 19:37:19,840 [main] INFO  binary_data_logger - Typed the value 09999999912 into Mobile Number Input field
2024-02-06 19:37:24,896 [main] INFO  binary_data_logger - Clicked on Get OTP Button
2024-02-06 19:37:27,509 [main] INFO  binary_data_logger - One Time Pin popup is displayed
2024-02-06 19:37:27,535 [main] INFO  binary_data_logger - Typed the value 111111 into ONe Time Pin Input field
2024-02-06 19:37:57,604 [main] INFO  binary_data_logger - Successfully login popup is not displayed
2024-02-06 19:37:57,686 [main] INFO  binary_data_logger - RP_MESSAGE#FILE#C:\Users\MELG20~1\AppData\Local\Temp\screenshot11184941335055861200.png#Attachment
2024-02-06 19:38:02,726 [main] INFO  binary_data_logger - Okay Button is displayed
2024-02-06 19:38:02,896 [main] INFO  binary_data_logger - Clicked on Okay Button
]]></system-out>
    <system-err><![CDATA[Feb 06, 2024 7:36:57 PM io.github.bonigarcia.wdm.WebDriverManager resolveDriverVersion
INFO: Using chromedriver 121.0.6167.85 (resolved driver for Chrome 121)
Feb 06, 2024 7:36:57 PM io.github.bonigarcia.wdm.WebDriverManager exportDriver
INFO: Exporting webdriver.chrome.driver as C:\Users\MELG20229793\.cache\selenium\chromedriver\win64\121.0.6167.85\chromedriver.exe
Feb 06, 2024 7:36:57 PM io.github.bonigarcia.wdm.versions.VersionDetector getDriverVersionFromRepository
WARNING: Exception reading null to get version of chromedriver (For input string: "116.0.5845.97")
Feb 06, 2024 7:36:57 PM io.github.bonigarcia.wdm.online.HttpClient execute
SEVERE: Error HTTP 404 executing https://chromedriver.storage.googleapis.com/LATEST_RELEASE_116.0.5845.97
Feb 06, 2024 7:36:57 PM io.github.bonigarcia.wdm.versions.VersionDetector getDriverVersionFromRepository
WARNING: Exception reading https://chromedriver.storage.googleapis.com/LATEST_RELEASE_116.0.5845.97 to get latest version of chromedriver (Error HTTP 404 executing https://chromedriver.storage.googleapis.com/LATEST_RELEASE_116.0.5845.97)
Feb 06, 2024 7:36:57 PM io.github.bonigarcia.wdm.WebDriverManager exportDriver
INFO: Exporting webdriver.chrome.driver as C:\Users\MELG20229793\.cache\selenium\chromedriver\win64\121.0.6167.85\chromedriver.exe
Starting ChromeDriver 121.0.6167.85 (3f98d690ad7e59242ef110144c757b2ac4eef1a2-refs/branch-heads/6167@{#1539}) on port 48592
Only local connections are allowed.
Please see https://chromedriver.chromium.org/security-considerations for suggestions on keeping ChromeDriver safe.
ChromeDriver was started successfully.
Feb 06, 2024 7:36:58 PM org.openqa.selenium.remote.ProtocolHandshake createSession
INFO: Detected dialect: W3C
]]></system-err>
  </testcase>
  <testcase name="shopItemsShippingDetailsPageUIValidation" classname="com.mlshop.test.MLWalletWebScripts" time="94.278">
    <failure message="no such element: Unable to locate element: {&quot;method&quot;:&quot;xpath&quot;,&quot;selector&quot;:&quot;//*[contains(text(),&apos;Rings&apos;)]&quot;}&#10;  (Session info: chrome-headless-shell=121.0.6167.140)&#10;For documentation on this error, please visit: https://www.seleniumhq.org/exceptions/no_such_element.html&#10;Build info: version: &apos;3.141.59&apos;, revision: &apos;e82be7d358&apos;, time: &apos;2018-11-14T08:17:03&apos;&#10;System info: host: &apos;HOTGQA008&apos;, ip: &apos;10.0.8.67&apos;, os.name: &apos;Windows 11&apos;, os.arch: &apos;amd64&apos;, os.version: &apos;10.0&apos;, java.version: &apos;17.0.7&apos;&#10;Driver info: org.openqa.selenium.chrome.ChromeDriver&#10;Capabilities {acceptInsecureCerts: false, browserName: chrome-headless-shell, browserVersion: 121.0.6167.140, chrome: {chromedriverVersion: 121.0.6167.85 (3f98d690ad7e..., userDataDir: C:\Users\MELG20~1\AppData\L...}, fedcm:accounts: true, goog:chromeOptions: {debuggerAddress: localhost:54620}, javascriptEnabled: true, networkConnectionEnabled: false, pageLoadStrategy: eager, platform: WINDOWS, platformName: WINDOWS, proxy: Proxy(), setWindowRect: true, strictFileInteractability: false, timeouts: {implicit: 0, pageLoad: 300000, script: 30000}, unhandledPromptBehavior: dismiss and notify, webauthn:extension:credBlob: true, webauthn:extension:largeBlob: true, webauthn:extension:minPinLength: true, webauthn:extension:prf: true, webauthn:virtualAuthenticators: true}&#10;Session ID: e7746aea54ec2b82f8a3f0105f548813&#10;*** Element info: {Using=xpath, value=//*[contains(text(),&apos;Rings&apos;)]}" type="org.openqa.selenium.NoSuchElementException">org.openqa.selenium.NoSuchElementException: 
no such element: Unable to locate element: {"method":"xpath","selector":"//*[contains(text(),'Rings')]"}
  (Session info: chrome-headless-shell=121.0.6167.140)
For documentation on this error, please visit: https://www.seleniumhq.org/exceptions/no_such_element.html
Build info: version: '3.141.59', revision: 'e82be7d358', time: '2018-11-14T08:17:03'
System info: host: 'HOTGQA008', ip: '10.0.8.67', os.name: 'Windows 11', os.arch: 'amd64', os.version: '10.0', java.version: '17.0.7'
Driver info: org.openqa.selenium.chrome.ChromeDriver
Capabilities {acceptInsecureCerts: false, browserName: chrome-headless-shell, browserVersion: 121.0.6167.140, chrome: {chromedriverVersion: 121.0.6167.85 (3f98d690ad7e..., userDataDir: C:\Users\MELG20~1\AppData\L...}, fedcm:accounts: true, goog:chromeOptions: {debuggerAddress: localhost:54620}, javascriptEnabled: true, networkConnectionEnabled: false, pageLoadStrategy: eager, platform: WINDOWS, platformName: WINDOWS, proxy: Proxy(), setWindowRect: true, strictFileInteractability: false, timeouts: {implicit: 0, pageLoad: 300000, script: 30000}, unhandledPromptBehavior: dismiss and notify, webauthn:extension:credBlob: true, webauthn:extension:largeBlob: true, webauthn:extension:minPinLength: true, webauthn:extension:prf: true, webauthn:virtualAuthenticators: true}
Session ID: e7746aea54ec2b82f8a3f0105f548813
*** Element info: {Using=xpath, value=//*[contains(text(),'Rings')]}
	at com.mlshop.test.MLWalletWebScripts.shopItemsShippingDetailsPageUIValidation(MLWalletWebScripts.java:62)
</failure>
    <system-out><![CDATA[2024-02-06 19:38:32,927 [main] INFO  binary_data_logger - ::::::::::Relaunching The App::::::::::
2024-02-06 19:38:38,439 [main] INFO  binary_data_logger - PlatForm :: Web
2024-02-06 19:38:38,440 [main] INFO  binary_data_logger - Running Test :: MLSHOP
2024-02-06 19:38:38,440 [main] INFO  binary_data_logger - Run Mode :: YES
2024-02-06 19:38:40,728 [main] INFO  binary_data_logger - :::::::::Test shopItemsShippingDetailsPageUIValidation Started::::::::
2024-02-06 19:38:55,788 [main] INFO  binary_data_logger - Profile Icon is displayed
2024-02-06 19:38:55,994 [main] INFO  binary_data_logger - Clicked on Profile Icon
2024-02-06 19:38:56,075 [main] INFO  binary_data_logger - Clicked on Mobile Number input field
2024-02-06 19:39:01,132 [main] INFO  binary_data_logger - Typed the value 09999999912 into Mobile Number Input field
2024-02-06 19:39:06,203 [main] INFO  binary_data_logger - Clicked on Get OTP Button
2024-02-06 19:39:09,628 [main] INFO  binary_data_logger - One Time Pin popup is displayed
2024-02-06 19:39:09,662 [main] INFO  binary_data_logger - Typed the value 111111 into ONe Time Pin Input field
2024-02-06 19:39:39,682 [main] INFO  binary_data_logger - Successfully login popup is not displayed
2024-02-06 19:39:39,767 [main] INFO  binary_data_logger - RP_MESSAGE#FILE#C:\Users\MELG20~1\AppData\Local\Temp\screenshot12102339541184639440.png#Attachment
2024-02-06 19:39:44,798 [main] INFO  binary_data_logger - Okay Button is displayed
2024-02-06 19:39:44,947 [main] INFO  binary_data_logger - Clicked on Okay Button
]]></system-out>
    <system-err><![CDATA[Feb 06, 2024 7:38:38 PM io.github.bonigarcia.wdm.WebDriverManager resolveDriverVersion
INFO: Using chromedriver 121.0.6167.85 (resolved driver for Chrome 121)
Feb 06, 2024 7:38:38 PM io.github.bonigarcia.wdm.WebDriverManager exportDriver
INFO: Exporting webdriver.chrome.driver as C:\Users\MELG20229793\.cache\selenium\chromedriver\win64\121.0.6167.85\chromedriver.exe
Feb 06, 2024 7:38:38 PM io.github.bonigarcia.wdm.versions.VersionDetector getDriverVersionFromRepository
WARNING: Exception reading null to get version of chromedriver (For input string: "116.0.5845.97")
Feb 06, 2024 7:38:38 PM io.github.bonigarcia.wdm.online.HttpClient execute
SEVERE: Error HTTP 404 executing https://chromedriver.storage.googleapis.com/LATEST_RELEASE_116.0.5845.97
Feb 06, 2024 7:38:38 PM io.github.bonigarcia.wdm.versions.VersionDetector getDriverVersionFromRepository
WARNING: Exception reading https://chromedriver.storage.googleapis.com/LATEST_RELEASE_116.0.5845.97 to get latest version of chromedriver (Error HTTP 404 executing https://chromedriver.storage.googleapis.com/LATEST_RELEASE_116.0.5845.97)
Feb 06, 2024 7:38:38 PM io.github.bonigarcia.wdm.WebDriverManager exportDriver
INFO: Exporting webdriver.chrome.driver as C:\Users\MELG20229793\.cache\selenium\chromedriver\win64\121.0.6167.85\chromedriver.exe
Starting ChromeDriver 121.0.6167.85 (3f98d690ad7e59242ef110144c757b2ac4eef1a2-refs/branch-heads/6167@{#1539}) on port 57387
Only local connections are allowed.
Please see https://chromedriver.chromium.org/security-considerations for suggestions on keeping ChromeDriver safe.
ChromeDriver was started successfully.
Feb 06, 2024 7:38:39 PM org.openqa.selenium.remote.ProtocolHandshake createSession
INFO: Detected dialect: W3C
]]></system-err>
  </testcase>
  <testcase name="shopItemsProfilePageNavigation" classname="com.mlshop.test.MLWalletWebScripts" time="94.073">
    <failure message="no such element: Unable to locate element: {&quot;method&quot;:&quot;xpath&quot;,&quot;selector&quot;:&quot;(//*[@class=&apos;bg-gray-200 px-[10px] py-[5px] rounded-[3px] min-w-[50%] max-w-[75%] 2sm:text-[13px] 3sm:text-[13px] 3sm:max-w-[100%] 3sm:w-[200px] sm:w-[300px] 2sm:w-[200px]&apos;])[1]&quot;}&#10;  (Session info: chrome-headless-shell=121.0.6167.140)&#10;For documentation on this error, please visit: https://www.seleniumhq.org/exceptions/no_such_element.html&#10;Build info: version: &apos;3.141.59&apos;, revision: &apos;e82be7d358&apos;, time: &apos;2018-11-14T08:17:03&apos;&#10;System info: host: &apos;HOTGQA008&apos;, ip: &apos;10.0.8.67&apos;, os.name: &apos;Windows 11&apos;, os.arch: &apos;amd64&apos;, os.version: &apos;10.0&apos;, java.version: &apos;17.0.7&apos;&#10;Driver info: org.openqa.selenium.chrome.ChromeDriver&#10;Capabilities {acceptInsecureCerts: false, browserName: chrome-headless-shell, browserVersion: 121.0.6167.140, chrome: {chromedriverVersion: 121.0.6167.85 (3f98d690ad7e..., userDataDir: C:\Users\MELG20~1\AppData\L...}, fedcm:accounts: true, goog:chromeOptions: {debuggerAddress: localhost:54788}, javascriptEnabled: true, networkConnectionEnabled: false, pageLoadStrategy: eager, platform: WINDOWS, platformName: WINDOWS, proxy: Proxy(), setWindowRect: true, strictFileInteractability: false, timeouts: {implicit: 0, pageLoad: 300000, script: 30000}, unhandledPromptBehavior: dismiss and notify, webauthn:extension:credBlob: true, webauthn:extension:largeBlob: true, webauthn:extension:minPinLength: true, webauthn:extension:prf: true, webauthn:virtualAuthenticators: true}&#10;Session ID: e233c07a54baa8269a9c316bf74c6052&#10;*** Element info: {Using=xpath, value=(//*[@class=&apos;bg-gray-200 px-[10px] py-[5px] rounded-[3px] min-w-[50%] max-w-[75%] 2sm:text-[13px] 3sm:text-[13px] 3sm:max-w-[100%] 3sm:w-[200px] sm:w-[300px] 2sm:w-[200px]&apos;])[1]}" type="org.openqa.selenium.NoSuchElementException">org.openqa.selenium.NoSuchElementException: 
no such element: Unable to locate element: {"method":"xpath","selector":"(//*[@class='bg-gray-200 px-[10px] py-[5px] rounded-[3px] min-w-[50%] max-w-[75%] 2sm:text-[13px] 3sm:text-[13px] 3sm:max-w-[100%] 3sm:w-[200px] sm:w-[300px] 2sm:w-[200px]'])[1]"}
  (Session info: chrome-headless-shell=121.0.6167.140)
For documentation on this error, please visit: https://www.seleniumhq.org/exceptions/no_such_element.html
Build info: version: '3.141.59', revision: 'e82be7d358', time: '2018-11-14T08:17:03'
System info: host: 'HOTGQA008', ip: '10.0.8.67', os.name: 'Windows 11', os.arch: 'amd64', os.version: '10.0', java.version: '17.0.7'
Driver info: org.openqa.selenium.chrome.ChromeDriver
Capabilities {acceptInsecureCerts: false, browserName: chrome-headless-shell, browserVersion: 121.0.6167.140, chrome: {chromedriverVersion: 121.0.6167.85 (3f98d690ad7e..., userDataDir: C:\Users\MELG20~1\AppData\L...}, fedcm:accounts: true, goog:chromeOptions: {debuggerAddress: localhost:54788}, javascriptEnabled: true, networkConnectionEnabled: false, pageLoadStrategy: eager, platform: WINDOWS, platformName: WINDOWS, proxy: Proxy(), setWindowRect: true, strictFileInteractability: false, timeouts: {implicit: 0, pageLoad: 300000, script: 30000}, unhandledPromptBehavior: dismiss and notify, webauthn:extension:credBlob: true, webauthn:extension:largeBlob: true, webauthn:extension:minPinLength: true, webauthn:extension:prf: true, webauthn:virtualAuthenticators: true}
Session ID: e233c07a54baa8269a9c316bf74c6052
*** Element info: {Using=xpath, value=(//*[@class='bg-gray-200 px-[10px] py-[5px] rounded-[3px] min-w-[50%] max-w-[75%] 2sm:text-[13px] 3sm:text-[13px] 3sm:max-w-[100%] 3sm:w-[200px] sm:w-[300px] 2sm:w-[200px]'])[1]}
	at com.mlshop.test.MLWalletWebScripts.shopItemsProfilePageNavigation(MLWalletWebScripts.java:13)
</failure>
    <system-out><![CDATA[2024-02-06 19:40:15,005 [main] INFO  binary_data_logger - ::::::::::Relaunching The App::::::::::
2024-02-06 19:40:20,569 [main] INFO  binary_data_logger - PlatForm :: Web
2024-02-06 19:40:20,570 [main] INFO  binary_data_logger - Running Test :: MLSHOP
2024-02-06 19:40:20,572 [main] INFO  binary_data_logger - Run Mode :: YES
2024-02-06 19:40:23,088 [main] INFO  binary_data_logger - :::::::::Test shopItemsProfilePageNavigation Started::::::::
2024-02-06 19:40:38,151 [main] INFO  binary_data_logger - Profile Icon is displayed
2024-02-06 19:40:38,338 [main] INFO  binary_data_logger - Clicked on Profile Icon
2024-02-06 19:40:38,400 [main] INFO  binary_data_logger - Clicked on Mobile Number input field
2024-02-06 19:40:43,433 [main] INFO  binary_data_logger - Typed the value 09999999912 into Mobile Number Input field
2024-02-06 19:40:48,494 [main] INFO  binary_data_logger - Clicked on Get OTP Button
2024-02-06 19:40:51,435 [main] INFO  binary_data_logger - One Time Pin popup is displayed
2024-02-06 19:40:51,460 [main] INFO  binary_data_logger - Typed the value 111111 into ONe Time Pin Input field
2024-02-06 19:41:21,475 [main] INFO  binary_data_logger - Successfully login popup is not displayed
2024-02-06 19:41:21,546 [main] INFO  binary_data_logger - RP_MESSAGE#FILE#C:\Users\MELG20~1\AppData\Local\Temp\screenshot3658962272909567510.png#Attachment
2024-02-06 19:41:26,583 [main] INFO  binary_data_logger - Okay Button is displayed
2024-02-06 19:41:26,764 [main] INFO  binary_data_logger - Clicked on Okay Button
2024-02-06 19:41:26,901 [main] INFO  binary_data_logger - Hi, PAVITHRAREDDY! Profile Name is displayed
2024-02-06 19:41:26,964 [main] INFO  binary_data_logger - Clicked on Hi, PAVITHRAREDDY! Profile Name
2024-02-06 19:41:27,017 [main] INFO  binary_data_logger - Profile DropdownElement is displayed
2024-02-06 19:41:27,143 [main] INFO  binary_data_logger - Clicked on Profile DropdownElement
]]></system-out>
    <system-err><![CDATA[Feb 06, 2024 7:40:20 PM io.github.bonigarcia.wdm.WebDriverManager resolveDriverVersion
INFO: Using chromedriver 121.0.6167.85 (resolved driver for Chrome 121)
Feb 06, 2024 7:40:20 PM io.github.bonigarcia.wdm.WebDriverManager exportDriver
INFO: Exporting webdriver.chrome.driver as C:\Users\MELG20229793\.cache\selenium\chromedriver\win64\121.0.6167.85\chromedriver.exe
Feb 06, 2024 7:40:20 PM io.github.bonigarcia.wdm.versions.VersionDetector getDriverVersionFromRepository
WARNING: Exception reading null to get version of chromedriver (For input string: "116.0.5845.97")
Feb 06, 2024 7:40:20 PM io.github.bonigarcia.wdm.online.HttpClient execute
SEVERE: Error HTTP 404 executing https://chromedriver.storage.googleapis.com/LATEST_RELEASE_116.0.5845.97
Feb 06, 2024 7:40:20 PM io.github.bonigarcia.wdm.versions.VersionDetector getDriverVersionFromRepository
WARNING: Exception reading https://chromedriver.storage.googleapis.com/LATEST_RELEASE_116.0.5845.97 to get latest version of chromedriver (Error HTTP 404 executing https://chromedriver.storage.googleapis.com/LATEST_RELEASE_116.0.5845.97)
Feb 06, 2024 7:40:21 PM io.github.bonigarcia.wdm.WebDriverManager exportDriver
INFO: Exporting webdriver.chrome.driver as C:\Users\MELG20229793\.cache\selenium\chromedriver\win64\121.0.6167.85\chromedriver.exe
Starting ChromeDriver 121.0.6167.85 (3f98d690ad7e59242ef110144c757b2ac4eef1a2-refs/branch-heads/6167@{#1539}) on port 48207
Only local connections are allowed.
Please see https://chromedriver.chromium.org/security-considerations for suggestions on keeping ChromeDriver safe.
ChromeDriver was started successfully.
Feb 06, 2024 7:40:22 PM org.openqa.selenium.remote.ProtocolHandshake createSession
INFO: Detected dialect: W3C
]]></system-err>
  </testcase>
  <testcase name="shopItemsPurchaseHistoryPageNavigation" classname="com.mlshop.test.MLWalletWebScripts" time="65.78"/>
  <testcase name="shopItemsLogoutValidation" classname="com.mlshop.test.MLWalletWebScripts" time="93.712"/>
  <testcase name="shopItemsProfileSuccessfulLogin" classname="com.mlshop.test.MLWalletWebScripts" time="63.715"/>
  <testcase name="shopItemsAvailableJewelryItemsValidation" classname="com.mlshop.test.MLWalletWebScripts" time="45.158"/>
  <testcase name="shopItemsWatchItemsValidation" classname="com.mlshop.test.MLWalletWebScripts" time="45.116"/>
  <testcase name="shopItemsRingsProductTypePageNavigationValidation" classname="com.mlshop.test.MLWalletWebScripts" time="45.011">
    <failure message="no such element: Unable to locate element: {&quot;method&quot;:&quot;xpath&quot;,&quot;selector&quot;:&quot;//*[contains(text(),&apos;GREAT SUMMER SALE&apos;)]&quot;}&#10;  (Session info: chrome-headless-shell=121.0.6167.140)&#10;For documentation on this error, please visit: https://www.seleniumhq.org/exceptions/no_such_element.html&#10;Build info: version: &apos;3.141.59&apos;, revision: &apos;e82be7d358&apos;, time: &apos;2018-11-14T08:17:03&apos;&#10;System info: host: &apos;HOTGQA008&apos;, ip: &apos;10.0.8.67&apos;, os.name: &apos;Windows 11&apos;, os.arch: &apos;amd64&apos;, os.version: &apos;10.0&apos;, java.version: &apos;17.0.7&apos;&#10;Driver info: org.openqa.selenium.chrome.ChromeDriver&#10;Capabilities {acceptInsecureCerts: false, browserName: chrome-headless-shell, browserVersion: 121.0.6167.140, chrome: {chromedriverVersion: 121.0.6167.85 (3f98d690ad7e..., userDataDir: C:\Users\MELG20~1\AppData\L...}, fedcm:accounts: true, goog:chromeOptions: {debuggerAddress: localhost:55570}, javascriptEnabled: true, networkConnectionEnabled: false, pageLoadStrategy: eager, platform: WINDOWS, platformName: WINDOWS, proxy: Proxy(), setWindowRect: true, strictFileInteractability: false, timeouts: {implicit: 0, pageLoad: 300000, script: 30000}, unhandledPromptBehavior: dismiss and notify, webauthn:extension:credBlob: true, webauthn:extension:largeBlob: true, webauthn:extension:minPinLength: true, webauthn:extension:prf: true, webauthn:virtualAuthenticators: true}&#10;Session ID: bfee783c0c6bac222de66b0ec9a2e995&#10;*** Element info: {Using=xpath, value=//*[contains(text(),&apos;GREAT SUMMER SALE&apos;)]}" type="org.openqa.selenium.NoSuchElementException">org.openqa.selenium.NoSuchElementException: 
no such element: Unable to locate element: {"method":"xpath","selector":"//*[contains(text(),'GREAT SUMMER SALE')]"}
  (Session info: chrome-headless-shell=121.0.6167.140)
For documentation on this error, please visit: https://www.seleniumhq.org/exceptions/no_such_element.html
Build info: version: '3.141.59', revision: 'e82be7d358', time: '2018-11-14T08:17:03'
System info: host: 'HOTGQA008', ip: '10.0.8.67', os.name: 'Windows 11', os.arch: 'amd64', os.version: '10.0', java.version: '17.0.7'
Driver info: org.openqa.selenium.chrome.ChromeDriver
Capabilities {acceptInsecureCerts: false, browserName: chrome-headless-shell, browserVersion: 121.0.6167.140, chrome: {chromedriverVersion: 121.0.6167.85 (3f98d690ad7e..., userDataDir: C:\Users\MELG20~1\AppData\L...}, fedcm:accounts: true, goog:chromeOptions: {debuggerAddress: localhost:55570}, javascriptEnabled: true, networkConnectionEnabled: false, pageLoadStrategy: eager, platform: WINDOWS, platformName: WINDOWS, proxy: Proxy(), setWindowRect: true, strictFileInteractability: false, timeouts: {implicit: 0, pageLoad: 300000, script: 30000}, unhandledPromptBehavior: dismiss and notify, webauthn:extension:credBlob: true, webauthn:extension:largeBlob: true, webauthn:extension:minPinLength: true, webauthn:extension:prf: true, webauthn:virtualAuthenticators: true}
Session ID: bfee783c0c6bac222de66b0ec9a2e995
*** Element info: {Using=xpath, value=//*[contains(text(),'GREAT SUMMER SALE')]}
	at com.mlshop.test.MLWalletWebScripts.shopItemsRingsProductTypePageNavigationValidation(MLWalletWebScripts.java:37)
</failure>
    <system-out><![CDATA[2024-02-06 19:47:50,801 [main] INFO  binary_data_logger - RP_MESSAGE#FILE#C:\Users\MELG20~1\AppData\Local\Temp\screenshot5651808770244388138.png#Attachment
2024-02-06 19:47:50,802 [main] INFO  binary_data_logger - ::::::::::Test shopItemsWatchItemsValidation PASSED::::::::::
2024-02-06 19:47:56,304 [main] INFO  binary_data_logger - PlatForm :: Web
2024-02-06 19:47:56,305 [main] INFO  binary_data_logger - Running Test :: MLSHOP
2024-02-06 19:47:56,306 [main] INFO  binary_data_logger - Run Mode :: YES
2024-02-06 19:47:58,437 [main] INFO  binary_data_logger - :::::::::Test shopItemsRingsProductTypePageNavigationValidation Started::::::::
]]></system-out>
    <system-err><![CDATA[Feb 06, 2024 7:47:56 PM io.github.bonigarcia.wdm.WebDriverManager resolveDriverVersion
INFO: Using chromedriver 121.0.6167.85 (resolved driver for Chrome 121)
Feb 06, 2024 7:47:56 PM io.github.bonigarcia.wdm.WebDriverManager exportDriver
INFO: Exporting webdriver.chrome.driver as C:\Users\MELG20229793\.cache\selenium\chromedriver\win64\121.0.6167.85\chromedriver.exe
Feb 06, 2024 7:47:56 PM io.github.bonigarcia.wdm.versions.VersionDetector getDriverVersionFromRepository
WARNING: Exception reading null to get version of chromedriver (For input string: "116.0.5845.97")
Feb 06, 2024 7:47:56 PM io.github.bonigarcia.wdm.online.HttpClient execute
SEVERE: Error HTTP 404 executing https://chromedriver.storage.googleapis.com/LATEST_RELEASE_116.0.5845.97
Feb 06, 2024 7:47:56 PM io.github.bonigarcia.wdm.versions.VersionDetector getDriverVersionFromRepository
WARNING: Exception reading https://chromedriver.storage.googleapis.com/LATEST_RELEASE_116.0.5845.97 to get latest version of chromedriver (Error HTTP 404 executing https://chromedriver.storage.googleapis.com/LATEST_RELEASE_116.0.5845.97)
Feb 06, 2024 7:47:56 PM io.github.bonigarcia.wdm.WebDriverManager exportDriver
INFO: Exporting webdriver.chrome.driver as C:\Users\MELG20229793\.cache\selenium\chromedriver\win64\121.0.6167.85\chromedriver.exe
Starting ChromeDriver 121.0.6167.85 (3f98d690ad7e59242ef110144c757b2ac4eef1a2-refs/branch-heads/6167@{#1539}) on port 9944
Only local connections are allowed.
Please see https://chromedriver.chromium.org/security-considerations for suggestions on keeping ChromeDriver safe.
ChromeDriver was started successfully.
Feb 06, 2024 7:47:57 PM org.openqa.selenium.remote.ProtocolHandshake createSession
INFO: Detected dialect: W3C
]]></system-err>
  </testcase>
  <testcase name="shopItemsNecklacesAndPendantsProductTypePageNavigationValidation" classname="com.mlshop.test.MLWalletWebScripts" time="45.035">
    <failure message="no such element: Unable to locate element: {&quot;method&quot;:&quot;xpath&quot;,&quot;selector&quot;:&quot;//*[contains(text(),&apos;GREAT SUMMER SALE&apos;)]&quot;}&#10;  (Session info: chrome-headless-shell=121.0.6167.140)&#10;For documentation on this error, please visit: https://www.seleniumhq.org/exceptions/no_such_element.html&#10;Build info: version: &apos;3.141.59&apos;, revision: &apos;e82be7d358&apos;, time: &apos;2018-11-14T08:17:03&apos;&#10;System info: host: &apos;HOTGQA008&apos;, ip: &apos;10.0.8.67&apos;, os.name: &apos;Windows 11&apos;, os.arch: &apos;amd64&apos;, os.version: &apos;10.0&apos;, java.version: &apos;17.0.7&apos;&#10;Driver info: org.openqa.selenium.chrome.ChromeDriver&#10;Capabilities {acceptInsecureCerts: false, browserName: chrome-headless-shell, browserVersion: 121.0.6167.140, chrome: {chromedriverVersion: 121.0.6167.85 (3f98d690ad7e..., userDataDir: C:\Users\MELG20~1\AppData\L...}, fedcm:accounts: true, goog:chromeOptions: {debuggerAddress: localhost:55653}, javascriptEnabled: true, networkConnectionEnabled: false, pageLoadStrategy: eager, platform: WINDOWS, platformName: WINDOWS, proxy: Proxy(), setWindowRect: true, strictFileInteractability: false, timeouts: {implicit: 0, pageLoad: 300000, script: 30000}, unhandledPromptBehavior: dismiss and notify, webauthn:extension:credBlob: true, webauthn:extension:largeBlob: true, webauthn:extension:minPinLength: true, webauthn:extension:prf: true, webauthn:virtualAuthenticators: true}&#10;Session ID: ed90d918152758187847d4bd1983fa9a&#10;*** Element info: {Using=xpath, value=//*[contains(text(),&apos;GREAT SUMMER SALE&apos;)]}" type="org.openqa.selenium.NoSuchElementException">org.openqa.selenium.NoSuchElementException: 
no such element: Unable to locate element: {"method":"xpath","selector":"//*[contains(text(),'GREAT SUMMER SALE')]"}
  (Session info: chrome-headless-shell=121.0.6167.140)
For documentation on this error, please visit: https://www.seleniumhq.org/exceptions/no_such_element.html
Build info: version: '3.141.59', revision: 'e82be7d358', time: '2018-11-14T08:17:03'
System info: host: 'HOTGQA008', ip: '10.0.8.67', os.name: 'Windows 11', os.arch: 'amd64', os.version: '10.0', java.version: '17.0.7'
Driver info: org.openqa.selenium.chrome.ChromeDriver
Capabilities {acceptInsecureCerts: false, browserName: chrome-headless-shell, browserVersion: 121.0.6167.140, chrome: {chromedriverVersion: 121.0.6167.85 (3f98d690ad7e..., userDataDir: C:\Users\MELG20~1\AppData\L...}, fedcm:accounts: true, goog:chromeOptions: {debuggerAddress: localhost:55653}, javascriptEnabled: true, networkConnectionEnabled: false, pageLoadStrategy: eager, platform: WINDOWS, platformName: WINDOWS, proxy: Proxy(), setWindowRect: true, strictFileInteractability: false, timeouts: {implicit: 0, pageLoad: 300000, script: 30000}, unhandledPromptBehavior: dismiss and notify, webauthn:extension:credBlob: true, webauthn:extension:largeBlob: true, webauthn:extension:minPinLength: true, webauthn:extension:prf: true, webauthn:virtualAuthenticators: true}
Session ID: ed90d918152758187847d4bd1983fa9a
*** Element info: {Using=xpath, value=//*[contains(text(),'GREAT SUMMER SALE')]}
	at com.mlshop.test.MLWalletWebScripts.shopItemsNecklacesAndPendantsProductTypePageNavigationValidation(MLWalletWebScripts.java:41)
</failure>
    <system-out><![CDATA[2024-02-06 19:48:43,448 [main] INFO  binary_data_logger - ::::::::::Relaunching The App::::::::::
2024-02-06 19:48:49,255 [main] INFO  binary_data_logger - PlatForm :: Web
2024-02-06 19:48:49,256 [main] INFO  binary_data_logger - Running Test :: MLSHOP
2024-02-06 19:48:49,256 [main] INFO  binary_data_logger - Run Mode :: YES
2024-02-06 19:48:51,442 [main] INFO  binary_data_logger - :::::::::Test shopItemsNecklacesAndPendantsProductTypePageNavigationValidation Started::::::::
]]></system-out>
    <system-err><![CDATA[Feb 06, 2024 7:48:49 PM io.github.bonigarcia.wdm.WebDriverManager resolveDriverVersion
INFO: Using chromedriver 121.0.6167.85 (resolved driver for Chrome 121)
Feb 06, 2024 7:48:49 PM io.github.bonigarcia.wdm.WebDriverManager exportDriver
INFO: Exporting webdriver.chrome.driver as C:\Users\MELG20229793\.cache\selenium\chromedriver\win64\121.0.6167.85\chromedriver.exe
Feb 06, 2024 7:48:49 PM io.github.bonigarcia.wdm.versions.VersionDetector getDriverVersionFromRepository
WARNING: Exception reading null to get version of chromedriver (For input string: "116.0.5845.97")
Feb 06, 2024 7:48:49 PM io.github.bonigarcia.wdm.online.HttpClient execute
SEVERE: Error HTTP 404 executing https://chromedriver.storage.googleapis.com/LATEST_RELEASE_116.0.5845.97
Feb 06, 2024 7:48:49 PM io.github.bonigarcia.wdm.versions.VersionDetector getDriverVersionFromRepository
WARNING: Exception reading https://chromedriver.storage.googleapis.com/LATEST_RELEASE_116.0.5845.97 to get latest version of chromedriver (Error HTTP 404 executing https://chromedriver.storage.googleapis.com/LATEST_RELEASE_116.0.5845.97)
Feb 06, 2024 7:48:49 PM io.github.bonigarcia.wdm.WebDriverManager exportDriver
INFO: Exporting webdriver.chrome.driver as C:\Users\MELG20229793\.cache\selenium\chromedriver\win64\121.0.6167.85\chromedriver.exe
Starting ChromeDriver 121.0.6167.85 (3f98d690ad7e59242ef110144c757b2ac4eef1a2-refs/branch-heads/6167@{#1539}) on port 11028
Only local connections are allowed.
Please see https://chromedriver.chromium.org/security-considerations for suggestions on keeping ChromeDriver safe.
ChromeDriver was started successfully.
Feb 06, 2024 7:48:50 PM org.openqa.selenium.remote.ProtocolHandshake createSession
INFO: Detected dialect: W3C
]]></system-err>
  </testcase>
  <testcase name="shopItemsBraceletsAndBanglesProductTypePageNavigationValidation" classname="com.mlshop.test.MLWalletWebScripts" time="45.029">
    <failure message="no such element: Unable to locate element: {&quot;method&quot;:&quot;xpath&quot;,&quot;selector&quot;:&quot;//*[contains(text(),&apos;GREAT SUMMER SALE&apos;)]&quot;}&#10;  (Session info: chrome-headless-shell=121.0.6167.140)&#10;For documentation on this error, please visit: https://www.seleniumhq.org/exceptions/no_such_element.html&#10;Build info: version: &apos;3.141.59&apos;, revision: &apos;e82be7d358&apos;, time: &apos;2018-11-14T08:17:03&apos;&#10;System info: host: &apos;HOTGQA008&apos;, ip: &apos;10.0.8.67&apos;, os.name: &apos;Windows 11&apos;, os.arch: &apos;amd64&apos;, os.version: &apos;10.0&apos;, java.version: &apos;17.0.7&apos;&#10;Driver info: org.openqa.selenium.chrome.ChromeDriver&#10;Capabilities {acceptInsecureCerts: false, browserName: chrome-headless-shell, browserVersion: 121.0.6167.140, chrome: {chromedriverVersion: 121.0.6167.85 (3f98d690ad7e..., userDataDir: C:\Users\MELG20~1\AppData\L...}, fedcm:accounts: true, goog:chromeOptions: {debuggerAddress: localhost:55737}, javascriptEnabled: true, networkConnectionEnabled: false, pageLoadStrategy: eager, platform: WINDOWS, platformName: WINDOWS, proxy: Proxy(), setWindowRect: true, strictFileInteractability: false, timeouts: {implicit: 0, pageLoad: 300000, script: 30000}, unhandledPromptBehavior: dismiss and notify, webauthn:extension:credBlob: true, webauthn:extension:largeBlob: true, webauthn:extension:minPinLength: true, webauthn:extension:prf: true, webauthn:virtualAuthenticators: true}&#10;Session ID: 412deb133884dbfa747ed8251f996fe8&#10;*** Element info: {Using=xpath, value=//*[contains(text(),&apos;GREAT SUMMER SALE&apos;)]}" type="org.openqa.selenium.NoSuchElementException">org.openqa.selenium.NoSuchElementException: 
no such element: Unable to locate element: {"method":"xpath","selector":"//*[contains(text(),'GREAT SUMMER SALE')]"}
  (Session info: chrome-headless-shell=121.0.6167.140)
For documentation on this error, please visit: https://www.seleniumhq.org/exceptions/no_such_element.html
Build info: version: '3.141.59', revision: 'e82be7d358', time: '2018-11-14T08:17:03'
System info: host: 'HOTGQA008', ip: '10.0.8.67', os.name: 'Windows 11', os.arch: 'amd64', os.version: '10.0', java.version: '17.0.7'
Driver info: org.openqa.selenium.chrome.ChromeDriver
Capabilities {acceptInsecureCerts: false, browserName: chrome-headless-shell, browserVersion: 121.0.6167.140, chrome: {chromedriverVersion: 121.0.6167.85 (3f98d690ad7e..., userDataDir: C:\Users\MELG20~1\AppData\L...}, fedcm:accounts: true, goog:chromeOptions: {debuggerAddress: localhost:55737}, javascriptEnabled: true, networkConnectionEnabled: false, pageLoadStrategy: eager, platform: WINDOWS, platformName: WINDOWS, proxy: Proxy(), setWindowRect: true, strictFileInteractability: false, timeouts: {implicit: 0, pageLoad: 300000, script: 30000}, unhandledPromptBehavior: dismiss and notify, webauthn:extension:credBlob: true, webauthn:extension:largeBlob: true, webauthn:extension:minPinLength: true, webauthn:extension:prf: true, webauthn:virtualAuthenticators: true}
Session ID: 412deb133884dbfa747ed8251f996fe8
*** Element info: {Using=xpath, value=//*[contains(text(),'GREAT SUMMER SALE')]}
	at com.mlshop.test.MLWalletWebScripts.shopItemsBraceletsAndBanglesProductTypePageNavigationValidation(MLWalletWebScripts.java:45)
</failure>
    <system-out><![CDATA[2024-02-06 19:49:36,476 [main] INFO  binary_data_logger - ::::::::::Relaunching The App::::::::::
2024-02-06 19:49:42,059 [main] INFO  binary_data_logger - PlatForm :: Web
2024-02-06 19:49:42,060 [main] INFO  binary_data_logger - Running Test :: MLSHOP
2024-02-06 19:49:42,060 [main] INFO  binary_data_logger - Run Mode :: YES
2024-02-06 19:49:44,244 [main] INFO  binary_data_logger - :::::::::Test shopItemsBraceletsAndBanglesProductTypePageNavigationValidation Started::::::::
]]></system-out>
    <system-err><![CDATA[Feb 06, 2024 7:49:42 PM io.github.bonigarcia.wdm.WebDriverManager resolveDriverVersion
INFO: Using chromedriver 121.0.6167.85 (resolved driver for Chrome 121)
Feb 06, 2024 7:49:42 PM io.github.bonigarcia.wdm.WebDriverManager exportDriver
INFO: Exporting webdriver.chrome.driver as C:\Users\MELG20229793\.cache\selenium\chromedriver\win64\121.0.6167.85\chromedriver.exe
Feb 06, 2024 7:49:42 PM io.github.bonigarcia.wdm.versions.VersionDetector getDriverVersionFromRepository
WARNING: Exception reading null to get version of chromedriver (For input string: "116.0.5845.97")
Feb 06, 2024 7:49:42 PM io.github.bonigarcia.wdm.online.HttpClient execute
SEVERE: Error HTTP 404 executing https://chromedriver.storage.googleapis.com/LATEST_RELEASE_116.0.5845.97
Feb 06, 2024 7:49:42 PM io.github.bonigarcia.wdm.versions.VersionDetector getDriverVersionFromRepository
WARNING: Exception reading https://chromedriver.storage.googleapis.com/LATEST_RELEASE_116.0.5845.97 to get latest version of chromedriver (Error HTTP 404 executing https://chromedriver.storage.googleapis.com/LATEST_RELEASE_116.0.5845.97)
Feb 06, 2024 7:49:42 PM io.github.bonigarcia.wdm.WebDriverManager exportDriver
INFO: Exporting webdriver.chrome.driver as C:\Users\MELG20229793\.cache\selenium\chromedriver\win64\121.0.6167.85\chromedriver.exe
Starting ChromeDriver 121.0.6167.85 (3f98d690ad7e59242ef110144c757b2ac4eef1a2-refs/branch-heads/6167@{#1539}) on port 26345
Only local connections are allowed.
Please see https://chromedriver.chromium.org/security-considerations for suggestions on keeping ChromeDriver safe.
ChromeDriver was started successfully.
Feb 06, 2024 7:49:43 PM org.openqa.selenium.remote.ProtocolHandshake createSession
INFO: Detected dialect: W3C
]]></system-err>
  </testcase>
  <testcase name="shopItemsEarringsProductTypePageNavigationValidation" classname="com.mlshop.test.MLWalletWebScripts" time="45.027">
    <failure message="no such element: Unable to locate element: {&quot;method&quot;:&quot;xpath&quot;,&quot;selector&quot;:&quot;//*[contains(text(),&apos;GREAT SUMMER SALE&apos;)]&quot;}&#10;  (Session info: chrome-headless-shell=121.0.6167.140)&#10;For documentation on this error, please visit: https://www.seleniumhq.org/exceptions/no_such_element.html&#10;Build info: version: &apos;3.141.59&apos;, revision: &apos;e82be7d358&apos;, time: &apos;2018-11-14T08:17:03&apos;&#10;System info: host: &apos;HOTGQA008&apos;, ip: &apos;10.0.8.67&apos;, os.name: &apos;Windows 11&apos;, os.arch: &apos;amd64&apos;, os.version: &apos;10.0&apos;, java.version: &apos;17.0.7&apos;&#10;Driver info: org.openqa.selenium.chrome.ChromeDriver&#10;Capabilities {acceptInsecureCerts: false, browserName: chrome-headless-shell, browserVersion: 121.0.6167.140, chrome: {chromedriverVersion: 121.0.6167.85 (3f98d690ad7e..., userDataDir: C:\Users\MELG20~1\AppData\L...}, fedcm:accounts: true, goog:chromeOptions: {debuggerAddress: localhost:55815}, javascriptEnabled: true, networkConnectionEnabled: false, pageLoadStrategy: eager, platform: WINDOWS, platformName: WINDOWS, proxy: Proxy(), setWindowRect: true, strictFileInteractability: false, timeouts: {implicit: 0, pageLoad: 300000, script: 30000}, unhandledPromptBehavior: dismiss and notify, webauthn:extension:credBlob: true, webauthn:extension:largeBlob: true, webauthn:extension:minPinLength: true, webauthn:extension:prf: true, webauthn:virtualAuthenticators: true}&#10;Session ID: 9e4457c72a4a00e274b2e0d07b68cda3&#10;*** Element info: {Using=xpath, value=//*[contains(text(),&apos;GREAT SUMMER SALE&apos;)]}" type="org.openqa.selenium.NoSuchElementException">org.openqa.selenium.NoSuchElementException: 
no such element: Unable to locate element: {"method":"xpath","selector":"//*[contains(text(),'GREAT SUMMER SALE')]"}
  (Session info: chrome-headless-shell=121.0.6167.140)
For documentation on this error, please visit: https://www.seleniumhq.org/exceptions/no_such_element.html
Build info: version: '3.141.59', revision: 'e82be7d358', time: '2018-11-14T08:17:03'
System info: host: 'HOTGQA008', ip: '10.0.8.67', os.name: 'Windows 11', os.arch: 'amd64', os.version: '10.0', java.version: '17.0.7'
Driver info: org.openqa.selenium.chrome.ChromeDriver
Capabilities {acceptInsecureCerts: false, browserName: chrome-headless-shell, browserVersion: 121.0.6167.140, chrome: {chromedriverVersion: 121.0.6167.85 (3f98d690ad7e..., userDataDir: C:\Users\MELG20~1\AppData\L...}, fedcm:accounts: true, goog:chromeOptions: {debuggerAddress: localhost:55815}, javascriptEnabled: true, networkConnectionEnabled: false, pageLoadStrategy: eager, platform: WINDOWS, platformName: WINDOWS, proxy: Proxy(), setWindowRect: true, strictFileInteractability: false, timeouts: {implicit: 0, pageLoad: 300000, script: 30000}, unhandledPromptBehavior: dismiss and notify, webauthn:extension:credBlob: true, webauthn:extension:largeBlob: true, webauthn:extension:minPinLength: true, webauthn:extension:prf: true, webauthn:virtualAuthenticators: true}
Session ID: 9e4457c72a4a00e274b2e0d07b68cda3
*** Element info: {Using=xpath, value=//*[contains(text(),'GREAT SUMMER SALE')]}
	at com.mlshop.test.MLWalletWebScripts.shopItemsEarringsProductTypePageNavigationValidation(MLWalletWebScripts.java:49)
</failure>
    <system-out><![CDATA[2024-02-06 19:50:29,273 [main] INFO  binary_data_logger - ::::::::::Relaunching The App::::::::::
2024-02-06 19:50:34,735 [main] INFO  binary_data_logger - PlatForm :: Web
2024-02-06 19:50:34,736 [main] INFO  binary_data_logger - Running Test :: MLSHOP
2024-02-06 19:50:34,737 [main] INFO  binary_data_logger - Run Mode :: YES
2024-02-06 19:50:36,866 [main] INFO  binary_data_logger - :::::::::Test shopItemsEarringsProductTypePageNavigationValidation Started::::::::
]]></system-out>
    <system-err><![CDATA[Feb 06, 2024 7:50:34 PM io.github.bonigarcia.wdm.WebDriverManager resolveDriverVersion
INFO: Using chromedriver 121.0.6167.85 (resolved driver for Chrome 121)
Feb 06, 2024 7:50:34 PM io.github.bonigarcia.wdm.WebDriverManager exportDriver
INFO: Exporting webdriver.chrome.driver as C:\Users\MELG20229793\.cache\selenium\chromedriver\win64\121.0.6167.85\chromedriver.exe
Feb 06, 2024 7:50:34 PM io.github.bonigarcia.wdm.versions.VersionDetector getDriverVersionFromRepository
WARNING: Exception reading null to get version of chromedriver (For input string: "116.0.5845.97")
Feb 06, 2024 7:50:35 PM io.github.bonigarcia.wdm.online.HttpClient execute
SEVERE: Error HTTP 404 executing https://chromedriver.storage.googleapis.com/LATEST_RELEASE_116.0.5845.97
Feb 06, 2024 7:50:35 PM io.github.bonigarcia.wdm.versions.VersionDetector getDriverVersionFromRepository
WARNING: Exception reading https://chromedriver.storage.googleapis.com/LATEST_RELEASE_116.0.5845.97 to get latest version of chromedriver (Error HTTP 404 executing https://chromedriver.storage.googleapis.com/LATEST_RELEASE_116.0.5845.97)
Feb 06, 2024 7:50:35 PM io.github.bonigarcia.wdm.WebDriverManager exportDriver
INFO: Exporting webdriver.chrome.driver as C:\Users\MELG20229793\.cache\selenium\chromedriver\win64\121.0.6167.85\chromedriver.exe
Starting ChromeDriver 121.0.6167.85 (3f98d690ad7e59242ef110144c757b2ac4eef1a2-refs/branch-heads/6167@{#1539}) on port 60233
Only local connections are allowed.
Please see https://chromedriver.chromium.org/security-considerations for suggestions on keeping ChromeDriver safe.
ChromeDriver was started successfully.
Feb 06, 2024 7:50:36 PM org.openqa.selenium.remote.ProtocolHandshake createSession
INFO: Detected dialect: W3C
]]></system-err>
  </testcase>
  <testcase name="shopItemsWatchProductTypePageNavigationValidation" classname="com.mlshop.test.MLWalletWebScripts" time="45.061">
    <failure message="no such element: Unable to locate element: {&quot;method&quot;:&quot;xpath&quot;,&quot;selector&quot;:&quot;(//*[@class=&apos; flex flex-wrap justify-center gap-5 mt-5 pb-[50px]&apos;]/child::a/child::div)[1]&quot;}&#10;  (Session info: chrome-headless-shell=121.0.6167.140)&#10;For documentation on this error, please visit: https://www.seleniumhq.org/exceptions/no_such_element.html&#10;Build info: version: &apos;3.141.59&apos;, revision: &apos;e82be7d358&apos;, time: &apos;2018-11-14T08:17:03&apos;&#10;System info: host: &apos;HOTGQA008&apos;, ip: &apos;10.0.8.67&apos;, os.name: &apos;Windows 11&apos;, os.arch: &apos;amd64&apos;, os.version: &apos;10.0&apos;, java.version: &apos;17.0.7&apos;&#10;Driver info: org.openqa.selenium.chrome.ChromeDriver&#10;Capabilities {acceptInsecureCerts: false, browserName: chrome-headless-shell, browserVersion: 121.0.6167.140, chrome: {chromedriverVersion: 121.0.6167.85 (3f98d690ad7e..., userDataDir: C:\Users\MELG20~1\AppData\L...}, fedcm:accounts: true, goog:chromeOptions: {debuggerAddress: localhost:55911}, javascriptEnabled: true, networkConnectionEnabled: false, pageLoadStrategy: eager, platform: WINDOWS, platformName: WINDOWS, proxy: Proxy(), setWindowRect: true, strictFileInteractability: false, timeouts: {implicit: 0, pageLoad: 300000, script: 30000}, unhandledPromptBehavior: dismiss and notify, webauthn:extension:credBlob: true, webauthn:extension:largeBlob: true, webauthn:extension:minPinLength: true, webauthn:extension:prf: true, webauthn:virtualAuthenticators: true}&#10;Session ID: 467055fc186c6df4e4afc1b493ec6c36&#10;*** Element info: {Using=xpath, value=(//*[@class=&apos; flex flex-wrap justify-center gap-5 mt-5 pb-[50px]&apos;]/child::a/child::div)[1]}" type="org.openqa.selenium.NoSuchElementException">org.openqa.selenium.NoSuchElementException: 
no such element: Unable to locate element: {"method":"xpath","selector":"(//*[@class=' flex flex-wrap justify-center gap-5 mt-5 pb-[50px]']/child::a/child::div)[1]"}
  (Session info: chrome-headless-shell=121.0.6167.140)
For documentation on this error, please visit: https://www.seleniumhq.org/exceptions/no_such_element.html
Build info: version: '3.141.59', revision: 'e82be7d358', time: '2018-11-14T08:17:03'
System info: host: 'HOTGQA008', ip: '10.0.8.67', os.name: 'Windows 11', os.arch: 'amd64', os.version: '10.0', java.version: '17.0.7'
Driver info: org.openqa.selenium.chrome.ChromeDriver
Capabilities {acceptInsecureCerts: false, browserName: chrome-headless-shell, browserVersion: 121.0.6167.140, chrome: {chromedriverVersion: 121.0.6167.85 (3f98d690ad7e..., userDataDir: C:\Users\MELG20~1\AppData\L...}, fedcm:accounts: true, goog:chromeOptions: {debuggerAddress: localhost:55911}, javascriptEnabled: true, networkConnectionEnabled: false, pageLoadStrategy: eager, platform: WINDOWS, platformName: WINDOWS, proxy: Proxy(), setWindowRect: true, strictFileInteractability: false, timeouts: {implicit: 0, pageLoad: 300000, script: 30000}, unhandledPromptBehavior: dismiss and notify, webauthn:extension:credBlob: true, webauthn:extension:largeBlob: true, webauthn:extension:minPinLength: true, webauthn:extension:prf: true, webauthn:virtualAuthenticators: true}
Session ID: 467055fc186c6df4e4afc1b493ec6c36
*** Element info: {Using=xpath, value=(//*[@class=' flex flex-wrap justify-center gap-5 mt-5 pb-[50px]']/child::a/child::div)[1]}
	at com.mlshop.test.MLWalletWebScripts.shopItemsWatchProductTypePageNavigationValidation(MLWalletWebScripts.java:53)
</failure>
    <system-out><![CDATA[2024-02-06 19:51:21,893 [main] INFO  binary_data_logger - ::::::::::Relaunching The App::::::::::
2024-02-06 19:51:27,368 [main] INFO  binary_data_logger - PlatForm :: Web
2024-02-06 19:51:27,369 [main] INFO  binary_data_logger - Running Test :: MLSHOP
2024-02-06 19:51:27,369 [main] INFO  binary_data_logger - Run Mode :: YES
2024-02-06 19:51:29,799 [main] INFO  binary_data_logger - :::::::::Test shopItemsWatchProductTypePageNavigationValidation Started::::::::
]]></system-out>
    <system-err><![CDATA[Feb 06, 2024 7:51:27 PM io.github.bonigarcia.wdm.WebDriverManager resolveDriverVersion
INFO: Using chromedriver 121.0.6167.85 (resolved driver for Chrome 121)
Feb 06, 2024 7:51:27 PM io.github.bonigarcia.wdm.WebDriverManager exportDriver
INFO: Exporting webdriver.chrome.driver as C:\Users\MELG20229793\.cache\selenium\chromedriver\win64\121.0.6167.85\chromedriver.exe
Feb 06, 2024 7:51:27 PM io.github.bonigarcia.wdm.versions.VersionDetector getDriverVersionFromRepository
WARNING: Exception reading null to get version of chromedriver (For input string: "116.0.5845.97")
Feb 06, 2024 7:51:27 PM io.github.bonigarcia.wdm.online.HttpClient execute
SEVERE: Error HTTP 404 executing https://chromedriver.storage.googleapis.com/LATEST_RELEASE_116.0.5845.97
Feb 06, 2024 7:51:27 PM io.github.bonigarcia.wdm.versions.VersionDetector getDriverVersionFromRepository
WARNING: Exception reading https://chromedriver.storage.googleapis.com/LATEST_RELEASE_116.0.5845.97 to get latest version of chromedriver (Error HTTP 404 executing https://chromedriver.storage.googleapis.com/LATEST_RELEASE_116.0.5845.97)
Feb 06, 2024 7:51:28 PM io.github.bonigarcia.wdm.WebDriverManager exportDriver
INFO: Exporting webdriver.chrome.driver as C:\Users\MELG20229793\.cache\selenium\chromedriver\win64\121.0.6167.85\chromedriver.exe
Starting ChromeDriver 121.0.6167.85 (3f98d690ad7e59242ef110144c757b2ac4eef1a2-refs/branch-heads/6167@{#1539}) on port 60945
Only local connections are allowed.
Please see https://chromedriver.chromium.org/security-considerations for suggestions on keeping ChromeDriver safe.
ChromeDriver was started successfully.
Feb 06, 2024 7:51:29 PM org.openqa.selenium.remote.ProtocolHandshake createSession
INFO: Detected dialect: W3C
]]></system-err>
  </testcase>
  <testcase name="shopItemsAddedItemInCartDeletedPopupValidationYesButton" classname="com.mlshop.test.MLWalletWebScripts" time="94.698">
    <failure message="no such element: Unable to locate element: {&quot;method&quot;:&quot;xpath&quot;,&quot;selector&quot;:&quot;//*[contains(text(),&apos;Rings&apos;)]&quot;}&#10;  (Session info: chrome-headless-shell=121.0.6167.140)&#10;For documentation on this error, please visit: https://www.seleniumhq.org/exceptions/no_such_element.html&#10;Build info: version: &apos;3.141.59&apos;, revision: &apos;e82be7d358&apos;, time: &apos;2018-11-14T08:17:03&apos;&#10;System info: host: &apos;HOTGQA008&apos;, ip: &apos;10.0.8.67&apos;, os.name: &apos;Windows 11&apos;, os.arch: &apos;amd64&apos;, os.version: &apos;10.0&apos;, java.version: &apos;17.0.7&apos;&#10;Driver info: org.openqa.selenium.chrome.ChromeDriver&#10;Capabilities {acceptInsecureCerts: false, browserName: chrome-headless-shell, browserVersion: 121.0.6167.140, chrome: {chromedriverVersion: 121.0.6167.85 (3f98d690ad7e..., userDataDir: C:\Users\MELG20~1\AppData\L...}, fedcm:accounts: true, goog:chromeOptions: {debuggerAddress: localhost:56006}, javascriptEnabled: true, networkConnectionEnabled: false, pageLoadStrategy: eager, platform: WINDOWS, platformName: WINDOWS, proxy: Proxy(), setWindowRect: true, strictFileInteractability: false, timeouts: {implicit: 0, pageLoad: 300000, script: 30000}, unhandledPromptBehavior: dismiss and notify, webauthn:extension:credBlob: true, webauthn:extension:largeBlob: true, webauthn:extension:minPinLength: true, webauthn:extension:prf: true, webauthn:virtualAuthenticators: true}&#10;Session ID: 9a6e2b8021a4b6665270b2cdf232eadb&#10;*** Element info: {Using=xpath, value=//*[contains(text(),&apos;Rings&apos;)]}" type="org.openqa.selenium.NoSuchElementException">org.openqa.selenium.NoSuchElementException: 
no such element: Unable to locate element: {"method":"xpath","selector":"//*[contains(text(),'Rings')]"}
  (Session info: chrome-headless-shell=121.0.6167.140)
For documentation on this error, please visit: https://www.seleniumhq.org/exceptions/no_such_element.html
Build info: version: '3.141.59', revision: 'e82be7d358', time: '2018-11-14T08:17:03'
System info: host: 'HOTGQA008', ip: '10.0.8.67', os.name: 'Windows 11', os.arch: 'amd64', os.version: '10.0', java.version: '17.0.7'
Driver info: org.openqa.selenium.chrome.ChromeDriver
Capabilities {acceptInsecureCerts: false, browserName: chrome-headless-shell, browserVersion: 121.0.6167.140, chrome: {chromedriverVersion: 121.0.6167.85 (3f98d690ad7e..., userDataDir: C:\Users\MELG20~1\AppData\L...}, fedcm:accounts: true, goog:chromeOptions: {debuggerAddress: localhost:56006}, javascriptEnabled: true, networkConnectionEnabled: false, pageLoadStrategy: eager, platform: WINDOWS, platformName: WINDOWS, proxy: Proxy(), setWindowRect: true, strictFileInteractability: false, timeouts: {implicit: 0, pageLoad: 300000, script: 30000}, unhandledPromptBehavior: dismiss and notify, webauthn:extension:credBlob: true, webauthn:extension:largeBlob: true, webauthn:extension:minPinLength: true, webauthn:extension:prf: true, webauthn:virtualAuthenticators: true}
Session ID: 9a6e2b8021a4b6665270b2cdf232eadb
*** Element info: {Using=xpath, value=//*[contains(text(),'Rings')]}
	at com.mlshop.test.MLWalletWebScripts.shopItemsAddedItemInCartDeletedPopupValidationYesButton(MLWalletWebScripts.java:68)
</failure>
    <system-out><![CDATA[2024-02-06 19:52:14,859 [main] INFO  binary_data_logger - ::::::::::Relaunching The App::::::::::
2024-02-06 19:52:20,344 [main] INFO  binary_data_logger - PlatForm :: Web
2024-02-06 19:52:20,345 [main] INFO  binary_data_logger - Running Test :: MLSHOP
2024-02-06 19:52:20,345 [main] INFO  binary_data_logger - Run Mode :: YES
2024-02-06 19:52:22,632 [main] INFO  binary_data_logger - :::::::::Test shopItemsAddedItemInCartDeletedPopupValidationYesButton Started::::::::
2024-02-06 19:52:37,686 [main] INFO  binary_data_logger - Profile Icon is displayed
2024-02-06 19:52:37,865 [main] INFO  binary_data_logger - Clicked on Profile Icon
2024-02-06 19:52:37,924 [main] INFO  binary_data_logger - Clicked on Mobile Number input field
2024-02-06 19:52:42,953 [main] INFO  binary_data_logger - Typed the value 09999999912 into Mobile Number Input field
2024-02-06 19:52:48,005 [main] INFO  binary_data_logger - Clicked on Get OTP Button
2024-02-06 19:52:52,005 [main] INFO  binary_data_logger - One Time Pin popup is displayed
2024-02-06 19:52:52,040 [main] INFO  binary_data_logger - Typed the value 111111 into ONe Time Pin Input field
2024-02-06 19:53:22,047 [main] INFO  binary_data_logger - Successfully login popup is not displayed
2024-02-06 19:53:22,121 [main] INFO  binary_data_logger - RP_MESSAGE#FILE#C:\Users\MELG20~1\AppData\Local\Temp\screenshot659760592396880712.png#Attachment
2024-02-06 19:53:27,156 [main] INFO  binary_data_logger - Okay Button is displayed
2024-02-06 19:53:27,309 [main] INFO  binary_data_logger - Clicked on Okay Button
]]></system-out>
    <system-err><![CDATA[Feb 06, 2024 7:52:20 PM io.github.bonigarcia.wdm.WebDriverManager resolveDriverVersion
INFO: Using chromedriver 121.0.6167.85 (resolved driver for Chrome 121)
Feb 06, 2024 7:52:20 PM io.github.bonigarcia.wdm.WebDriverManager exportDriver
INFO: Exporting webdriver.chrome.driver as C:\Users\MELG20229793\.cache\selenium\chromedriver\win64\121.0.6167.85\chromedriver.exe
Feb 06, 2024 7:52:20 PM io.github.bonigarcia.wdm.versions.VersionDetector getDriverVersionFromRepository
WARNING: Exception reading null to get version of chromedriver (For input string: "116.0.5845.97")
Feb 06, 2024 7:52:20 PM io.github.bonigarcia.wdm.online.HttpClient execute
SEVERE: Error HTTP 404 executing https://chromedriver.storage.googleapis.com/LATEST_RELEASE_116.0.5845.97
Feb 06, 2024 7:52:20 PM io.github.bonigarcia.wdm.versions.VersionDetector getDriverVersionFromRepository
WARNING: Exception reading https://chromedriver.storage.googleapis.com/LATEST_RELEASE_116.0.5845.97 to get latest version of chromedriver (Error HTTP 404 executing https://chromedriver.storage.googleapis.com/LATEST_RELEASE_116.0.5845.97)
Feb 06, 2024 7:52:20 PM io.github.bonigarcia.wdm.WebDriverManager exportDriver
INFO: Exporting webdriver.chrome.driver as C:\Users\MELG20229793\.cache\selenium\chromedriver\win64\121.0.6167.85\chromedriver.exe
Starting ChromeDriver 121.0.6167.85 (3f98d690ad7e59242ef110144c757b2ac4eef1a2-refs/branch-heads/6167@{#1539}) on port 9409
Only local connections are allowed.
Please see https://chromedriver.chromium.org/security-considerations for suggestions on keeping ChromeDriver safe.
ChromeDriver was started successfully.
Feb 06, 2024 7:52:21 PM org.openqa.selenium.remote.ProtocolHandshake createSession
INFO: Detected dialect: W3C
]]></system-err>
  </testcase>
  <testcase name="shopItemsAddedItemInCartDeletedPopupValidationCancelButton" classname="com.mlshop.test.MLWalletWebScripts" time="93.485">
    <failure message="no such element: Unable to locate element: {&quot;method&quot;:&quot;xpath&quot;,&quot;selector&quot;:&quot;//*[contains(text(),&apos;Rings&apos;)]&quot;}&#10;  (Session info: chrome-headless-shell=121.0.6167.140)&#10;For documentation on this error, please visit: https://www.seleniumhq.org/exceptions/no_such_element.html&#10;Build info: version: &apos;3.141.59&apos;, revision: &apos;e82be7d358&apos;, time: &apos;2018-11-14T08:17:03&apos;&#10;System info: host: &apos;HOTGQA008&apos;, ip: &apos;10.0.8.67&apos;, os.name: &apos;Windows 11&apos;, os.arch: &apos;amd64&apos;, os.version: &apos;10.0&apos;, java.version: &apos;17.0.7&apos;&#10;Driver info: org.openqa.selenium.chrome.ChromeDriver&#10;Capabilities {acceptInsecureCerts: false, browserName: chrome-headless-shell, browserVersion: 121.0.6167.140, chrome: {chromedriverVersion: 121.0.6167.85 (3f98d690ad7e..., userDataDir: C:\Users\MELG20~1\AppData\L...}, fedcm:accounts: true, goog:chromeOptions: {debuggerAddress: localhost:56141}, javascriptEnabled: true, networkConnectionEnabled: false, pageLoadStrategy: eager, platform: WINDOWS, platformName: WINDOWS, proxy: Proxy(), setWindowRect: true, strictFileInteractability: false, timeouts: {implicit: 0, pageLoad: 300000, script: 30000}, unhandledPromptBehavior: dismiss and notify, webauthn:extension:credBlob: true, webauthn:extension:largeBlob: true, webauthn:extension:minPinLength: true, webauthn:extension:prf: true, webauthn:virtualAuthenticators: true}&#10;Session ID: a172938f72b428a995a4fd82d6e03ff4&#10;*** Element info: {Using=xpath, value=//*[contains(text(),&apos;Rings&apos;)]}" type="org.openqa.selenium.NoSuchElementException">org.openqa.selenium.NoSuchElementException: 
no such element: Unable to locate element: {"method":"xpath","selector":"//*[contains(text(),'Rings')]"}
  (Session info: chrome-headless-shell=121.0.6167.140)
For documentation on this error, please visit: https://www.seleniumhq.org/exceptions/no_such_element.html
Build info: version: '3.141.59', revision: 'e82be7d358', time: '2018-11-14T08:17:03'
System info: host: 'HOTGQA008', ip: '10.0.8.67', os.name: 'Windows 11', os.arch: 'amd64', os.version: '10.0', java.version: '17.0.7'
Driver info: org.openqa.selenium.chrome.ChromeDriver
Capabilities {acceptInsecureCerts: false, browserName: chrome-headless-shell, browserVersion: 121.0.6167.140, chrome: {chromedriverVersion: 121.0.6167.85 (3f98d690ad7e..., userDataDir: C:\Users\MELG20~1\AppData\L...}, fedcm:accounts: true, goog:chromeOptions: {debuggerAddress: localhost:56141}, javascriptEnabled: true, networkConnectionEnabled: false, pageLoadStrategy: eager, platform: WINDOWS, platformName: WINDOWS, proxy: Proxy(), setWindowRect: true, strictFileInteractability: false, timeouts: {implicit: 0, pageLoad: 300000, script: 30000}, unhandledPromptBehavior: dismiss and notify, webauthn:extension:credBlob: true, webauthn:extension:largeBlob: true, webauthn:extension:minPinLength: true, webauthn:extension:prf: true, webauthn:virtualAuthenticators: true}
Session ID: a172938f72b428a995a4fd82d6e03ff4
*** Element info: {Using=xpath, value=//*[contains(text(),'Rings')]}
	at com.mlshop.test.MLWalletWebScripts.shopItemsAddedItemInCartDeletedPopupValidationCancelButton(MLWalletWebScripts.java:74)
</failure>
    <system-out><![CDATA[2024-02-06 19:53:57,330 [main] INFO  binary_data_logger - ::::::::::Relaunching The App::::::::::
2024-02-06 19:54:02,838 [main] INFO  binary_data_logger - PlatForm :: Web
2024-02-06 19:54:02,839 [main] INFO  binary_data_logger - Running Test :: MLSHOP
2024-02-06 19:54:02,839 [main] INFO  binary_data_logger - Run Mode :: YES
2024-02-06 19:54:04,877 [main] INFO  binary_data_logger - :::::::::Test shopItemsAddedItemInCartDeletedPopupValidationCancelButton Started::::::::
2024-02-06 19:54:19,933 [main] INFO  binary_data_logger - Profile Icon is displayed
2024-02-06 19:54:20,111 [main] INFO  binary_data_logger - Clicked on Profile Icon
2024-02-06 19:54:20,174 [main] INFO  binary_data_logger - Clicked on Mobile Number input field
2024-02-06 19:54:25,204 [main] INFO  binary_data_logger - Typed the value 09999999912 into Mobile Number Input field
2024-02-06 19:54:30,275 [main] INFO  binary_data_logger - Clicked on Get OTP Button
2024-02-06 19:54:32,973 [main] INFO  binary_data_logger - One Time Pin popup is displayed
2024-02-06 19:54:32,996 [main] INFO  binary_data_logger - Typed the value 111111 into ONe Time Pin Input field
2024-02-06 19:55:03,011 [main] INFO  binary_data_logger - Successfully login popup is not displayed
2024-02-06 19:55:03,086 [main] INFO  binary_data_logger - RP_MESSAGE#FILE#C:\Users\MELG20~1\AppData\Local\Temp\screenshot2157851790655018724.png#Attachment
2024-02-06 19:55:08,142 [main] INFO  binary_data_logger - Okay Button is displayed
2024-02-06 19:55:08,327 [main] INFO  binary_data_logger - Clicked on Okay Button
]]></system-out>
    <system-err><![CDATA[Feb 06, 2024 7:54:02 PM io.github.bonigarcia.wdm.WebDriverManager resolveDriverVersion
INFO: Using chromedriver 121.0.6167.85 (resolved driver for Chrome 121)
Feb 06, 2024 7:54:02 PM io.github.bonigarcia.wdm.WebDriverManager exportDriver
INFO: Exporting webdriver.chrome.driver as C:\Users\MELG20229793\.cache\selenium\chromedriver\win64\121.0.6167.85\chromedriver.exe
Feb 06, 2024 7:54:02 PM io.github.bonigarcia.wdm.versions.VersionDetector getDriverVersionFromRepository
WARNING: Exception reading null to get version of chromedriver (For input string: "116.0.5845.97")
Feb 06, 2024 7:54:03 PM io.github.bonigarcia.wdm.online.HttpClient execute
SEVERE: Error HTTP 404 executing https://chromedriver.storage.googleapis.com/LATEST_RELEASE_116.0.5845.97
Feb 06, 2024 7:54:03 PM io.github.bonigarcia.wdm.versions.VersionDetector getDriverVersionFromRepository
WARNING: Exception reading https://chromedriver.storage.googleapis.com/LATEST_RELEASE_116.0.5845.97 to get latest version of chromedriver (Error HTTP 404 executing https://chromedriver.storage.googleapis.com/LATEST_RELEASE_116.0.5845.97)
Feb 06, 2024 7:54:03 PM io.github.bonigarcia.wdm.WebDriverManager exportDriver
INFO: Exporting webdriver.chrome.driver as C:\Users\MELG20229793\.cache\selenium\chromedriver\win64\121.0.6167.85\chromedriver.exe
Starting ChromeDriver 121.0.6167.85 (3f98d690ad7e59242ef110144c757b2ac4eef1a2-refs/branch-heads/6167@{#1539}) on port 5224
Only local connections are allowed.
Please see https://chromedriver.chromium.org/security-considerations for suggestions on keeping ChromeDriver safe.
ChromeDriver was started successfully.
Feb 06, 2024 7:54:04 PM org.openqa.selenium.remote.ProtocolHandshake createSession
INFO: Detected dialect: W3C
]]></system-err>
  </testcase>
  <testcase name="shopItemsRedirectToPayMongoPageGrabPayValidation_SI_TC_225" classname="com.mlshop.test.MLWalletWebScripts" time="93.66">
    <failure message="no such element: Unable to locate element: {&quot;method&quot;:&quot;xpath&quot;,&quot;selector&quot;:&quot;//*[contains(text(),&apos;Rings&apos;)]&quot;}&#10;  (Session info: chrome-headless-shell=121.0.6167.140)&#10;For documentation on this error, please visit: https://www.seleniumhq.org/exceptions/no_such_element.html&#10;Build info: version: &apos;3.141.59&apos;, revision: &apos;e82be7d358&apos;, time: &apos;2018-11-14T08:17:03&apos;&#10;System info: host: &apos;HOTGQA008&apos;, ip: &apos;10.0.8.67&apos;, os.name: &apos;Windows 11&apos;, os.arch: &apos;amd64&apos;, os.version: &apos;10.0&apos;, java.version: &apos;17.0.7&apos;&#10;Driver info: org.openqa.selenium.chrome.ChromeDriver&#10;Capabilities {acceptInsecureCerts: false, browserName: chrome-headless-shell, browserVersion: 121.0.6167.140, chrome: {chromedriverVersion: 121.0.6167.85 (3f98d690ad7e..., userDataDir: C:\Users\MELG20~1\AppData\L...}, fedcm:accounts: true, goog:chromeOptions: {debuggerAddress: localhost:56289}, javascriptEnabled: true, networkConnectionEnabled: false, pageLoadStrategy: eager, platform: WINDOWS, platformName: WINDOWS, proxy: Proxy(), setWindowRect: true, strictFileInteractability: false, timeouts: {implicit: 0, pageLoad: 300000, script: 30000}, unhandledPromptBehavior: dismiss and notify, webauthn:extension:credBlob: true, webauthn:extension:largeBlob: true, webauthn:extension:minPinLength: true, webauthn:extension:prf: true, webauthn:virtualAuthenticators: true}&#10;Session ID: c6d75ae73bde505073852d0ec3bfea01&#10;*** Element info: {Using=xpath, value=//*[contains(text(),&apos;Rings&apos;)]}" type="org.openqa.selenium.NoSuchElementException">org.openqa.selenium.NoSuchElementException: 
no such element: Unable to locate element: {"method":"xpath","selector":"//*[contains(text(),'Rings')]"}
  (Session info: chrome-headless-shell=121.0.6167.140)
For documentation on this error, please visit: https://www.seleniumhq.org/exceptions/no_such_element.html
Build info: version: '3.141.59', revision: 'e82be7d358', time: '2018-11-14T08:17:03'
System info: host: 'HOTGQA008', ip: '10.0.8.67', os.name: 'Windows 11', os.arch: 'amd64', os.version: '10.0', java.version: '17.0.7'
Driver info: org.openqa.selenium.chrome.ChromeDriver
Capabilities {acceptInsecureCerts: false, browserName: chrome-headless-shell, browserVersion: 121.0.6167.140, chrome: {chromedriverVersion: 121.0.6167.85 (3f98d690ad7e..., userDataDir: C:\Users\MELG20~1\AppData\L...}, fedcm:accounts: true, goog:chromeOptions: {debuggerAddress: localhost:56289}, javascriptEnabled: true, networkConnectionEnabled: false, pageLoadStrategy: eager, platform: WINDOWS, platformName: WINDOWS, proxy: Proxy(), setWindowRect: true, strictFileInteractability: false, timeouts: {implicit: 0, pageLoad: 300000, script: 30000}, unhandledPromptBehavior: dismiss and notify, webauthn:extension:credBlob: true, webauthn:extension:largeBlob: true, webauthn:extension:minPinLength: true, webauthn:extension:prf: true, webauthn:virtualAuthenticators: true}
Session ID: c6d75ae73bde505073852d0ec3bfea01
*** Element info: {Using=xpath, value=//*[contains(text(),'Rings')]}
	at com.mlshop.test.MLWalletWebScripts.shopItemsRedirectToPayMongoPageGrabPayValidation_SI_TC_225(MLWalletWebScripts.java:80)
</failure>
    <system-out><![CDATA[2024-02-06 19:55:38,362 [main] INFO  binary_data_logger - ::::::::::Relaunching The App::::::::::
2024-02-06 19:55:43,857 [main] INFO  binary_data_logger - PlatForm :: Web
2024-02-06 19:55:43,859 [main] INFO  binary_data_logger - Running Test :: MLSHOP
2024-02-06 19:55:43,859 [main] INFO  binary_data_logger - Run Mode :: YES
2024-02-06 19:55:45,940 [main] INFO  binary_data_logger - :::::::::Test shopItemsRedirectToPayMongoPageGrabPayValidation_SI_TC_225 Started::::::::
2024-02-06 19:56:01,024 [main] INFO  binary_data_logger - Profile Icon is displayed
2024-02-06 19:56:01,216 [main] INFO  binary_data_logger - Clicked on Profile Icon
2024-02-06 19:56:01,277 [main] INFO  binary_data_logger - Clicked on Mobile Number input field
2024-02-06 19:56:06,310 [main] INFO  binary_data_logger - Typed the value 09999999912 into Mobile Number Input field
2024-02-06 19:56:11,376 [main] INFO  binary_data_logger - Clicked on Get OTP Button
2024-02-06 19:56:14,270 [main] INFO  binary_data_logger - One Time Pin popup is displayed
2024-02-06 19:56:14,290 [main] INFO  binary_data_logger - Typed the value 111111 into ONe Time Pin Input field
2024-02-06 19:56:44,302 [main] INFO  binary_data_logger - Successfully login popup is not displayed
2024-02-06 19:56:44,377 [main] INFO  binary_data_logger - RP_MESSAGE#FILE#C:\Users\MELG20~1\AppData\Local\Temp\screenshot14882976764641310098.png#Attachment
2024-02-06 19:56:49,412 [main] INFO  binary_data_logger - Okay Button is displayed
2024-02-06 19:56:49,563 [main] INFO  binary_data_logger - Clicked on Okay Button
]]></system-out>
    <system-err><![CDATA[Feb 06, 2024 7:55:43 PM io.github.bonigarcia.wdm.WebDriverManager resolveDriverVersion
INFO: Using chromedriver 121.0.6167.85 (resolved driver for Chrome 121)
Feb 06, 2024 7:55:43 PM io.github.bonigarcia.wdm.WebDriverManager exportDriver
INFO: Exporting webdriver.chrome.driver as C:\Users\MELG20229793\.cache\selenium\chromedriver\win64\121.0.6167.85\chromedriver.exe
Feb 06, 2024 7:55:43 PM io.github.bonigarcia.wdm.versions.VersionDetector getDriverVersionFromRepository
WARNING: Exception reading null to get version of chromedriver (For input string: "116.0.5845.97")
Feb 06, 2024 7:55:44 PM io.github.bonigarcia.wdm.online.HttpClient execute
SEVERE: Error HTTP 404 executing https://chromedriver.storage.googleapis.com/LATEST_RELEASE_116.0.5845.97
Feb 06, 2024 7:55:44 PM io.github.bonigarcia.wdm.versions.VersionDetector getDriverVersionFromRepository
WARNING: Exception reading https://chromedriver.storage.googleapis.com/LATEST_RELEASE_116.0.5845.97 to get latest version of chromedriver (Error HTTP 404 executing https://chromedriver.storage.googleapis.com/LATEST_RELEASE_116.0.5845.97)
Feb 06, 2024 7:55:44 PM io.github.bonigarcia.wdm.WebDriverManager exportDriver
INFO: Exporting webdriver.chrome.driver as C:\Users\MELG20229793\.cache\selenium\chromedriver\win64\121.0.6167.85\chromedriver.exe
Starting ChromeDriver 121.0.6167.85 (3f98d690ad7e59242ef110144c757b2ac4eef1a2-refs/branch-heads/6167@{#1539}) on port 48670
Only local connections are allowed.
Please see https://chromedriver.chromium.org/security-considerations for suggestions on keeping ChromeDriver safe.
ChromeDriver was started successfully.
Feb 06, 2024 7:55:45 PM org.openqa.selenium.remote.ProtocolHandshake createSession
INFO: Detected dialect: W3C
]]></system-err>
  </testcase>
  <testcase name="shopItemsRedirectToPayMongoPageGcashValidation_SI_TC_226" classname="com.mlshop.test.MLWalletWebScripts" time="94.021">
    <failure message="no such element: Unable to locate element: {&quot;method&quot;:&quot;xpath&quot;,&quot;selector&quot;:&quot;//*[contains(text(),&apos;Rings&apos;)]&quot;}&#10;  (Session info: chrome-headless-shell=121.0.6167.140)&#10;For documentation on this error, please visit: https://www.seleniumhq.org/exceptions/no_such_element.html&#10;Build info: version: &apos;3.141.59&apos;, revision: &apos;e82be7d358&apos;, time: &apos;2018-11-14T08:17:03&apos;&#10;System info: host: &apos;HOTGQA008&apos;, ip: &apos;10.0.8.67&apos;, os.name: &apos;Windows 11&apos;, os.arch: &apos;amd64&apos;, os.version: &apos;10.0&apos;, java.version: &apos;17.0.7&apos;&#10;Driver info: org.openqa.selenium.chrome.ChromeDriver&#10;Capabilities {acceptInsecureCerts: false, browserName: chrome-headless-shell, browserVersion: 121.0.6167.140, chrome: {chromedriverVersion: 121.0.6167.85 (3f98d690ad7e..., userDataDir: C:\Users\MELG20~1\AppData\L...}, fedcm:accounts: true, goog:chromeOptions: {debuggerAddress: localhost:56452}, javascriptEnabled: true, networkConnectionEnabled: false, pageLoadStrategy: eager, platform: WINDOWS, platformName: WINDOWS, proxy: Proxy(), setWindowRect: true, strictFileInteractability: false, timeouts: {implicit: 0, pageLoad: 300000, script: 30000}, unhandledPromptBehavior: dismiss and notify, webauthn:extension:credBlob: true, webauthn:extension:largeBlob: true, webauthn:extension:minPinLength: true, webauthn:extension:prf: true, webauthn:virtualAuthenticators: true}&#10;Session ID: 57959712cece7a79e3372e83943f8e41&#10;*** Element info: {Using=xpath, value=//*[contains(text(),&apos;Rings&apos;)]}" type="org.openqa.selenium.NoSuchElementException">org.openqa.selenium.NoSuchElementException: 
no such element: Unable to locate element: {"method":"xpath","selector":"//*[contains(text(),'Rings')]"}
  (Session info: chrome-headless-shell=121.0.6167.140)
For documentation on this error, please visit: https://www.seleniumhq.org/exceptions/no_such_element.html
Build info: version: '3.141.59', revision: 'e82be7d358', time: '2018-11-14T08:17:03'
System info: host: 'HOTGQA008', ip: '10.0.8.67', os.name: 'Windows 11', os.arch: 'amd64', os.version: '10.0', java.version: '17.0.7'
Driver info: org.openqa.selenium.chrome.ChromeDriver
Capabilities {acceptInsecureCerts: false, browserName: chrome-headless-shell, browserVersion: 121.0.6167.140, chrome: {chromedriverVersion: 121.0.6167.85 (3f98d690ad7e..., userDataDir: C:\Users\MELG20~1\AppData\L...}, fedcm:accounts: true, goog:chromeOptions: {debuggerAddress: localhost:56452}, javascriptEnabled: true, networkConnectionEnabled: false, pageLoadStrategy: eager, platform: WINDOWS, platformName: WINDOWS, proxy: Proxy(), setWindowRect: true, strictFileInteractability: false, timeouts: {implicit: 0, pageLoad: 300000, script: 30000}, unhandledPromptBehavior: dismiss and notify, webauthn:extension:credBlob: true, webauthn:extension:largeBlob: true, webauthn:extension:minPinLength: true, webauthn:extension:prf: true, webauthn:virtualAuthenticators: true}
Session ID: 57959712cece7a79e3372e83943f8e41
*** Element info: {Using=xpath, value=//*[contains(text(),'Rings')]}
	at com.mlshop.test.MLWalletWebScripts.shopItemsRedirectToPayMongoPageGcashValidation_SI_TC_226(MLWalletWebScripts.java:86)
</failure>
    <system-out><![CDATA[2024-02-06 19:57:19,600 [main] INFO  binary_data_logger - ::::::::::Relaunching The App::::::::::
2024-02-06 19:57:25,087 [main] INFO  binary_data_logger - PlatForm :: Web
2024-02-06 19:57:25,087 [main] INFO  binary_data_logger - Running Test :: MLSHOP
2024-02-06 19:57:25,087 [main] INFO  binary_data_logger - Run Mode :: YES
2024-02-06 19:57:27,799 [main] INFO  binary_data_logger - :::::::::Test shopItemsRedirectToPayMongoPageGcashValidation_SI_TC_226 Started::::::::
2024-02-06 19:57:42,856 [main] INFO  binary_data_logger - Profile Icon is displayed
2024-02-06 19:57:43,033 [main] INFO  binary_data_logger - Clicked on Profile Icon
2024-02-06 19:57:43,089 [main] INFO  binary_data_logger - Clicked on Mobile Number input field
2024-02-06 19:57:48,123 [main] INFO  binary_data_logger - Typed the value 09999999912 into Mobile Number Input field
2024-02-06 19:57:53,177 [main] INFO  binary_data_logger - Clicked on Get OTP Button
2024-02-06 19:57:56,448 [main] INFO  binary_data_logger - One Time Pin popup is displayed
2024-02-06 19:57:56,471 [main] INFO  binary_data_logger - Typed the value 111111 into ONe Time Pin Input field
2024-02-06 19:58:26,504 [main] INFO  binary_data_logger - Successfully login popup is not displayed
2024-02-06 19:58:26,575 [main] INFO  binary_data_logger - RP_MESSAGE#FILE#C:\Users\MELG20~1\AppData\Local\Temp\screenshot1284868552489558919.png#Attachment
2024-02-06 19:58:31,612 [main] INFO  binary_data_logger - Okay Button is displayed
2024-02-06 19:58:31,796 [main] INFO  binary_data_logger - Clicked on Okay Button
]]></system-out>
    <system-err><![CDATA[Feb 06, 2024 7:57:25 PM io.github.bonigarcia.wdm.WebDriverManager resolveDriverVersion
INFO: Using chromedriver 121.0.6167.85 (resolved driver for Chrome 121)
Feb 06, 2024 7:57:25 PM io.github.bonigarcia.wdm.WebDriverManager exportDriver
INFO: Exporting webdriver.chrome.driver as C:\Users\MELG20229793\.cache\selenium\chromedriver\win64\121.0.6167.85\chromedriver.exe
Feb 06, 2024 7:57:25 PM io.github.bonigarcia.wdm.versions.VersionDetector getDriverVersionFromRepository
WARNING: Exception reading null to get version of chromedriver (For input string: "116.0.5845.97")
Feb 06, 2024 7:57:25 PM io.github.bonigarcia.wdm.online.HttpClient execute
SEVERE: Error HTTP 404 executing https://chromedriver.storage.googleapis.com/LATEST_RELEASE_116.0.5845.97
Feb 06, 2024 7:57:25 PM io.github.bonigarcia.wdm.versions.VersionDetector getDriverVersionFromRepository
WARNING: Exception reading https://chromedriver.storage.googleapis.com/LATEST_RELEASE_116.0.5845.97 to get latest version of chromedriver (Error HTTP 404 executing https://chromedriver.storage.googleapis.com/LATEST_RELEASE_116.0.5845.97)
Feb 06, 2024 7:57:26 PM io.github.bonigarcia.wdm.WebDriverManager exportDriver
INFO: Exporting webdriver.chrome.driver as C:\Users\MELG20229793\.cache\selenium\chromedriver\win64\121.0.6167.85\chromedriver.exe
Starting ChromeDriver 121.0.6167.85 (3f98d690ad7e59242ef110144c757b2ac4eef1a2-refs/branch-heads/6167@{#1539}) on port 60652
Only local connections are allowed.
Please see https://chromedriver.chromium.org/security-considerations for suggestions on keeping ChromeDriver safe.
ChromeDriver was started successfully.
Feb 06, 2024 7:57:26 PM org.openqa.selenium.remote.ProtocolHandshake createSession
INFO: Detected dialect: W3C
]]></system-err>
  </testcase>
  <testcase name="shopItemsRedirectToPayMongoPagePayMayaValidation_SI_TC_227" classname="com.mlshop.test.MLWalletWebScripts" time="93.775">
    <failure message="no such element: Unable to locate element: {&quot;method&quot;:&quot;xpath&quot;,&quot;selector&quot;:&quot;//*[contains(text(),&apos;Rings&apos;)]&quot;}&#10;  (Session info: chrome-headless-shell=121.0.6167.140)&#10;For documentation on this error, please visit: https://www.seleniumhq.org/exceptions/no_such_element.html&#10;Build info: version: &apos;3.141.59&apos;, revision: &apos;e82be7d358&apos;, time: &apos;2018-11-14T08:17:03&apos;&#10;System info: host: &apos;HOTGQA008&apos;, ip: &apos;10.0.8.67&apos;, os.name: &apos;Windows 11&apos;, os.arch: &apos;amd64&apos;, os.version: &apos;10.0&apos;, java.version: &apos;17.0.7&apos;&#10;Driver info: org.openqa.selenium.chrome.ChromeDriver&#10;Capabilities {acceptInsecureCerts: false, browserName: chrome-headless-shell, browserVersion: 121.0.6167.140, chrome: {chromedriverVersion: 121.0.6167.85 (3f98d690ad7e..., userDataDir: C:\Users\MELG20~1\AppData\L...}, fedcm:accounts: true, goog:chromeOptions: {debuggerAddress: localhost:56596}, javascriptEnabled: true, networkConnectionEnabled: false, pageLoadStrategy: eager, platform: WINDOWS, platformName: WINDOWS, proxy: Proxy(), setWindowRect: true, strictFileInteractability: false, timeouts: {implicit: 0, pageLoad: 300000, script: 30000}, unhandledPromptBehavior: dismiss and notify, webauthn:extension:credBlob: true, webauthn:extension:largeBlob: true, webauthn:extension:minPinLength: true, webauthn:extension:prf: true, webauthn:virtualAuthenticators: true}&#10;Session ID: fec2eb80f572097b503156c84da467ed&#10;*** Element info: {Using=xpath, value=//*[contains(text(),&apos;Rings&apos;)]}" type="org.openqa.selenium.NoSuchElementException">org.openqa.selenium.NoSuchElementException: 
no such element: Unable to locate element: {"method":"xpath","selector":"//*[contains(text(),'Rings')]"}
  (Session info: chrome-headless-shell=121.0.6167.140)
For documentation on this error, please visit: https://www.seleniumhq.org/exceptions/no_such_element.html
Build info: version: '3.141.59', revision: 'e82be7d358', time: '2018-11-14T08:17:03'
System info: host: 'HOTGQA008', ip: '10.0.8.67', os.name: 'Windows 11', os.arch: 'amd64', os.version: '10.0', java.version: '17.0.7'
Driver info: org.openqa.selenium.chrome.ChromeDriver
Capabilities {acceptInsecureCerts: false, browserName: chrome-headless-shell, browserVersion: 121.0.6167.140, chrome: {chromedriverVersion: 121.0.6167.85 (3f98d690ad7e..., userDataDir: C:\Users\MELG20~1\AppData\L...}, fedcm:accounts: true, goog:chromeOptions: {debuggerAddress: localhost:56596}, javascriptEnabled: true, networkConnectionEnabled: false, pageLoadStrategy: eager, platform: WINDOWS, platformName: WINDOWS, proxy: Proxy(), setWindowRect: true, strictFileInteractability: false, timeouts: {implicit: 0, pageLoad: 300000, script: 30000}, unhandledPromptBehavior: dismiss and notify, webauthn:extension:credBlob: true, webauthn:extension:largeBlob: true, webauthn:extension:minPinLength: true, webauthn:extension:prf: true, webauthn:virtualAuthenticators: true}
Session ID: fec2eb80f572097b503156c84da467ed
*** Element info: {Using=xpath, value=//*[contains(text(),'Rings')]}
	at com.mlshop.test.MLWalletWebScripts.shopItemsRedirectToPayMongoPagePayMayaValidation_SI_TC_227(MLWalletWebScripts.java:92)
</failure>
    <system-out><![CDATA[2024-02-06 19:59:01,820 [main] INFO  binary_data_logger - ::::::::::Relaunching The App::::::::::
2024-02-06 19:59:07,374 [main] INFO  binary_data_logger - PlatForm :: Web
2024-02-06 19:59:07,375 [main] INFO  binary_data_logger - Running Test :: MLSHOP
2024-02-06 19:59:07,375 [main] INFO  binary_data_logger - Run Mode :: YES
2024-02-06 19:59:09,723 [main] INFO  binary_data_logger - :::::::::Test shopItemsRedirectToPayMongoPagePayMayaValidation_SI_TC_227 Started::::::::
2024-02-06 19:59:24,780 [main] INFO  binary_data_logger - Profile Icon is displayed
2024-02-06 19:59:24,982 [main] INFO  binary_data_logger - Clicked on Profile Icon
2024-02-06 19:59:25,032 [main] INFO  binary_data_logger - Clicked on Mobile Number input field
2024-02-06 19:59:30,075 [main] INFO  binary_data_logger - Typed the value 09999999912 into Mobile Number Input field
2024-02-06 19:59:35,134 [main] INFO  binary_data_logger - Clicked on Get OTP Button
2024-02-06 19:59:37,908 [main] INFO  binary_data_logger - One Time Pin popup is displayed
2024-02-06 19:59:37,931 [main] INFO  binary_data_logger - Typed the value 111111 into ONe Time Pin Input field
2024-02-06 20:00:07,940 [main] INFO  binary_data_logger - Successfully login popup is not displayed
2024-02-06 20:00:08,001 [main] INFO  binary_data_logger - RP_MESSAGE#FILE#C:\Users\MELG20~1\AppData\Local\Temp\screenshot11214862017562086780.png#Attachment
2024-02-06 20:00:13,029 [main] INFO  binary_data_logger - Okay Button is displayed
2024-02-06 20:00:13,466 [main] INFO  binary_data_logger - Clicked on Okay Button
]]></system-out>
    <system-err><![CDATA[Feb 06, 2024 7:59:07 PM io.github.bonigarcia.wdm.WebDriverManager resolveDriverVersion
INFO: Using chromedriver 121.0.6167.85 (resolved driver for Chrome 121)
Feb 06, 2024 7:59:07 PM io.github.bonigarcia.wdm.WebDriverManager exportDriver
INFO: Exporting webdriver.chrome.driver as C:\Users\MELG20229793\.cache\selenium\chromedriver\win64\121.0.6167.85\chromedriver.exe
Feb 06, 2024 7:59:07 PM io.github.bonigarcia.wdm.versions.VersionDetector getDriverVersionFromRepository
WARNING: Exception reading null to get version of chromedriver (For input string: "116.0.5845.97")
Feb 06, 2024 7:59:07 PM io.github.bonigarcia.wdm.online.HttpClient execute
SEVERE: Error HTTP 404 executing https://chromedriver.storage.googleapis.com/LATEST_RELEASE_116.0.5845.97
Feb 06, 2024 7:59:07 PM io.github.bonigarcia.wdm.versions.VersionDetector getDriverVersionFromRepository
WARNING: Exception reading https://chromedriver.storage.googleapis.com/LATEST_RELEASE_116.0.5845.97 to get latest version of chromedriver (Error HTTP 404 executing https://chromedriver.storage.googleapis.com/LATEST_RELEASE_116.0.5845.97)
Feb 06, 2024 7:59:08 PM io.github.bonigarcia.wdm.WebDriverManager exportDriver
INFO: Exporting webdriver.chrome.driver as C:\Users\MELG20229793\.cache\selenium\chromedriver\win64\121.0.6167.85\chromedriver.exe
Starting ChromeDriver 121.0.6167.85 (3f98d690ad7e59242ef110144c757b2ac4eef1a2-refs/branch-heads/6167@{#1539}) on port 59239
Only local connections are allowed.
Please see https://chromedriver.chromium.org/security-considerations for suggestions on keeping ChromeDriver safe.
ChromeDriver was started successfully.
Feb 06, 2024 7:59:08 PM org.openqa.selenium.remote.ProtocolHandshake createSession
INFO: Detected dialect: W3C
]]></system-err>
  </testcase>
</testsuite>