<?xml version="1.0" encoding="UTF-8"?>
<!-- Generated by org.testng.reporters.JUnitXMLReporter -->
<testsuite ignored="0" hostname="HOTGQA008" failures="19" tests="38" name="MLSHOP" time="8.537" errors="0" timestamp="2024-02-06T19:33:44 CST">
  <testcase classname="com.mlshop.test.BaseTest" name="@BeforeMethod beforeMethod" time="0.515">
    <skipped/>
  </testcase> <!-- @BeforeMethod beforeMethod -->
  <testcase classname="com.mlshop.test.BaseTest" name="@BeforeMethod beforeMethod" time="0.188">
    <skipped/>
  </testcase> <!-- @BeforeMethod beforeMethod -->
  <testcase classname="com.mlshop.test.BaseTest" name="@BeforeMethod beforeMethod" time="0.183">
    <skipped/>
  </testcase> <!-- @BeforeMethod beforeMethod -->
  <testcase classname="com.mlshop.test.BaseTest" name="@BeforeMethod beforeMethod" time="0.165">
    <skipped/>
  </testcase> <!-- @BeforeMethod beforeMethod -->
  <testcase classname="com.mlshop.test.BaseTest" name="@BeforeMethod beforeMethod" time="0.19">
    <skipped/>
  </testcase> <!-- @BeforeMethod beforeMethod -->
  <testcase classname="com.mlshop.test.BaseTest" name="@BeforeMethod beforeMethod" time="0.177">
    <skipped/>
  </testcase> <!-- @BeforeMethod beforeMethod -->
  <testcase classname="com.mlshop.test.BaseTest" name="@BeforeMethod beforeMethod" time="0.477">
    <skipped/>
  </testcase> <!-- @BeforeMethod beforeMethod -->
  <testcase classname="com.mlshop.test.BaseTest" name="@BeforeMethod beforeMethod" time="0.155">
    <skipped/>
  </testcase> <!-- @BeforeMethod beforeMethod -->
  <testcase classname="com.mlshop.test.BaseTest" name="@BeforeMethod beforeMethod" time="0.174">
    <skipped/>
  </testcase> <!-- @BeforeMethod beforeMethod -->
  <testcase classname="com.mlshop.test.BaseTest" name="@BeforeMethod beforeMethod" time="0.17">
    <skipped/>
  </testcase> <!-- @BeforeMethod beforeMethod -->
  <testcase classname="com.mlshop.test.BaseTest" name="@BeforeMethod beforeMethod" time="0.459">
    <skipped/>
  </testcase> <!-- @BeforeMethod beforeMethod -->
  <testcase classname="com.mlshop.test.BaseTest" name="@BeforeMethod beforeMethod" time="0.174">
    <skipped/>
  </testcase> <!-- @BeforeMethod beforeMethod -->
  <testcase classname="com.mlshop.test.BaseTest" name="@BeforeMethod beforeMethod" time="0.172">
    <skipped/>
  </testcase> <!-- @BeforeMethod beforeMethod -->
  <testcase classname="com.mlshop.test.BaseTest" name="@BeforeMethod beforeMethod" time="0.167">
    <skipped/>
  </testcase> <!-- @BeforeMethod beforeMethod -->
  <testcase classname="com.mlshop.test.BaseTest" name="@BeforeMethod beforeMethod" time="0.166">
    <skipped/>
  </testcase> <!-- @BeforeMethod beforeMethod -->
  <testcase classname="com.mlshop.test.BaseTest" name="@BeforeMethod beforeMethod" time="0.163">
    <skipped/>
  </testcase> <!-- @BeforeMethod beforeMethod -->
  <testcase classname="com.mlshop.test.BaseTest" name="@BeforeMethod beforeMethod" time="0.161">
    <skipped/>
  </testcase> <!-- @BeforeMethod beforeMethod -->
  <testcase classname="com.mlshop.test.BaseTest" name="@BeforeMethod beforeMethod" time="0.163">
    <skipped/>
  </testcase> <!-- @BeforeMethod beforeMethod -->
  <testcase classname="com.mlshop.test.BaseTest" name="@BeforeMethod beforeMethod" time="0.155">
    <skipped/>
  </testcase> <!-- @BeforeMethod beforeMethod -->
  <testcase classname="com.mlshop.test.MLWalletWebScripts" name="mlShopProfileNameAndDropDownValidation" time="0.0">
    <skipped/>
  </testcase> <!-- mlShopProfileNameAndDropDownValidation -->
  <testcase classname="com.mlshop.test.MLWalletWebScripts" name="mlShopProfileNameAndDropDownValidation" time="0.535">
    <failure type="java.lang.IllegalArgumentException" message="nodeName cannot be null or empty">
      <![CDATA[java.lang.IllegalArgumentException: nodeName cannot be null or empty
at com.aventstack.extentreports.ExtentTest.createNode(ExtentTest.java:166)
at com.aventstack.extentreports.ExtentTest.createNode(ExtentTest.java:274)
at com.utility.ExtentReporter.HeaderChildNode(ExtentReporter.java:240)
at com.utility.ExtentReporter.onTestSkipped(ExtentReporter.java:232)
at java.base/java.util.ArrayList.forEach(ArrayList.java:1511)
... Removed 29 stack frames]]>
    </failure>
  </testcase> <!-- mlShopProfileNameAndDropDownValidation -->
  <testcase classname="com.mlshop.test.MLWalletWebScripts" name="shopItemsRingProductPurchaseScenario" time="0.0">
    <skipped/>
  </testcase> <!-- shopItemsRingProductPurchaseScenario -->
  <testcase classname="com.mlshop.test.MLWalletWebScripts" name="shopItemsRingProductPurchaseScenario" time="0.192">
    <failure type="java.lang.IllegalArgumentException" message="nodeName cannot be null or empty">
      <![CDATA[java.lang.IllegalArgumentException: nodeName cannot be null or empty
at com.aventstack.extentreports.ExtentTest.createNode(ExtentTest.java:166)
at com.aventstack.extentreports.ExtentTest.createNode(ExtentTest.java:274)
at com.utility.ExtentReporter.HeaderChildNode(ExtentReporter.java:240)
at com.utility.ExtentReporter.onTestSkipped(ExtentReporter.java:232)
at java.base/java.util.ArrayList.forEach(ArrayList.java:1511)
... Removed 29 stack frames]]>
    </failure>
  </testcase> <!-- shopItemsRingProductPurchaseScenario -->
  <testcase classname="com.mlshop.test.MLWalletWebScripts" name="shopItemsShippingDetailsPageUIValidation" time="0.001">
    <skipped/>
  </testcase> <!-- shopItemsShippingDetailsPageUIValidation -->
  <testcase classname="com.mlshop.test.MLWalletWebScripts" name="shopItemsShippingDetailsPageUIValidation" time="0.185">
    <failure type="java.lang.IllegalArgumentException" message="nodeName cannot be null or empty">
      <![CDATA[java.lang.IllegalArgumentException: nodeName cannot be null or empty
at com.aventstack.extentreports.ExtentTest.createNode(ExtentTest.java:166)
at com.aventstack.extentreports.ExtentTest.createNode(ExtentTest.java:274)
at com.utility.ExtentReporter.HeaderChildNode(ExtentReporter.java:240)
at com.utility.ExtentReporter.onTestSkipped(ExtentReporter.java:232)
at java.base/java.util.ArrayList.forEach(ArrayList.java:1511)
... Removed 29 stack frames]]>
    </failure>
  </testcase> <!-- shopItemsShippingDetailsPageUIValidation -->
  <testcase classname="com.mlshop.test.MLWalletWebScripts" name="shopItemsProfilePageNavigation" time="0.0">
    <skipped/>
  </testcase> <!-- shopItemsProfilePageNavigation -->
  <testcase classname="com.mlshop.test.MLWalletWebScripts" name="shopItemsProfilePageNavigation" time="0.167">
    <failure type="java.lang.IllegalArgumentException" message="nodeName cannot be null or empty">
      <![CDATA[java.lang.IllegalArgumentException: nodeName cannot be null or empty
at com.aventstack.extentreports.ExtentTest.createNode(ExtentTest.java:166)
at com.aventstack.extentreports.ExtentTest.createNode(ExtentTest.java:274)
at com.utility.ExtentReporter.HeaderChildNode(ExtentReporter.java:240)
at com.utility.ExtentReporter.onTestSkipped(ExtentReporter.java:232)
at java.base/java.util.ArrayList.forEach(ArrayList.java:1511)
... Removed 29 stack frames]]>
    </failure>
  </testcase> <!-- shopItemsProfilePageNavigation -->
  <testcase classname="com.mlshop.test.MLWalletWebScripts" name="shopItemsPurchaseHistoryPageNavigation" time="0.0">
    <skipped/>
  </testcase> <!-- shopItemsPurchaseHistoryPageNavigation -->
  <testcase classname="com.mlshop.test.MLWalletWebScripts" name="shopItemsPurchaseHistoryPageNavigation" time="0.192">
    <failure type="java.lang.IllegalArgumentException" message="nodeName cannot be null or empty">
      <![CDATA[java.lang.IllegalArgumentException: nodeName cannot be null or empty
at com.aventstack.extentreports.ExtentTest.createNode(ExtentTest.java:166)
at com.aventstack.extentreports.ExtentTest.createNode(ExtentTest.java:274)
at com.utility.ExtentReporter.HeaderChildNode(ExtentReporter.java:240)
at com.utility.ExtentReporter.onTestSkipped(ExtentReporter.java:232)
at java.base/java.util.ArrayList.forEach(ArrayList.java:1511)
... Removed 29 stack frames]]>
    </failure>
  </testcase> <!-- shopItemsPurchaseHistoryPageNavigation -->
  <testcase classname="com.mlshop.test.MLWalletWebScripts" name="shopItemsLogoutValidation" time="0.0">
    <skipped/>
  </testcase> <!-- shopItemsLogoutValidation -->
  <testcase classname="com.mlshop.test.MLWalletWebScripts" name="shopItemsLogoutValidation" time="0.179">
    <failure type="java.lang.IllegalArgumentException" message="nodeName cannot be null or empty">
      <![CDATA[java.lang.IllegalArgumentException: nodeName cannot be null or empty
at com.aventstack.extentreports.ExtentTest.createNode(ExtentTest.java:166)
at com.aventstack.extentreports.ExtentTest.createNode(ExtentTest.java:274)
at com.utility.ExtentReporter.HeaderChildNode(ExtentReporter.java:240)
at com.utility.ExtentReporter.onTestSkipped(ExtentReporter.java:232)
at java.base/java.util.ArrayList.forEach(ArrayList.java:1511)
... Removed 29 stack frames]]>
    </failure>
  </testcase> <!-- shopItemsLogoutValidation -->
  <testcase classname="com.mlshop.test.MLWalletWebScripts" name="shopItemsProfileSuccessfulLogin" time="0.0">
    <skipped/>
  </testcase> <!-- shopItemsProfileSuccessfulLogin -->
  <testcase classname="com.mlshop.test.MLWalletWebScripts" name="shopItemsProfileSuccessfulLogin" time="0.478">
    <failure type="java.lang.IllegalArgumentException" message="nodeName cannot be null or empty">
      <![CDATA[java.lang.IllegalArgumentException: nodeName cannot be null or empty
at com.aventstack.extentreports.ExtentTest.createNode(ExtentTest.java:166)
at com.aventstack.extentreports.ExtentTest.createNode(ExtentTest.java:274)
at com.utility.ExtentReporter.HeaderChildNode(ExtentReporter.java:240)
at com.utility.ExtentReporter.onTestSkipped(ExtentReporter.java:232)
at java.base/java.util.ArrayList.forEach(ArrayList.java:1511)
... Removed 29 stack frames]]>
    </failure>
  </testcase> <!-- shopItemsProfileSuccessfulLogin -->
  <testcase classname="com.mlshop.test.MLWalletWebScripts" name="shopItemsAvailableJewelryItemsValidation" time="0.001">
    <skipped/>
  </testcase> <!-- shopItemsAvailableJewelryItemsValidation -->
  <testcase classname="com.mlshop.test.MLWalletWebScripts" name="shopItemsAvailableJewelryItemsValidation" time="0.157">
    <failure type="java.lang.IllegalArgumentException" message="nodeName cannot be null or empty">
      <![CDATA[java.lang.IllegalArgumentException: nodeName cannot be null or empty
at com.aventstack.extentreports.ExtentTest.createNode(ExtentTest.java:166)
at com.aventstack.extentreports.ExtentTest.createNode(ExtentTest.java:274)
at com.utility.ExtentReporter.HeaderChildNode(ExtentReporter.java:240)
at com.utility.ExtentReporter.onTestSkipped(ExtentReporter.java:232)
at java.base/java.util.ArrayList.forEach(ArrayList.java:1511)
... Removed 29 stack frames]]>
    </failure>
  </testcase> <!-- shopItemsAvailableJewelryItemsValidation -->
  <testcase classname="com.mlshop.test.MLWalletWebScripts" name="shopItemsWatchItemsValidation" time="0.0">
    <skipped/>
  </testcase> <!-- shopItemsWatchItemsValidation -->
  <testcase classname="com.mlshop.test.MLWalletWebScripts" name="shopItemsWatchItemsValidation" time="0.177">
    <failure type="java.lang.IllegalArgumentException" message="nodeName cannot be null or empty">
      <![CDATA[java.lang.IllegalArgumentException: nodeName cannot be null or empty
at com.aventstack.extentreports.ExtentTest.createNode(ExtentTest.java:166)
at com.aventstack.extentreports.ExtentTest.createNode(ExtentTest.java:274)
at com.utility.ExtentReporter.HeaderChildNode(ExtentReporter.java:240)
at com.utility.ExtentReporter.onTestSkipped(ExtentReporter.java:232)
at java.base/java.util.ArrayList.forEach(ArrayList.java:1511)
... Removed 29 stack frames]]>
    </failure>
  </testcase> <!-- shopItemsWatchItemsValidation -->
  <testcase classname="com.mlshop.test.MLWalletWebScripts" name="shopItemsRingsProductTypePageNavigationValidation" time="0.0">
    <skipped/>
  </testcase> <!-- shopItemsRingsProductTypePageNavigationValidation -->
  <testcase classname="com.mlshop.test.MLWalletWebScripts" name="shopItemsRingsProductTypePageNavigationValidation" time="0.175">
    <failure type="java.lang.IllegalArgumentException" message="nodeName cannot be null or empty">
      <![CDATA[java.lang.IllegalArgumentException: nodeName cannot be null or empty
at com.aventstack.extentreports.ExtentTest.createNode(ExtentTest.java:166)
at com.aventstack.extentreports.ExtentTest.createNode(ExtentTest.java:274)
at com.utility.ExtentReporter.HeaderChildNode(ExtentReporter.java:240)
at com.utility.ExtentReporter.onTestSkipped(ExtentReporter.java:232)
at java.base/java.util.ArrayList.forEach(ArrayList.java:1511)
... Removed 29 stack frames]]>
    </failure>
  </testcase> <!-- shopItemsRingsProductTypePageNavigationValidation -->
  <testcase classname="com.mlshop.test.MLWalletWebScripts" name="shopItemsNecklacesAndPendantsProductTypePageNavigationValidation" time="0.0">
    <skipped/>
  </testcase> <!-- shopItemsNecklacesAndPendantsProductTypePageNavigationValidation -->
  <testcase classname="com.mlshop.test.MLWalletWebScripts" name="shopItemsNecklacesAndPendantsProductTypePageNavigationValidation" time="0.464">
    <failure type="java.lang.IllegalArgumentException" message="nodeName cannot be null or empty">
      <![CDATA[java.lang.IllegalArgumentException: nodeName cannot be null or empty
at com.aventstack.extentreports.ExtentTest.createNode(ExtentTest.java:166)
at com.aventstack.extentreports.ExtentTest.createNode(ExtentTest.java:274)
at com.utility.ExtentReporter.HeaderChildNode(ExtentReporter.java:240)
at com.utility.ExtentReporter.onTestSkipped(ExtentReporter.java:232)
at java.base/java.util.ArrayList.forEach(ArrayList.java:1511)
... Removed 29 stack frames]]>
    </failure>
  </testcase> <!-- shopItemsNecklacesAndPendantsProductTypePageNavigationValidation -->
  <testcase classname="com.mlshop.test.MLWalletWebScripts" name="shopItemsBraceletsAndBanglesProductTypePageNavigationValidation" time="0.0">
    <skipped/>
  </testcase> <!-- shopItemsBraceletsAndBanglesProductTypePageNavigationValidation -->
  <testcase classname="com.mlshop.test.MLWalletWebScripts" name="shopItemsBraceletsAndBanglesProductTypePageNavigationValidation" time="0.178">
    <failure type="java.lang.IllegalArgumentException" message="nodeName cannot be null or empty">
      <![CDATA[java.lang.IllegalArgumentException: nodeName cannot be null or empty
at com.aventstack.extentreports.ExtentTest.createNode(ExtentTest.java:166)
at com.aventstack.extentreports.ExtentTest.createNode(ExtentTest.java:274)
at com.utility.ExtentReporter.HeaderChildNode(ExtentReporter.java:240)
at com.utility.ExtentReporter.onTestSkipped(ExtentReporter.java:232)
at java.base/java.util.ArrayList.forEach(ArrayList.java:1511)
... Removed 29 stack frames]]>
    </failure>
  </testcase> <!-- shopItemsBraceletsAndBanglesProductTypePageNavigationValidation -->
  <testcase classname="com.mlshop.test.MLWalletWebScripts" name="shopItemsEarringsProductTypePageNavigationValidation" time="0.0">
    <skipped/>
  </testcase> <!-- shopItemsEarringsProductTypePageNavigationValidation -->
  <testcase classname="com.mlshop.test.MLWalletWebScripts" name="shopItemsEarringsProductTypePageNavigationValidation" time="0.176">
    <failure type="java.lang.IllegalArgumentException" message="nodeName cannot be null or empty">
      <![CDATA[java.lang.IllegalArgumentException: nodeName cannot be null or empty
at com.aventstack.extentreports.ExtentTest.createNode(ExtentTest.java:166)
at com.aventstack.extentreports.ExtentTest.createNode(ExtentTest.java:274)
at com.utility.ExtentReporter.HeaderChildNode(ExtentReporter.java:240)
at com.utility.ExtentReporter.onTestSkipped(ExtentReporter.java:232)
at java.base/java.util.ArrayList.forEach(ArrayList.java:1511)
... Removed 29 stack frames]]>
    </failure>
  </testcase> <!-- shopItemsEarringsProductTypePageNavigationValidation -->
  <testcase classname="com.mlshop.test.MLWalletWebScripts" name="shopItemsWatchProductTypePageNavigationValidation" time="0.0">
    <skipped/>
  </testcase> <!-- shopItemsWatchProductTypePageNavigationValidation -->
  <testcase classname="com.mlshop.test.MLWalletWebScripts" name="shopItemsWatchProductTypePageNavigationValidation" time="0.168">
    <failure type="java.lang.IllegalArgumentException" message="nodeName cannot be null or empty">
      <![CDATA[java.lang.IllegalArgumentException: nodeName cannot be null or empty
at com.aventstack.extentreports.ExtentTest.createNode(ExtentTest.java:166)
at com.aventstack.extentreports.ExtentTest.createNode(ExtentTest.java:274)
at com.utility.ExtentReporter.HeaderChildNode(ExtentReporter.java:240)
at com.utility.ExtentReporter.onTestSkipped(ExtentReporter.java:232)
at java.base/java.util.ArrayList.forEach(ArrayList.java:1511)
... Removed 29 stack frames]]>
    </failure>
  </testcase> <!-- shopItemsWatchProductTypePageNavigationValidation -->
  <testcase classname="com.mlshop.test.MLWalletWebScripts" name="shopItemsAddedItemInCartDeletedPopupValidationYesButton" time="0.0">
    <skipped/>
  </testcase> <!-- shopItemsAddedItemInCartDeletedPopupValidationYesButton -->
  <testcase classname="com.mlshop.test.MLWalletWebScripts" name="shopItemsAddedItemInCartDeletedPopupValidationYesButton" time="0.168">
    <failure type="java.lang.IllegalArgumentException" message="nodeName cannot be null or empty">
      <![CDATA[java.lang.IllegalArgumentException: nodeName cannot be null or empty
at com.aventstack.extentreports.ExtentTest.createNode(ExtentTest.java:166)
at com.aventstack.extentreports.ExtentTest.createNode(ExtentTest.java:274)
at com.utility.ExtentReporter.HeaderChildNode(ExtentReporter.java:240)
at com.utility.ExtentReporter.onTestSkipped(ExtentReporter.java:232)
at java.base/java.util.ArrayList.forEach(ArrayList.java:1511)
... Removed 29 stack frames]]>
    </failure>
  </testcase> <!-- shopItemsAddedItemInCartDeletedPopupValidationYesButton -->
  <testcase classname="com.mlshop.test.MLWalletWebScripts" name="shopItemsAddedItemInCartDeletedPopupValidationCancelButton" time="0.0">
    <skipped/>
  </testcase> <!-- shopItemsAddedItemInCartDeletedPopupValidationCancelButton -->
  <testcase classname="com.mlshop.test.MLWalletWebScripts" name="shopItemsAddedItemInCartDeletedPopupValidationCancelButton" time="0.166">
    <failure type="java.lang.IllegalArgumentException" message="nodeName cannot be null or empty">
      <![CDATA[java.lang.IllegalArgumentException: nodeName cannot be null or empty
at com.aventstack.extentreports.ExtentTest.createNode(ExtentTest.java:166)
at com.aventstack.extentreports.ExtentTest.createNode(ExtentTest.java:274)
at com.utility.ExtentReporter.HeaderChildNode(ExtentReporter.java:240)
at com.utility.ExtentReporter.onTestSkipped(ExtentReporter.java:232)
at java.base/java.util.ArrayList.forEach(ArrayList.java:1511)
... Removed 29 stack frames]]>
    </failure>
  </testcase> <!-- shopItemsAddedItemInCartDeletedPopupValidationCancelButton -->
  <testcase classname="com.mlshop.test.MLWalletWebScripts" name="shopItemsRedirectToPayMongoPageGrabPayValidation_SI_TC_225" time="0.0">
    <skipped/>
  </testcase> <!-- shopItemsRedirectToPayMongoPageGrabPayValidation_SI_TC_225 -->
  <testcase classname="com.mlshop.test.MLWalletWebScripts" name="shopItemsRedirectToPayMongoPageGrabPayValidation_SI_TC_225" time="0.164">
    <failure type="java.lang.IllegalArgumentException" message="nodeName cannot be null or empty">
      <![CDATA[java.lang.IllegalArgumentException: nodeName cannot be null or empty
at com.aventstack.extentreports.ExtentTest.createNode(ExtentTest.java:166)
at com.aventstack.extentreports.ExtentTest.createNode(ExtentTest.java:274)
at com.utility.ExtentReporter.HeaderChildNode(ExtentReporter.java:240)
at com.utility.ExtentReporter.onTestSkipped(ExtentReporter.java:232)
at java.base/java.util.ArrayList.forEach(ArrayList.java:1511)
... Removed 29 stack frames]]>
    </failure>
  </testcase> <!-- shopItemsRedirectToPayMongoPageGrabPayValidation_SI_TC_225 -->
  <testcase classname="com.mlshop.test.MLWalletWebScripts" name="shopItemsRedirectToPayMongoPageGcashValidation_SI_TC_226" time="0.0">
    <skipped/>
  </testcase> <!-- shopItemsRedirectToPayMongoPageGcashValidation_SI_TC_226 -->
  <testcase classname="com.mlshop.test.MLWalletWebScripts" name="shopItemsRedirectToPayMongoPageGcashValidation_SI_TC_226" time="0.165">
    <failure type="java.lang.IllegalArgumentException" message="nodeName cannot be null or empty">
      <![CDATA[java.lang.IllegalArgumentException: nodeName cannot be null or empty
at com.aventstack.extentreports.ExtentTest.createNode(ExtentTest.java:166)
at com.aventstack.extentreports.ExtentTest.createNode(ExtentTest.java:274)
at com.utility.ExtentReporter.HeaderChildNode(ExtentReporter.java:240)
at com.utility.ExtentReporter.onTestSkipped(ExtentReporter.java:232)
at java.base/java.util.ArrayList.forEach(ArrayList.java:1511)
... Removed 29 stack frames]]>
    </failure>
  </testcase> <!-- shopItemsRedirectToPayMongoPageGcashValidation_SI_TC_226 -->
  <testcase classname="com.mlshop.test.MLWalletWebScripts" name="shopItemsRedirectToPayMongoPagePayMayaValidation_SI_TC_227" time="0.0">
    <skipped/>
  </testcase> <!-- shopItemsRedirectToPayMongoPagePayMayaValidation_SI_TC_227 -->
  <testcase classname="com.mlshop.test.MLWalletWebScripts" name="shopItemsRedirectToPayMongoPagePayMayaValidation_SI_TC_227" time="0.157">
    <failure type="java.lang.IllegalArgumentException" message="nodeName cannot be null or empty">
      <![CDATA[java.lang.IllegalArgumentException: nodeName cannot be null or empty
at com.aventstack.extentreports.ExtentTest.createNode(ExtentTest.java:166)
at com.aventstack.extentreports.ExtentTest.createNode(ExtentTest.java:274)
at com.utility.ExtentReporter.HeaderChildNode(ExtentReporter.java:240)
at com.utility.ExtentReporter.onTestSkipped(ExtentReporter.java:232)
at java.base/java.util.ArrayList.forEach(ArrayList.java:1511)
... Removed 29 stack frames]]>
    </failure>
  </testcase> <!-- shopItemsRedirectToPayMongoPagePayMayaValidation_SI_TC_227 -->
</testsuite> <!-- MLSHOP -->
