<?xml version="1.0" encoding="UTF-8"?>
<!-- Generated by org.testng.reporters.JUnitReportReporter -->
<testsuite hostname="HOTGQA008" failures="1" tests="19" name="com.mlshop.test.ShippingDetails" time="517.992" errors="0" timestamp="2024-02-23T20:30:51 CST" skipped="0">
  <testcase classname="com.mlshop.test.ShippingDetails" name="MLS_TC_98_Validate_shippingDetails_pageNavigation" time="15.669"/>
  <system-out/>
  <testcase classname="com.mlshop.test.ShippingDetails" name="MLS_TC_99_Validate_shippingDetails_itemsVisiblity_jewlery" time="16.227"/>
  <system-out/>
  <testcase classname="com.mlshop.test.ShippingDetails" name="MLS_TC_100_Validate_shippingDetails_itemsVisiblity_watch" time="11.780">
    <failure message="Element not present" type="java.lang.AssertionError">
      <![CDATA[java.lang.AssertionError: Element not present
at com.utility.Utilities.verifyElementPresentAndClick(Utilities.java:440)
at com.business.mlshop.Home.addItemToCart(Home.java:678)
at com.business.mlshop.ShippingDetails.shippingPageItemChecker(ShippingDetails.java:53)
at com.business.mlshop.ShippingDetails.MLS_TC_100_Validate_shippingDetails_itemsVisiblity_watch(ShippingDetails.java:95)
at com.mlshop.test.ShippingDetails.MLS_TC_100_Validate_shippingDetails_itemsVisiblity_watch(ShippingDetails.java:16)
at java.base/jdk.internal.reflect.NativeMethodAccessorImpl.invoke0(Native Method)
at java.base/jdk.internal.reflect.NativeMethodAccessorImpl.invoke(NativeMethodAccessorImpl.java:77)
at java.base/jdk.internal.reflect.DelegatingMethodAccessorImpl.invoke(DelegatingMethodAccessorImpl.java:43)
at java.base/java.lang.reflect.Method.invoke(Method.java:568)
at org.testng.internal.MethodInvocationHelper.invokeMethod(MethodInvocationHelper.java:134)
at org.testng.internal.TestInvoker.invokeMethod(TestInvoker.java:597)
at org.testng.internal.TestInvoker.invokeTestMethod(TestInvoker.java:173)
at org.testng.internal.MethodRunner.runInSequence(MethodRunner.java:46)
at org.testng.internal.TestInvoker$MethodInvocationAgent.invoke(TestInvoker.java:816)
at org.testng.internal.TestInvoker.invokeTestMethods(TestInvoker.java:146)
at org.testng.internal.TestMethodWorker.invokeTestMethods(TestMethodWorker.java:146)
at org.testng.internal.TestMethodWorker.run(TestMethodWorker.java:128)
at java.base/java.util.ArrayList.forEach(ArrayList.java:1511)
at org.testng.TestRunner.privateRun(TestRunner.java:766)
at org.testng.TestRunner.run(TestRunner.java:587)
at org.testng.SuiteRunner.runTest(SuiteRunner.java:384)
at org.testng.SuiteRunner.access$000(SuiteRunner.java:28)
at org.testng.SuiteRunner$SuiteWorker.run(SuiteRunner.java:425)
at org.testng.internal.thread.ThreadUtil.lambda$execute$0(ThreadUtil.java:68)
at java.base/java.util.concurrent.FutureTask.run(FutureTask.java:264)
at java.base/java.util.concurrent.ThreadPoolExecutor.runWorker(ThreadPoolExecutor.java:1136)
at java.base/java.util.concurrent.ThreadPoolExecutor$Worker.run(ThreadPoolExecutor.java:635)
at java.base/java.lang.Thread.run(Thread.java:833)
Caused by: org.openqa.selenium.StaleElementReferenceException: stale element reference: stale element not found
  (Session info: chrome=122.0.6261.69)
For documentation on this error, please visit: https://www.seleniumhq.org/exceptions/stale_element_reference.html
Build info: version: '3.141.59', revision: 'e82be7d358', time: '2018-11-14T08:17:03'
System info: host: 'HOTGQA008', ip: '10.0.8.67', os.name: 'Windows 11', os.arch: 'amd64', os.version: '10.0', java.version: '17.0.7'
Driver info: org.openqa.selenium.chrome.ChromeDriver
Capabilities {acceptInsecureCerts: false, browserName: chrome, browserVersion: 122.0.6261.69, chrome: {chromedriverVersion: 122.0.6261.69 (81bc525b6a36..., userDataDir: C:\Users\MELG20~1\AppData\L...}, fedcm:accounts: true, goog:chromeOptions: {debuggerAddress: localhost:59773}, javascriptEnabled: true, networkConnectionEnabled: false, pageLoadStrategy: eager, platform: WINDOWS, platformName: WINDOWS, proxy: Proxy(), setWindowRect: true, strictFileInteractability: false, timeouts: {implicit: 0, pageLoad: 300000, script: 30000}, unhandledPromptBehavior: dismiss and notify, webauthn:extension:credBlob: true, webauthn:extension:largeBlob: true, webauthn:extension:minPinLength: true, webauthn:extension:prf: true, webauthn:virtualAuthenticators: true}
Session ID: 7b3b9a16b1cf639b182d123983c5f849
at java.base/jdk.internal.reflect.NativeConstructorAccessorImpl.newInstance0(Native Method)
at java.base/jdk.internal.reflect.NativeConstructorAccessorImpl.newInstance(NativeConstructorAccessorImpl.java:77)
at java.base/jdk.internal.reflect.DelegatingConstructorAccessorImpl.newInstance(DelegatingConstructorAccessorImpl.java:45)
at java.base/java.lang.reflect.Constructor.newInstanceWithCaller(Constructor.java:499)
at java.base/java.lang.reflect.Constructor.newInstance(Constructor.java:480)
at org.openqa.selenium.remote.http.W3CHttpResponseCodec.createException(W3CHttpResponseCodec.java:187)
at org.openqa.selenium.remote.http.W3CHttpResponseCodec.decode(W3CHttpResponseCodec.java:122)
at org.openqa.selenium.remote.http.W3CHttpResponseCodec.decode(W3CHttpResponseCodec.java:49)
at org.openqa.selenium.remote.HttpCommandExecutor.execute(HttpCommandExecutor.java:158)
at org.openqa.selenium.remote.service.DriverCommandExecutor.execute(DriverCommandExecutor.java:83)
at org.openqa.selenium.remote.RemoteWebDriver.execute(RemoteWebDriver.java:552)
at org.openqa.selenium.remote.RemoteWebElement.execute(RemoteWebElement.java:285)
at org.openqa.selenium.remote.RemoteWebElement.click(RemoteWebElement.java:84)
at com.utility.Utilities.verifyElementPresentAndClick(Utilities.java:427)
... 27 more
]]>
    </failure>
  </testcase> <!-- MLS_TC_100_Validate_shippingDetails_itemsVisiblity_watch -->
  <system-out/>
  <testcase classname="com.mlshop.test.ShippingDetails" name="MLS_TC_124_Validate_shippingDetails_itemsVisiblity_amparito" time="16.103"/>
  <system-out/>
  <testcase classname="com.mlshop.test.ShippingDetails" name="MLS_TC_101_Validate_shippingDetails_accInfoFields" time="20.472"/>
  <system-out/>
  <testcase classname="com.mlshop.test.ShippingDetails" name="MLS_TC_126_Validate_shippingDetails_accInfoFields_fill" time="20.687"/>
  <system-out/>
  <testcase classname="com.mlshop.test.ShippingDetails" name="MLS_TC_102_Validate_shippingDetails_accInfoFields_branchAddr" time="21.275"/>
  <system-out/>
  <testcase classname="com.mlshop.test.ShippingDetails" name="MLS_TC_104_Validate_shippingDetails_paymentMethod_isClickable" time="22.945"/>
  <system-out/>
  <testcase classname="com.mlshop.test.ShippingDetails" name="MLS_TC_105_Validate_shippingDetails_paymentMethod_eWalletOptions_Visiblity" time="23.111"/>
  <system-out/>
  <testcase classname="com.mlshop.test.ShippingDetails" name="MLS_TC_106_Validate_shippingDetails_paymentConfirmation_popUp" time="22.941"/>
  <system-out/>
  <testcase classname="com.mlshop.test.ShippingDetails" name="MLS_TC_130_Validate_shippingDetails_totalPayment_chargedModal" time="23.408"/>
  <system-out/>
  <testcase classname="com.mlshop.test.ShippingDetails" name="MLS_TC_107_Validate_shippingDetails_otp_Popup" time="25.018"/>
  <system-out/>
  <testcase classname="com.mlshop.test.ShippingDetails" name="MLS_TC_108_Validate_shippingDetails_otp_popUpClose" time="25.561"/>
  <system-out/>
  <testcase classname="com.mlshop.test.ShippingDetails" name="MLS_TC_109_Validate_purchaseVia_mlWallet" time="32.187"/>
  <system-out/>
  <testcase classname="com.mlshop.test.ShippingDetails" name="MLS_TC_110_Validate_Computation" time="21.917"/>
  <system-out/>
  <testcase classname="com.mlshop.test.ShippingDetails" name="MLS_TC_113_Validate_successPurchase_historyDetails" time="44.110"/>
  <system-out/>
  <testcase classname="com.mlshop.test.ShippingDetails" name="MLS_TC_114_Validate_successPurchase_grabPay" time="56.151"/>
  <system-out/>
  <testcase classname="com.mlshop.test.ShippingDetails" name="MLS_TC_115_Validate_successPurchase_gCash" time="50.019"/>
  <system-out/>
  <testcase classname="com.mlshop.test.ShippingDetails" name="MLS_TC_116_Validate_successPurchase_payMaya" time="48.411"/>
  <system-out/>
</testsuite> <!-- com.mlshop.test.ShippingDetails -->
