<?xml version="1.0" encoding="UTF-8"?>
<!-- Generated by org.testng.reporters.JUnitXMLReporter -->
<testsuite ignored="0" hostname="HOTGQA008" failures="3" tests="11" name="MLSHOP3" time="106.862" errors="0" timestamp="2024-02-23T19:53:51 CST">
  <testcase classname="com.mlshop.test.ShoppingCart" name="MLS_TC_90_Validate_shopping_cart_navigation" time="0.481"/>
  <testcase classname="com.mlshop.test.Home" name="MLS_TC_66_ValidateFilter_Others_watch" time="6.471">
    <failure type="java.lang.AssertionError" message="Unable to click element By.xpath: //span[normalize-space()=&amp;apos;Others&amp;apos;]">
      <![CDATA[java.lang.AssertionError: Unable to click element By.xpath: //span[normalize-space()='Others']
at com.utility.Utilities.click(Utilities.java:497)
at com.business.mlshop.Home.MLS_TC_66_ValidateFilter_Others_watch(Home.java:412)
at com.mlshop.test.Home.MLS_TC_66_ValidateFilter_Others_watch(Home.java:146)
at java.base/java.util.ArrayList.forEach(ArrayList.java:1511)
at java.base/java.util.concurrent.FutureTask.run(FutureTask.java:264)
at java.base/java.util.concurrent.ThreadPoolExecutor.runWorker(ThreadPoolExecutor.java:1136)
at java.base/java.util.concurrent.ThreadPoolExecutor$Worker.run(ThreadPoolExecutor.java:635)
at java.base/java.lang.Thread.run(Thread.java:833)
Caused by: org.openqa.selenium.ElementClickInterceptedException: element click intercepted: Element <span>...</span> is not clickable at point (289, 440). Other element would receive the click: <p class="text-center pt-[12px] text-xs px-2 py-1 text-white  bg-red-500 w-[55px] h-[55px] rounded-full 2sm:text-[10px] 2sm:w-[35px] 2sm:h-[35px] 2sm:pt-[3px]">...</p>
  (Session info: chrome=122.0.6261.58)
Build info: version: '3.141.59', revision: 'e82be7d358', time: '2018-11-14T08:17:03'
System info: host: 'HOTGQA008', ip: '10.0.8.67', os.name: 'Windows 11', os.arch: 'amd64', os.version: '10.0', java.version: '17.0.7'
Driver info: org.openqa.selenium.chrome.ChromeDriver
Capabilities {acceptInsecureCerts: false, browserName: chrome, browserVersion: 122.0.6261.58, chrome: {chromedriverVersion: 122.0.6261.69 (81bc525b6a36..., userDataDir: C:\Users\MELG20~1\AppData\L...}, fedcm:accounts: true, goog:chromeOptions: {debuggerAddress: localhost:56611}, javascriptEnabled: true, networkConnectionEnabled: false, pageLoadStrategy: eager, platform: WINDOWS, platformName: WINDOWS, proxy: Proxy(), setWindowRect: true, strictFileInteractability: false, timeouts: {implicit: 0, pageLoad: 300000, script: 30000}, unhandledPromptBehavior: dismiss and notify, webauthn:extension:credBlob: true, webauthn:extension:largeBlob: true, webauthn:extension:minPinLength: true, webauthn:extension:prf: true, webauthn:virtualAuthenticators: true}
Session ID: 5080692ffd449fd53842ed84798a42bd
at org.openqa.selenium.remote.http.W3CHttpResponseCodec.createException(W3CHttpResponseCodec.java:187)
at org.openqa.selenium.remote.http.W3CHttpResponseCodec.decode(W3CHttpResponseCodec.java:122)
at org.openqa.selenium.remote.http.W3CHttpResponseCodec.decode(W3CHttpResponseCodec.java:49)
at org.openqa.selenium.remote.HttpCommandExecutor.execute(HttpCommandExecutor.java:158)
at org.openqa.selenium.remote.service.DriverCommandExecutor.execute(DriverCommandExecutor.java:83)
at org.openqa.selenium.remote.RemoteWebDriver.execute(RemoteWebDriver.java:552)
at org.openqa.selenium.remote.RemoteWebElement.execute(RemoteWebElement.java:285)
at org.openqa.selenium.remote.RemoteWebElement.click(RemoteWebElement.java:84)
at com.utility.Utilities.click(Utilities.java:489)
... 25 more
... Removed 23 stack frames]]>
    </failure>
  </testcase> <!-- MLS_TC_66_ValidateFilter_Others_watch -->
  <testcase classname="com.mlshop.test.ShoppingCart" name="MLS_TC_91_Validate_shopping_cart_items" time="4.727"/>
  <testcase classname="com.mlshop.test.ShoppingCart" name="MLS_TC_92_Validate_shopping_cart_increment" time="4.782"/>
  <testcase classname="com.mlshop.test.ShoppingCart" name="MLS_TC_93_Validate_shopping_cart_removeItem" time="4.804"/>
  <testcase classname="com.mlshop.test.Home" name="MLS_TC_67_ValidateFilter_allMaterials_watch" time="35.328">
    <failure type="java.lang.AssertionError" message="Unable to click element By.xpath: //button[contains(@title,&amp;apos;All Materials&amp;apos;)]">
      <![CDATA[java.lang.AssertionError: Unable to click element By.xpath: //button[contains(@title,'All Materials')]
at com.utility.Utilities.click(Utilities.java:497)
at com.business.mlshop.Home.MLS_TC_67_ValidateFilter_allMaterials_watch(Home.java:423)
at com.mlshop.test.Home.MLS_TC_67_ValidateFilter_allMaterials_watch(Home.java:150)
at java.base/java.util.ArrayList.forEach(ArrayList.java:1511)
at java.base/java.util.concurrent.FutureTask.run(FutureTask.java:264)
at java.base/java.util.concurrent.ThreadPoolExecutor.runWorker(ThreadPoolExecutor.java:1136)
at java.base/java.util.concurrent.ThreadPoolExecutor$Worker.run(ThreadPoolExecutor.java:635)
at java.base/java.lang.Thread.run(Thread.java:833)
Caused by: org.openqa.selenium.NoSuchElementException: no such element: Unable to locate element: {"method":"xpath","selector":"//button[contains(@title,'All Materials')]"}
  (Session info: chrome=122.0.6261.58)
For documentation on this error, please visit: https://www.seleniumhq.org/exceptions/no_such_element.html
Build info: version: '3.141.59', revision: 'e82be7d358', time: '2018-11-14T08:17:03'
System info: host: 'HOTGQA008', ip: '10.0.8.67', os.name: 'Windows 11', os.arch: 'amd64', os.version: '10.0', java.version: '17.0.7'
Driver info: org.openqa.selenium.chrome.ChromeDriver
Capabilities {acceptInsecureCerts: false, browserName: chrome, browserVersion: 122.0.6261.58, chrome: {chromedriverVersion: 122.0.6261.69 (81bc525b6a36..., userDataDir: C:\Users\MELG20~1\AppData\L...}, fedcm:accounts: true, goog:chromeOptions: {debuggerAddress: localhost:56703}, javascriptEnabled: true, networkConnectionEnabled: false, pageLoadStrategy: eager, platform: WINDOWS, platformName: WINDOWS, proxy: Proxy(), setWindowRect: true, strictFileInteractability: false, timeouts: {implicit: 0, pageLoad: 300000, script: 30000}, unhandledPromptBehavior: dismiss and notify, webauthn:extension:credBlob: true, webauthn:extension:largeBlob: true, webauthn:extension:minPinLength: true, webauthn:extension:prf: true, webauthn:virtualAuthenticators: true}
Session ID: 23b319789f5f04e65ad3b4f66e3769ae
*** Element info: {Using=xpath, value=//button[contains(@title,'All Materials')]}
at org.openqa.selenium.remote.http.W3CHttpResponseCodec.createException(W3CHttpResponseCodec.java:187)
at org.openqa.selenium.remote.http.W3CHttpResponseCodec.decode(W3CHttpResponseCodec.java:122)
at org.openqa.selenium.remote.http.W3CHttpResponseCodec.decode(W3CHttpResponseCodec.java:49)
at org.openqa.selenium.remote.HttpCommandExecutor.execute(HttpCommandExecutor.java:158)
at org.openqa.selenium.remote.service.DriverCommandExecutor.execute(DriverCommandExecutor.java:83)
at org.openqa.selenium.remote.RemoteWebDriver.execute(RemoteWebDriver.java:552)
at org.openqa.selenium.remote.RemoteWebDriver.findElement(RemoteWebDriver.java:323)
at org.openqa.selenium.remote.RemoteWebDriver.findElementByXPath(RemoteWebDriver.java:428)
at org.openqa.selenium.By$ByXPath.findElement(By.java:353)
at org.openqa.selenium.remote.RemoteWebDriver.findElement(RemoteWebDriver.java:315)
at com.utility.Utilities.click(Utilities.java:488)
... 25 more
... Removed 23 stack frames]]>
    </failure>
  </testcase> <!-- MLS_TC_67_ValidateFilter_allMaterials_watch -->
  <testcase classname="com.mlshop.test.ShoppingCart" name="MLS_TC_94_Validate_shopping_cart_modalPopup" time="4.93"/>
  <testcase classname="com.mlshop.test.ShoppingCart" name="MLS_TC_95_Validate_shopping_cart_cancelRemove" time="4.971"/>
  <testcase classname="com.mlshop.test.ShoppingCart" name="MLS_TC_96_Validate_shopping_cart_decrementFunction" time="5.894"/>
  <testcase classname="com.mlshop.test.Home" name="MLS_TC_68_ValidateFilter_Stainless_watch" time="34.896">
    <failure type="java.lang.AssertionError" message="Unable to click element By.xpath: //button[contains(@title,&amp;apos;All Materials&amp;apos;)]">
      <![CDATA[java.lang.AssertionError: Unable to click element By.xpath: //button[contains(@title,'All Materials')]
at com.utility.Utilities.click(Utilities.java:497)
at com.business.mlshop.Home.MLS_TC_68_ValidateFilter_Stainless_watch(Home.java:435)
at com.mlshop.test.Home.MLS_TC_68_ValidateFilter_Stainless_watch(Home.java:154)
at java.base/java.util.ArrayList.forEach(ArrayList.java:1511)
at java.base/java.util.concurrent.FutureTask.run(FutureTask.java:264)
at java.base/java.util.concurrent.ThreadPoolExecutor.runWorker(ThreadPoolExecutor.java:1136)
at java.base/java.util.concurrent.ThreadPoolExecutor$Worker.run(ThreadPoolExecutor.java:635)
at java.base/java.lang.Thread.run(Thread.java:833)
Caused by: org.openqa.selenium.NoSuchElementException: no such element: Unable to locate element: {"method":"xpath","selector":"//button[contains(@title,'All Materials')]"}
  (Session info: chrome=122.0.6261.58)
For documentation on this error, please visit: https://www.seleniumhq.org/exceptions/no_such_element.html
Build info: version: '3.141.59', revision: 'e82be7d358', time: '2018-11-14T08:17:03'
System info: host: 'HOTGQA008', ip: '10.0.8.67', os.name: 'Windows 11', os.arch: 'amd64', os.version: '10.0', java.version: '17.0.7'
Driver info: org.openqa.selenium.chrome.ChromeDriver
Capabilities {acceptInsecureCerts: false, browserName: chrome, browserVersion: 122.0.6261.58, chrome: {chromedriverVersion: 122.0.6261.69 (81bc525b6a36..., userDataDir: C:\Users\MELG20~1\AppData\L...}, fedcm:accounts: true, goog:chromeOptions: {debuggerAddress: localhost:56861}, javascriptEnabled: true, networkConnectionEnabled: false, pageLoadStrategy: eager, platform: WINDOWS, platformName: WINDOWS, proxy: Proxy(), setWindowRect: true, strictFileInteractability: false, timeouts: {implicit: 0, pageLoad: 300000, script: 30000}, unhandledPromptBehavior: dismiss and notify, webauthn:extension:credBlob: true, webauthn:extension:largeBlob: true, webauthn:extension:minPinLength: true, webauthn:extension:prf: true, webauthn:virtualAuthenticators: true}
Session ID: 3d176801426b083bca24df896c99988a
*** Element info: {Using=xpath, value=//button[contains(@title,'All Materials')]}
at org.openqa.selenium.remote.http.W3CHttpResponseCodec.createException(W3CHttpResponseCodec.java:187)
at org.openqa.selenium.remote.http.W3CHttpResponseCodec.decode(W3CHttpResponseCodec.java:122)
at org.openqa.selenium.remote.http.W3CHttpResponseCodec.decode(W3CHttpResponseCodec.java:49)
at org.openqa.selenium.remote.HttpCommandExecutor.execute(HttpCommandExecutor.java:158)
at org.openqa.selenium.remote.service.DriverCommandExecutor.execute(DriverCommandExecutor.java:83)
at org.openqa.selenium.remote.RemoteWebDriver.execute(RemoteWebDriver.java:552)
at org.openqa.selenium.remote.RemoteWebDriver.findElement(RemoteWebDriver.java:323)
at org.openqa.selenium.remote.RemoteWebDriver.findElementByXPath(RemoteWebDriver.java:428)
at org.openqa.selenium.By$ByXPath.findElement(By.java:353)
at org.openqa.selenium.remote.RemoteWebDriver.findElement(RemoteWebDriver.java:315)
at com.utility.Utilities.click(Utilities.java:488)
... 25 more
... Removed 23 stack frames]]>
    </failure>
  </testcase> <!-- MLS_TC_68_ValidateFilter_Stainless_watch -->
  <testcase classname="com.mlshop.test.ShoppingCart" name="MLS_TC_97_Validate_shopping_cart_incrementFunction" time="6.832"/>
</testsuite> <!-- MLSHOP3 -->
