<html>
<head>
<title>TestNG:  MLSHOP3</title>
<link href="../testng.css" rel="stylesheet" type="text/css" />
<link href="../my-testng.css" rel="stylesheet" type="text/css" />

<style type="text/css">
.log { display: none;} 
.stack-trace { display: none;} 
</style>
<script type="text/javascript">
<!--
function flip(e) {
  current = e.style.display;
  if (current == 'block') {
    e.style.display = 'none';
    return 0;
  }
  else {
    e.style.display = 'block';
    return 1;
  }
}

function toggleBox(szDivId, elem, msg1, msg2)
{
  var res = -1;  if (document.getElementById) {
    res = flip(document.getElementById(szDivId));
  }
  else if (document.all) {
    // this is the way old msie versions work
    res = flip(document.all[szDivId]);
  }
  if(elem) {
    if(res == 0) elem.innerHTML = msg1; else elem.innerHTML = msg2;
  }

}

function toggleAllBoxes() {
  if (document.getElementsByTagName) {
    d = document.getElementsByTagName('div');
    for (i = 0; i < d.length; i++) {
      if (d[i].className == 'log') {
        flip(d[i]);
      }
    }
  }
}

// -->
</script>

</head>
<body>
<h2 align='center'>MLSHOP3</h2><table border='1' align="center">
<tr>
<td>Tests passed/Failed/Skipped:</td><td>8/0/0</td>
</tr><tr>
<td>Started on:</td><td>Fri Feb 23 19:52:05 CST 2024</td>
</tr>
<tr><td>Total time:</td><td>106 seconds (106862 ms)</td>
</tr><tr>
<td>Included groups:</td><td></td>
</tr><tr>
<td>Excluded groups:</td><td></td>
</tr>
</table><p/>
<small><i>(Hover the method name to see the test class name)</i></small><p/>
<table width='100%' border='1' class='invocation-failed'>
<tr><td colspan='4' align='center'><b>FAILED TESTS</b></td></tr>
<tr><td><b>Test method</b></td>
<td width="30%"><b>Exception</b></td>
<td width="10%"><b>Time (seconds)</b></td>
<td><b>Instance</b></td>
</tr>
<tr>
<td title='com.mlshop.test.ShippingDetails.MLS_TC_100_Validate_shippingDetails_itemsVisiblity_watch()'><b>MLS_TC_100_Validate_shippingDetails_itemsVisiblity_watch</b><br>Test class: com.mlshop.test.ShippingDetails</td>
<td><div><pre>java.lang.AssertionError: Element not present
	at com.utility.Utilities.verifyElementPresentAndClick(Utilities.java:440)
	at com.business.mlshop.Home.addItemToCart(Home.java:679)
	at com.business.mlshop.ShippingDetails.shippingPageItemChecker(ShippingDetails.java:53)
	at com.business.mlshop.ShippingDetails.MLS_TC_100_Validate_shippingDetails_itemsVisiblity_watch(ShippingDetails.java:95)
	at com.mlshop.test.ShippingDetails.MLS_TC_100_Validate_shippingDetails_itemsVisiblity_watch(ShippingDetails.java:16)
	at java.base/java.util.ArrayList.forEach(ArrayList.java:1511)
	at java.base/java.util.concurrent.FutureTask.run(FutureTask.java:264)
	at java.base/java.util.concurrent.ThreadPoolExecutor.runWorker(ThreadPoolExecutor.java:1136)
	at java.base/java.util.concurrent.ThreadPoolExecutor$Worker.run(ThreadPoolExecutor.java:635)
	at java.base/java.lang.Thread.run(Thread.java:833)
Caused by: org.openqa.selenium.StaleElementReferenceException: stale element reference: stale element not found
  (Session info: chrome=122.0.6261.58)
For documentation on this error, please visit: https://www.seleniumhq.org/exceptions/stale_element_reference.html
Build info: version: &apos;3.141.59&apos;, revision: &apos;e82be7d358&apos;, time: &apos;2018-11-14T08:17:03&apos;
System info: host: &apos;HOTGQA008&apos;, ip: &apos;10.0.8.67&apos;, os.name: &apos;Windows 11&apos;, os.arch: &apos;amd64&apos;, os.version: &apos;10.0&apos;, java.version: &apos;17.0.7&apos;
Driver info: org.openqa.selenium.chrome.ChromeDriver
Capabilities {acceptInsecureCerts: false, browserName: chrome, browserVersion: 122.0.6261.58, chrome: {chromedriverVersion: 122.0.6261.69 (81bc525b6a36..., userDataDir: C:\Users\MELG20~1\AppData\L...}, fedcm:accounts: true, goog:chromeOptions: {debuggerAddress: localhost:54387}, javascriptEnabled: true, networkConnectionEnabled: false, pageLoadStrategy: eager, platform: WINDOWS, platformName: WINDOWS, proxy: Proxy(), setWindowRect: true, strictFileInteractability: false, timeouts: {implicit: 0, pageLoad: 300000, script: 30000}, unhandledPromptBehavior: dismiss and notify, webauthn:extension:credBlob: true, webauthn:extension:largeBlob: true, webauthn:extension:minPinLength: true, webauthn:extension:prf: true, webauthn:virtualAuthenticators: true}
Session ID: 5cb3ea2190574eda8ad4501d2751e2af
	at org.openqa.selenium.remote.http.W3CHttpResponseCodec.createException(W3CHttpResponseCodec.java:187)
	at org.openqa.selenium.remote.http.W3CHttpResponseCodec.decode(W3CHttpResponseCodec.java:122)
	at org.openqa.selenium.remote.http.W3CHttpResponseCodec.decode(W3CHttpResponseCodec.java:49)
	at org.openqa.selenium.remote.HttpCommandExecutor.execute(HttpCommandExecutor.java:158)
	at org.openqa.selenium.remote.service.DriverCommandExecutor.execute(DriverCommandExecutor.java:83)
	at org.openqa.selenium.remote.RemoteWebDriver.execute(RemoteWebDriver.java:552)
	at org.openqa.selenium.remote.RemoteWebElement.execute(RemoteWebElement.java:285)
	at org.openqa.selenium.remote.RemoteWebElement.click(RemoteWebElement.java:84)
	at com.utility.Utilities.verifyElementPresentAndClick(Utilities.java:427)
	... 27 more
... Removed 23 stack frames</pre></div><a href='#' onClick='toggleBox("stack-trace96972051", this, "Click to show all stack frames", "Click to hide stack frames")'>Click to show all stack frames</a>
<div class='stack-trace' id='stack-trace96972051'><pre>java.lang.AssertionError: Element not present
	at com.utility.Utilities.verifyElementPresentAndClick(Utilities.java:440)
	at com.business.mlshop.Home.addItemToCart(Home.java:679)
	at com.business.mlshop.ShippingDetails.shippingPageItemChecker(ShippingDetails.java:53)
	at com.business.mlshop.ShippingDetails.MLS_TC_100_Validate_shippingDetails_itemsVisiblity_watch(ShippingDetails.java:95)
	at com.mlshop.test.ShippingDetails.MLS_TC_100_Validate_shippingDetails_itemsVisiblity_watch(ShippingDetails.java:16)
	at java.base/jdk.internal.reflect.NativeMethodAccessorImpl.invoke0(Native Method)
	at java.base/jdk.internal.reflect.NativeMethodAccessorImpl.invoke(NativeMethodAccessorImpl.java:77)
	at java.base/jdk.internal.reflect.DelegatingMethodAccessorImpl.invoke(DelegatingMethodAccessorImpl.java:43)
	at java.base/java.lang.reflect.Method.invoke(Method.java:568)
	at org.testng.internal.MethodInvocationHelper.invokeMethod(MethodInvocationHelper.java:134)
	at org.testng.internal.TestInvoker.invokeMethod(TestInvoker.java:597)
	at org.testng.internal.TestInvoker.invokeTestMethod(TestInvoker.java:173)
	at org.testng.internal.MethodRunner.runInSequence(MethodRunner.java:46)
	at org.testng.internal.TestInvoker$MethodInvocationAgent.invoke(TestInvoker.java:816)
	at org.testng.internal.TestInvoker.invokeTestMethods(TestInvoker.java:146)
	at org.testng.internal.TestMethodWorker.invokeTestMethods(TestMethodWorker.java:146)
	at org.testng.internal.TestMethodWorker.run(TestMethodWorker.java:128)
	at java.base/java.util.ArrayList.forEach(ArrayList.java:1511)
	at org.testng.TestRunner.privateRun(TestRunner.java:766)
	at org.testng.TestRunner.run(TestRunner.java:587)
	at org.testng.SuiteRunner.runTest(SuiteRunner.java:384)
	at org.testng.SuiteRunner.access$000(SuiteRunner.java:28)
	at org.testng.SuiteRunner$SuiteWorker.run(SuiteRunner.java:425)
	at org.testng.internal.thread.ThreadUtil.lambda$execute$0(ThreadUtil.java:68)
	at java.base/java.util.concurrent.FutureTask.run(FutureTask.java:264)
	at java.base/java.util.concurrent.ThreadPoolExecutor.runWorker(ThreadPoolExecutor.java:1136)
	at java.base/java.util.concurrent.ThreadPoolExecutor$Worker.run(ThreadPoolExecutor.java:635)
	at java.base/java.lang.Thread.run(Thread.java:833)
Caused by: org.openqa.selenium.StaleElementReferenceException: stale element reference: stale element not found
  (Session info: chrome=122.0.6261.58)
For documentation on this error, please visit: https://www.seleniumhq.org/exceptions/stale_element_reference.html
Build info: version: &apos;3.141.59&apos;, revision: &apos;e82be7d358&apos;, time: &apos;2018-11-14T08:17:03&apos;
System info: host: &apos;HOTGQA008&apos;, ip: &apos;10.0.8.67&apos;, os.name: &apos;Windows 11&apos;, os.arch: &apos;amd64&apos;, os.version: &apos;10.0&apos;, java.version: &apos;17.0.7&apos;
Driver info: org.openqa.selenium.chrome.ChromeDriver
Capabilities {acceptInsecureCerts: false, browserName: chrome, browserVersion: 122.0.6261.58, chrome: {chromedriverVersion: 122.0.6261.69 (81bc525b6a36..., userDataDir: C:\Users\MELG20~1\AppData\L...}, fedcm:accounts: true, goog:chromeOptions: {debuggerAddress: localhost:54387}, javascriptEnabled: true, networkConnectionEnabled: false, pageLoadStrategy: eager, platform: WINDOWS, platformName: WINDOWS, proxy: Proxy(), setWindowRect: true, strictFileInteractability: false, timeouts: {implicit: 0, pageLoad: 300000, script: 30000}, unhandledPromptBehavior: dismiss and notify, webauthn:extension:credBlob: true, webauthn:extension:largeBlob: true, webauthn:extension:minPinLength: true, webauthn:extension:prf: true, webauthn:virtualAuthenticators: true}
Session ID: 5cb3ea2190574eda8ad4501d2751e2af
	at java.base/jdk.internal.reflect.NativeConstructorAccessorImpl.newInstance0(Native Method)
	at java.base/jdk.internal.reflect.NativeConstructorAccessorImpl.newInstance(NativeConstructorAccessorImpl.java:77)
	at java.base/jdk.internal.reflect.DelegatingConstructorAccessorImpl.newInstance(DelegatingConstructorAccessorImpl.java:45)
	at java.base/java.lang.reflect.Constructor.newInstanceWithCaller(Constructor.java:499)
	at java.base/java.lang.reflect.Constructor.newInstance(Constructor.java:480)
	at org.openqa.selenium.remote.http.W3CHttpResponseCodec.createException(W3CHttpResponseCodec.java:187)
	at org.openqa.selenium.remote.http.W3CHttpResponseCodec.decode(W3CHttpResponseCodec.java:122)
	at org.openqa.selenium.remote.http.W3CHttpResponseCodec.decode(W3CHttpResponseCodec.java:49)
	at org.openqa.selenium.remote.HttpCommandExecutor.execute(HttpCommandExecutor.java:158)
	at org.openqa.selenium.remote.service.DriverCommandExecutor.execute(DriverCommandExecutor.java:83)
	at org.openqa.selenium.remote.RemoteWebDriver.execute(RemoteWebDriver.java:552)
	at org.openqa.selenium.remote.RemoteWebElement.execute(RemoteWebElement.java:285)
	at org.openqa.selenium.remote.RemoteWebElement.click(RemoteWebElement.java:84)
	at com.utility.Utilities.verifyElementPresentAndClick(Utilities.java:427)
	... 27 more
</pre></div></td>
<td>2</td>
<td>com.mlshop.test.ShippingDetails@7862f56</td></tr>
<tr>
<td title='com.mlshop.test.Home.MLS_TC_27_ValidatePurchaseHistory_Navigation()'><b>MLS_TC_27_ValidatePurchaseHistory_Navigation</b><br>Test class: com.mlshop.test.Home</td>
<td><div><pre>java.lang.AssertionError: expected [https://mlshoppreprod.mlhuillier.com/purchasehistory] but found [https://mlshoppreprod.mlhuillier.com/]
	at com.utility.Utilities.assertionValidation(Utilities.java:2790)
	at com.business.mlshop.Home.MLS_TC_27_ValidatePurchaseHistory_Navigation(Home.java:56)
	at com.mlshop.test.Home.MLS_TC_27_ValidatePurchaseHistory_Navigation(Home.java:17)
	at java.base/java.util.ArrayList.forEach(ArrayList.java:1511)
	at java.base/java.util.concurrent.FutureTask.run(FutureTask.java:264)
	at java.base/java.util.concurrent.ThreadPoolExecutor.runWorker(ThreadPoolExecutor.java:1136)
	at java.base/java.util.concurrent.ThreadPoolExecutor$Worker.run(ThreadPoolExecutor.java:635)
	at java.base/java.lang.Thread.run(Thread.java:833)
... Removed 23 stack frames</pre></div><a href='#' onClick='toggleBox("stack-trace104723961", this, "Click to show all stack frames", "Click to hide stack frames")'>Click to show all stack frames</a>
<div class='stack-trace' id='stack-trace104723961'><pre>java.lang.AssertionError: expected [https://mlshoppreprod.mlhuillier.com/purchasehistory] but found [https://mlshoppreprod.mlhuillier.com/]
	at org.testng.Assert.fail(Assert.java:97)
	at org.testng.Assert.assertEqualsImpl(Assert.java:136)
	at org.testng.Assert.assertEquals(Assert.java:118)
	at org.testng.Assert.assertEquals(Assert.java:575)
	at org.testng.Assert.assertEquals(Assert.java:585)
	at com.utility.Utilities.assertionValidation(Utilities.java:2790)
	at com.business.mlshop.Home.MLS_TC_27_ValidatePurchaseHistory_Navigation(Home.java:56)
	at com.mlshop.test.Home.MLS_TC_27_ValidatePurchaseHistory_Navigation(Home.java:17)
	at java.base/jdk.internal.reflect.NativeMethodAccessorImpl.invoke0(Native Method)
	at java.base/jdk.internal.reflect.NativeMethodAccessorImpl.invoke(NativeMethodAccessorImpl.java:77)
	at java.base/jdk.internal.reflect.DelegatingMethodAccessorImpl.invoke(DelegatingMethodAccessorImpl.java:43)
	at java.base/java.lang.reflect.Method.invoke(Method.java:568)
	at org.testng.internal.MethodInvocationHelper.invokeMethod(MethodInvocationHelper.java:134)
	at org.testng.internal.TestInvoker.invokeMethod(TestInvoker.java:597)
	at org.testng.internal.TestInvoker.invokeTestMethod(TestInvoker.java:173)
	at org.testng.internal.MethodRunner.runInSequence(MethodRunner.java:46)
	at org.testng.internal.TestInvoker$MethodInvocationAgent.invoke(TestInvoker.java:816)
	at org.testng.internal.TestInvoker.invokeTestMethods(TestInvoker.java:146)
	at org.testng.internal.TestMethodWorker.invokeTestMethods(TestMethodWorker.java:146)
	at org.testng.internal.TestMethodWorker.run(TestMethodWorker.java:128)
	at java.base/java.util.ArrayList.forEach(ArrayList.java:1511)
	at org.testng.TestRunner.privateRun(TestRunner.java:766)
	at org.testng.TestRunner.run(TestRunner.java:587)
	at org.testng.SuiteRunner.runTest(SuiteRunner.java:384)
	at org.testng.SuiteRunner.access$000(SuiteRunner.java:28)
	at org.testng.SuiteRunner$SuiteWorker.run(SuiteRunner.java:425)
	at org.testng.internal.thread.ThreadUtil.lambda$execute$0(ThreadUtil.java:68)
	at java.base/java.util.concurrent.FutureTask.run(FutureTask.java:264)
	at java.base/java.util.concurrent.ThreadPoolExecutor.runWorker(ThreadPoolExecutor.java:1136)
	at java.base/java.util.concurrent.ThreadPoolExecutor$Worker.run(ThreadPoolExecutor.java:635)
	at java.base/java.lang.Thread.run(Thread.java:833)
</pre></div></td>
<td>12</td>
<td>com.mlshop.test.Home@3da05287</td></tr>
<tr>
<td title='com.mlshop.test.Home.MLS_TC_60_ValidateFilter_TagHeuer()'><b>MLS_TC_60_ValidateFilter_TagHeuer</b><br>Test class: com.mlshop.test.Home</td>
<td><div><pre>java.lang.AssertionError: Unable to click element By.xpath: //span[normalize-space()=&apos;All Brands&apos;]
	at com.utility.Utilities.click(Utilities.java:497)
	at com.business.mlshop.Home.MLS_TC_60_ValidateFilter_TagHeuer(Home.java:338)
	at com.mlshop.test.Home.MLS_TC_60_ValidateFilter_TagHeuer(Home.java:122)
	at java.base/java.util.ArrayList.forEach(ArrayList.java:1511)
	at java.base/java.util.concurrent.FutureTask.run(FutureTask.java:264)
	at java.base/java.util.concurrent.ThreadPoolExecutor.runWorker(ThreadPoolExecutor.java:1136)
	at java.base/java.util.concurrent.ThreadPoolExecutor$Worker.run(ThreadPoolExecutor.java:635)
	at java.base/java.lang.Thread.run(Thread.java:833)
Caused by: org.openqa.selenium.NoSuchElementException: no such element: Unable to locate element: {&quot;method&quot;:&quot;xpath&quot;,&quot;selector&quot;:&quot;//span[normalize-space()=&apos;All Brands&apos;]&quot;}
  (Session info: chrome=122.0.6261.58)
For documentation on this error, please visit: https://www.seleniumhq.org/exceptions/no_such_element.html
Build info: version: &apos;3.141.59&apos;, revision: &apos;e82be7d358&apos;, time: &apos;2018-11-14T08:17:03&apos;
System info: host: &apos;HOTGQA008&apos;, ip: &apos;10.0.8.67&apos;, os.name: &apos;Windows 11&apos;, os.arch: &apos;amd64&apos;, os.version: &apos;10.0&apos;, java.version: &apos;17.0.7&apos;
Driver info: org.openqa.selenium.chrome.ChromeDriver
Capabilities {acceptInsecureCerts: false, browserName: chrome, browserVersion: 122.0.6261.58, chrome: {chromedriverVersion: 122.0.6261.69 (81bc525b6a36..., userDataDir: C:\Users\MELG20~1\AppData\L...}, fedcm:accounts: true, goog:chromeOptions: {debuggerAddress: localhost:55857}, javascriptEnabled: true, networkConnectionEnabled: false, pageLoadStrategy: eager, platform: WINDOWS, platformName: WINDOWS, proxy: Proxy(), setWindowRect: true, strictFileInteractability: false, timeouts: {implicit: 0, pageLoad: 300000, script: 30000}, unhandledPromptBehavior: dismiss and notify, webauthn:extension:credBlob: true, webauthn:extension:largeBlob: true, webauthn:extension:minPinLength: true, webauthn:extension:prf: true, webauthn:virtualAuthenticators: true}
Session ID: f392207b819db2b585f4bc7d8bcd21ae
*** Element info: {Using=xpath, value=//span[normalize-space()=&apos;All Brands&apos;]}
	at org.openqa.selenium.remote.http.W3CHttpResponseCodec.createException(W3CHttpResponseCodec.java:187)
	at org.openqa.selenium.remote.http.W3CHttpResponseCodec.decode(W3CHttpResponseCodec.java:122)
	at org.openqa.selenium.remote.http.W3CHttpResponseCodec.decode(W3CHttpResponseCodec.java:49)
	at org.openqa.selenium.remote.HttpCommandExecutor.execute(HttpCommandExecutor.java:158)
	at org.openqa.selenium.remote.service.DriverCommandExecutor.execute(DriverCommandExecutor.java:83)
	at org.openqa.selenium.remote.RemoteWebDriver.execute(RemoteWebDriver.java:552)
	at org.openqa.selenium.remote.RemoteWebDriver.findElement(RemoteWebDriver.java:323)
	at org.openqa.selenium.remote.RemoteWebDriver.findElementByXPath(RemoteWebDriver.java:428)
	at org.openqa.selenium.By$ByXPath.findElement(By.java:353)
	at org.openqa.selenium.remote.RemoteWebDriver.findElement(RemoteWebDriver.java:315)
	at com.utility.Utilities.click(Utilities.java:488)
	... 25 more
... Removed 23 stack frames</pre></div><a href='#' onClick='toggleBox("stack-trace288572190", this, "Click to show all stack frames", "Click to hide stack frames")'>Click to show all stack frames</a>
<div class='stack-trace' id='stack-trace288572190'><pre>java.lang.AssertionError: Unable to click element By.xpath: //span[normalize-space()=&apos;All Brands&apos;]
	at com.utility.Utilities.click(Utilities.java:497)
	at com.business.mlshop.Home.MLS_TC_60_ValidateFilter_TagHeuer(Home.java:338)
	at com.mlshop.test.Home.MLS_TC_60_ValidateFilter_TagHeuer(Home.java:122)
	at java.base/jdk.internal.reflect.NativeMethodAccessorImpl.invoke0(Native Method)
	at java.base/jdk.internal.reflect.NativeMethodAccessorImpl.invoke(NativeMethodAccessorImpl.java:77)
	at java.base/jdk.internal.reflect.DelegatingMethodAccessorImpl.invoke(DelegatingMethodAccessorImpl.java:43)
	at java.base/java.lang.reflect.Method.invoke(Method.java:568)
	at org.testng.internal.MethodInvocationHelper.invokeMethod(MethodInvocationHelper.java:134)
	at org.testng.internal.TestInvoker.invokeMethod(TestInvoker.java:597)
	at org.testng.internal.TestInvoker.invokeTestMethod(TestInvoker.java:173)
	at org.testng.internal.MethodRunner.runInSequence(MethodRunner.java:46)
	at org.testng.internal.TestInvoker$MethodInvocationAgent.invoke(TestInvoker.java:816)
	at org.testng.internal.TestInvoker.invokeTestMethods(TestInvoker.java:146)
	at org.testng.internal.TestMethodWorker.invokeTestMethods(TestMethodWorker.java:146)
	at org.testng.internal.TestMethodWorker.run(TestMethodWorker.java:128)
	at java.base/java.util.ArrayList.forEach(ArrayList.java:1511)
	at org.testng.TestRunner.privateRun(TestRunner.java:766)
	at org.testng.TestRunner.run(TestRunner.java:587)
	at org.testng.SuiteRunner.runTest(SuiteRunner.java:384)
	at org.testng.SuiteRunner.access$000(SuiteRunner.java:28)
	at org.testng.SuiteRunner$SuiteWorker.run(SuiteRunner.java:425)
	at org.testng.internal.thread.ThreadUtil.lambda$execute$0(ThreadUtil.java:68)
	at java.base/java.util.concurrent.FutureTask.run(FutureTask.java:264)
	at java.base/java.util.concurrent.ThreadPoolExecutor.runWorker(ThreadPoolExecutor.java:1136)
	at java.base/java.util.concurrent.ThreadPoolExecutor$Worker.run(ThreadPoolExecutor.java:635)
	at java.base/java.lang.Thread.run(Thread.java:833)
Caused by: org.openqa.selenium.NoSuchElementException: no such element: Unable to locate element: {&quot;method&quot;:&quot;xpath&quot;,&quot;selector&quot;:&quot;//span[normalize-space()=&apos;All Brands&apos;]&quot;}
  (Session info: chrome=122.0.6261.58)
For documentation on this error, please visit: https://www.seleniumhq.org/exceptions/no_such_element.html
Build info: version: &apos;3.141.59&apos;, revision: &apos;e82be7d358&apos;, time: &apos;2018-11-14T08:17:03&apos;
System info: host: &apos;HOTGQA008&apos;, ip: &apos;10.0.8.67&apos;, os.name: &apos;Windows 11&apos;, os.arch: &apos;amd64&apos;, os.version: &apos;10.0&apos;, java.version: &apos;17.0.7&apos;
Driver info: org.openqa.selenium.chrome.ChromeDriver
Capabilities {acceptInsecureCerts: false, browserName: chrome, browserVersion: 122.0.6261.58, chrome: {chromedriverVersion: 122.0.6261.69 (81bc525b6a36..., userDataDir: C:\Users\MELG20~1\AppData\L...}, fedcm:accounts: true, goog:chromeOptions: {debuggerAddress: localhost:55857}, javascriptEnabled: true, networkConnectionEnabled: false, pageLoadStrategy: eager, platform: WINDOWS, platformName: WINDOWS, proxy: Proxy(), setWindowRect: true, strictFileInteractability: false, timeouts: {implicit: 0, pageLoad: 300000, script: 30000}, unhandledPromptBehavior: dismiss and notify, webauthn:extension:credBlob: true, webauthn:extension:largeBlob: true, webauthn:extension:minPinLength: true, webauthn:extension:prf: true, webauthn:virtualAuthenticators: true}
Session ID: f392207b819db2b585f4bc7d8bcd21ae
*** Element info: {Using=xpath, value=//span[normalize-space()=&apos;All Brands&apos;]}
	at java.base/jdk.internal.reflect.NativeConstructorAccessorImpl.newInstance0(Native Method)
	at java.base/jdk.internal.reflect.NativeConstructorAccessorImpl.newInstance(NativeConstructorAccessorImpl.java:77)
	at java.base/jdk.internal.reflect.DelegatingConstructorAccessorImpl.newInstance(DelegatingConstructorAccessorImpl.java:45)
	at java.base/java.lang.reflect.Constructor.newInstanceWithCaller(Constructor.java:499)
	at java.base/java.lang.reflect.Constructor.newInstance(Constructor.java:480)
	at org.openqa.selenium.remote.http.W3CHttpResponseCodec.createException(W3CHttpResponseCodec.java:187)
	at org.openqa.selenium.remote.http.W3CHttpResponseCodec.decode(W3CHttpResponseCodec.java:122)
	at org.openqa.selenium.remote.http.W3CHttpResponseCodec.decode(W3CHttpResponseCodec.java:49)
	at org.openqa.selenium.remote.HttpCommandExecutor.execute(HttpCommandExecutor.java:158)
	at org.openqa.selenium.remote.service.DriverCommandExecutor.execute(DriverCommandExecutor.java:83)
	at org.openqa.selenium.remote.RemoteWebDriver.execute(RemoteWebDriver.java:552)
	at org.openqa.selenium.remote.RemoteWebDriver.findElement(RemoteWebDriver.java:323)
	at org.openqa.selenium.remote.RemoteWebDriver.findElementByXPath(RemoteWebDriver.java:428)
	at org.openqa.selenium.By$ByXPath.findElement(By.java:353)
	at org.openqa.selenium.remote.RemoteWebDriver.findElement(RemoteWebDriver.java:315)
	at com.utility.Utilities.click(Utilities.java:488)
	... 25 more
</pre></div></td>
<td>34</td>
<td>com.mlshop.test.Home@3da05287</td></tr>
<tr>
<td title='com.mlshop.test.Home.MLS_TC_61_ValidateFilter_Seiko()'><b>MLS_TC_61_ValidateFilter_Seiko</b><br>Test class: com.mlshop.test.Home</td>
<td><div><pre>java.lang.AssertionError: Unable to click element By.xpath: //span[normalize-space()=&apos;All Brands&apos;]
	at com.utility.Utilities.click(Utilities.java:497)
	at com.business.mlshop.Home.MLS_TC_61_ValidateFilter_Seiko(Home.java:351)
	at com.mlshop.test.Home.MLS_TC_61_ValidateFilter_Seiko(Home.java:126)
	at java.base/java.util.ArrayList.forEach(ArrayList.java:1511)
	at java.base/java.util.concurrent.FutureTask.run(FutureTask.java:264)
	at java.base/java.util.concurrent.ThreadPoolExecutor.runWorker(ThreadPoolExecutor.java:1136)
	at java.base/java.util.concurrent.ThreadPoolExecutor$Worker.run(ThreadPoolExecutor.java:635)
	at java.base/java.lang.Thread.run(Thread.java:833)
Caused by: org.openqa.selenium.NoSuchElementException: no such element: Unable to locate element: {&quot;method&quot;:&quot;xpath&quot;,&quot;selector&quot;:&quot;//span[normalize-space()=&apos;All Brands&apos;]&quot;}
  (Session info: chrome=122.0.6261.58)
For documentation on this error, please visit: https://www.seleniumhq.org/exceptions/no_such_element.html
Build info: version: &apos;3.141.59&apos;, revision: &apos;e82be7d358&apos;, time: &apos;2018-11-14T08:17:03&apos;
System info: host: &apos;HOTGQA008&apos;, ip: &apos;10.0.8.67&apos;, os.name: &apos;Windows 11&apos;, os.arch: &apos;amd64&apos;, os.version: &apos;10.0&apos;, java.version: &apos;17.0.7&apos;
Driver info: org.openqa.selenium.chrome.ChromeDriver
Capabilities {acceptInsecureCerts: false, browserName: chrome, browserVersion: 122.0.6261.58, chrome: {chromedriverVersion: 122.0.6261.69 (81bc525b6a36..., userDataDir: C:\Users\MELG20~1\AppData\L...}, fedcm:accounts: true, goog:chromeOptions: {debuggerAddress: localhost:56007}, javascriptEnabled: true, networkConnectionEnabled: false, pageLoadStrategy: eager, platform: WINDOWS, platformName: WINDOWS, proxy: Proxy(), setWindowRect: true, strictFileInteractability: false, timeouts: {implicit: 0, pageLoad: 300000, script: 30000}, unhandledPromptBehavior: dismiss and notify, webauthn:extension:credBlob: true, webauthn:extension:largeBlob: true, webauthn:extension:minPinLength: true, webauthn:extension:prf: true, webauthn:virtualAuthenticators: true}
Session ID: 4f93861f874f7527f794ce98224b8301
*** Element info: {Using=xpath, value=//span[normalize-space()=&apos;All Brands&apos;]}
	at org.openqa.selenium.remote.http.W3CHttpResponseCodec.createException(W3CHttpResponseCodec.java:187)
	at org.openqa.selenium.remote.http.W3CHttpResponseCodec.decode(W3CHttpResponseCodec.java:122)
	at org.openqa.selenium.remote.http.W3CHttpResponseCodec.decode(W3CHttpResponseCodec.java:49)
	at org.openqa.selenium.remote.HttpCommandExecutor.execute(HttpCommandExecutor.java:158)
	at org.openqa.selenium.remote.service.DriverCommandExecutor.execute(DriverCommandExecutor.java:83)
	at org.openqa.selenium.remote.RemoteWebDriver.execute(RemoteWebDriver.java:552)
	at org.openqa.selenium.remote.RemoteWebDriver.findElement(RemoteWebDriver.java:323)
	at org.openqa.selenium.remote.RemoteWebDriver.findElementByXPath(RemoteWebDriver.java:428)
	at org.openqa.selenium.By$ByXPath.findElement(By.java:353)
	at org.openqa.selenium.remote.RemoteWebDriver.findElement(RemoteWebDriver.java:315)
	at com.utility.Utilities.click(Utilities.java:488)
	... 25 more
... Removed 23 stack frames</pre></div><a href='#' onClick='toggleBox("stack-trace2107192866", this, "Click to show all stack frames", "Click to hide stack frames")'>Click to show all stack frames</a>
<div class='stack-trace' id='stack-trace2107192866'><pre>java.lang.AssertionError: Unable to click element By.xpath: //span[normalize-space()=&apos;All Brands&apos;]
	at com.utility.Utilities.click(Utilities.java:497)
	at com.business.mlshop.Home.MLS_TC_61_ValidateFilter_Seiko(Home.java:351)
	at com.mlshop.test.Home.MLS_TC_61_ValidateFilter_Seiko(Home.java:126)
	at java.base/jdk.internal.reflect.NativeMethodAccessorImpl.invoke0(Native Method)
	at java.base/jdk.internal.reflect.NativeMethodAccessorImpl.invoke(NativeMethodAccessorImpl.java:77)
	at java.base/jdk.internal.reflect.DelegatingMethodAccessorImpl.invoke(DelegatingMethodAccessorImpl.java:43)
	at java.base/java.lang.reflect.Method.invoke(Method.java:568)
	at org.testng.internal.MethodInvocationHelper.invokeMethod(MethodInvocationHelper.java:134)
	at org.testng.internal.TestInvoker.invokeMethod(TestInvoker.java:597)
	at org.testng.internal.TestInvoker.invokeTestMethod(TestInvoker.java:173)
	at org.testng.internal.MethodRunner.runInSequence(MethodRunner.java:46)
	at org.testng.internal.TestInvoker$MethodInvocationAgent.invoke(TestInvoker.java:816)
	at org.testng.internal.TestInvoker.invokeTestMethods(TestInvoker.java:146)
	at org.testng.internal.TestMethodWorker.invokeTestMethods(TestMethodWorker.java:146)
	at org.testng.internal.TestMethodWorker.run(TestMethodWorker.java:128)
	at java.base/java.util.ArrayList.forEach(ArrayList.java:1511)
	at org.testng.TestRunner.privateRun(TestRunner.java:766)
	at org.testng.TestRunner.run(TestRunner.java:587)
	at org.testng.SuiteRunner.runTest(SuiteRunner.java:384)
	at org.testng.SuiteRunner.access$000(SuiteRunner.java:28)
	at org.testng.SuiteRunner$SuiteWorker.run(SuiteRunner.java:425)
	at org.testng.internal.thread.ThreadUtil.lambda$execute$0(ThreadUtil.java:68)
	at java.base/java.util.concurrent.FutureTask.run(FutureTask.java:264)
	at java.base/java.util.concurrent.ThreadPoolExecutor.runWorker(ThreadPoolExecutor.java:1136)
	at java.base/java.util.concurrent.ThreadPoolExecutor$Worker.run(ThreadPoolExecutor.java:635)
	at java.base/java.lang.Thread.run(Thread.java:833)
Caused by: org.openqa.selenium.NoSuchElementException: no such element: Unable to locate element: {&quot;method&quot;:&quot;xpath&quot;,&quot;selector&quot;:&quot;//span[normalize-space()=&apos;All Brands&apos;]&quot;}
  (Session info: chrome=122.0.6261.58)
For documentation on this error, please visit: https://www.seleniumhq.org/exceptions/no_such_element.html
Build info: version: &apos;3.141.59&apos;, revision: &apos;e82be7d358&apos;, time: &apos;2018-11-14T08:17:03&apos;
System info: host: &apos;HOTGQA008&apos;, ip: &apos;10.0.8.67&apos;, os.name: &apos;Windows 11&apos;, os.arch: &apos;amd64&apos;, os.version: &apos;10.0&apos;, java.version: &apos;17.0.7&apos;
Driver info: org.openqa.selenium.chrome.ChromeDriver
Capabilities {acceptInsecureCerts: false, browserName: chrome, browserVersion: 122.0.6261.58, chrome: {chromedriverVersion: 122.0.6261.69 (81bc525b6a36..., userDataDir: C:\Users\MELG20~1\AppData\L...}, fedcm:accounts: true, goog:chromeOptions: {debuggerAddress: localhost:56007}, javascriptEnabled: true, networkConnectionEnabled: false, pageLoadStrategy: eager, platform: WINDOWS, platformName: WINDOWS, proxy: Proxy(), setWindowRect: true, strictFileInteractability: false, timeouts: {implicit: 0, pageLoad: 300000, script: 30000}, unhandledPromptBehavior: dismiss and notify, webauthn:extension:credBlob: true, webauthn:extension:largeBlob: true, webauthn:extension:minPinLength: true, webauthn:extension:prf: true, webauthn:virtualAuthenticators: true}
Session ID: 4f93861f874f7527f794ce98224b8301
*** Element info: {Using=xpath, value=//span[normalize-space()=&apos;All Brands&apos;]}
	at java.base/jdk.internal.reflect.NativeConstructorAccessorImpl.newInstance0(Native Method)
	at java.base/jdk.internal.reflect.NativeConstructorAccessorImpl.newInstance(NativeConstructorAccessorImpl.java:77)
	at java.base/jdk.internal.reflect.DelegatingConstructorAccessorImpl.newInstance(DelegatingConstructorAccessorImpl.java:45)
	at java.base/java.lang.reflect.Constructor.newInstanceWithCaller(Constructor.java:499)
	at java.base/java.lang.reflect.Constructor.newInstance(Constructor.java:480)
	at org.openqa.selenium.remote.http.W3CHttpResponseCodec.createException(W3CHttpResponseCodec.java:187)
	at org.openqa.selenium.remote.http.W3CHttpResponseCodec.decode(W3CHttpResponseCodec.java:122)
	at org.openqa.selenium.remote.http.W3CHttpResponseCodec.decode(W3CHttpResponseCodec.java:49)
	at org.openqa.selenium.remote.HttpCommandExecutor.execute(HttpCommandExecutor.java:158)
	at org.openqa.selenium.remote.service.DriverCommandExecutor.execute(DriverCommandExecutor.java:83)
	at org.openqa.selenium.remote.RemoteWebDriver.execute(RemoteWebDriver.java:552)
	at org.openqa.selenium.remote.RemoteWebDriver.findElement(RemoteWebDriver.java:323)
	at org.openqa.selenium.remote.RemoteWebDriver.findElementByXPath(RemoteWebDriver.java:428)
	at org.openqa.selenium.By$ByXPath.findElement(By.java:353)
	at org.openqa.selenium.remote.RemoteWebDriver.findElement(RemoteWebDriver.java:315)
	at com.utility.Utilities.click(Utilities.java:488)
	... 25 more
</pre></div></td>
<td>34</td>
<td>com.mlshop.test.Home@3da05287</td></tr>
<tr>
<td title='com.mlshop.test.Home.MLS_TC_62_ValidateFilter_Casio()'><b>MLS_TC_62_ValidateFilter_Casio</b><br>Test class: com.mlshop.test.Home</td>
<td><div><pre>java.lang.AssertionError: Unable to click element By.xpath: //span[normalize-space()=&apos;All Brands&apos;]
	at com.utility.Utilities.click(Utilities.java:497)
	at com.business.mlshop.Home.MLS_TC_62_ValidateFilter_Casio(Home.java:363)
	at com.mlshop.test.Home.MLS_TC_62_ValidateFilter_Casio(Home.java:130)
	at java.base/java.util.ArrayList.forEach(ArrayList.java:1511)
	at java.base/java.util.concurrent.FutureTask.run(FutureTask.java:264)
	at java.base/java.util.concurrent.ThreadPoolExecutor.runWorker(ThreadPoolExecutor.java:1136)
	at java.base/java.util.concurrent.ThreadPoolExecutor$Worker.run(ThreadPoolExecutor.java:635)
	at java.base/java.lang.Thread.run(Thread.java:833)
Caused by: org.openqa.selenium.NoSuchElementException: no such element: Unable to locate element: {&quot;method&quot;:&quot;xpath&quot;,&quot;selector&quot;:&quot;//span[normalize-space()=&apos;All Brands&apos;]&quot;}
  (Session info: chrome=122.0.6261.58)
For documentation on this error, please visit: https://www.seleniumhq.org/exceptions/no_such_element.html
Build info: version: &apos;3.141.59&apos;, revision: &apos;e82be7d358&apos;, time: &apos;2018-11-14T08:17:03&apos;
System info: host: &apos;HOTGQA008&apos;, ip: &apos;10.0.8.67&apos;, os.name: &apos;Windows 11&apos;, os.arch: &apos;amd64&apos;, os.version: &apos;10.0&apos;, java.version: &apos;17.0.7&apos;
Driver info: org.openqa.selenium.chrome.ChromeDriver
Capabilities {acceptInsecureCerts: false, browserName: chrome, browserVersion: 122.0.6261.58, chrome: {chromedriverVersion: 122.0.6261.69 (81bc525b6a36..., userDataDir: C:\Users\MELG20~1\AppData\L...}, fedcm:accounts: true, goog:chromeOptions: {debuggerAddress: localhost:56148}, javascriptEnabled: true, networkConnectionEnabled: false, pageLoadStrategy: eager, platform: WINDOWS, platformName: WINDOWS, proxy: Proxy(), setWindowRect: true, strictFileInteractability: false, timeouts: {implicit: 0, pageLoad: 300000, script: 30000}, unhandledPromptBehavior: dismiss and notify, webauthn:extension:credBlob: true, webauthn:extension:largeBlob: true, webauthn:extension:minPinLength: true, webauthn:extension:prf: true, webauthn:virtualAuthenticators: true}
Session ID: 5510292fbc6c5bee02c3b14fe619fcfb
*** Element info: {Using=xpath, value=//span[normalize-space()=&apos;All Brands&apos;]}
	at org.openqa.selenium.remote.http.W3CHttpResponseCodec.createException(W3CHttpResponseCodec.java:187)
	at org.openqa.selenium.remote.http.W3CHttpResponseCodec.decode(W3CHttpResponseCodec.java:122)
	at org.openqa.selenium.remote.http.W3CHttpResponseCodec.decode(W3CHttpResponseCodec.java:49)
	at org.openqa.selenium.remote.HttpCommandExecutor.execute(HttpCommandExecutor.java:158)
	at org.openqa.selenium.remote.service.DriverCommandExecutor.execute(DriverCommandExecutor.java:83)
	at org.openqa.selenium.remote.RemoteWebDriver.execute(RemoteWebDriver.java:552)
	at org.openqa.selenium.remote.RemoteWebDriver.findElement(RemoteWebDriver.java:323)
	at org.openqa.selenium.remote.RemoteWebDriver.findElementByXPath(RemoteWebDriver.java:428)
	at org.openqa.selenium.By$ByXPath.findElement(By.java:353)
	at org.openqa.selenium.remote.RemoteWebDriver.findElement(RemoteWebDriver.java:315)
	at com.utility.Utilities.click(Utilities.java:488)
	... 25 more
... Removed 23 stack frames</pre></div><a href='#' onClick='toggleBox("stack-trace157939703", this, "Click to show all stack frames", "Click to hide stack frames")'>Click to show all stack frames</a>
<div class='stack-trace' id='stack-trace157939703'><pre>java.lang.AssertionError: Unable to click element By.xpath: //span[normalize-space()=&apos;All Brands&apos;]
	at com.utility.Utilities.click(Utilities.java:497)
	at com.business.mlshop.Home.MLS_TC_62_ValidateFilter_Casio(Home.java:363)
	at com.mlshop.test.Home.MLS_TC_62_ValidateFilter_Casio(Home.java:130)
	at java.base/jdk.internal.reflect.NativeMethodAccessorImpl.invoke0(Native Method)
	at java.base/jdk.internal.reflect.NativeMethodAccessorImpl.invoke(NativeMethodAccessorImpl.java:77)
	at java.base/jdk.internal.reflect.DelegatingMethodAccessorImpl.invoke(DelegatingMethodAccessorImpl.java:43)
	at java.base/java.lang.reflect.Method.invoke(Method.java:568)
	at org.testng.internal.MethodInvocationHelper.invokeMethod(MethodInvocationHelper.java:134)
	at org.testng.internal.TestInvoker.invokeMethod(TestInvoker.java:597)
	at org.testng.internal.TestInvoker.invokeTestMethod(TestInvoker.java:173)
	at org.testng.internal.MethodRunner.runInSequence(MethodRunner.java:46)
	at org.testng.internal.TestInvoker$MethodInvocationAgent.invoke(TestInvoker.java:816)
	at org.testng.internal.TestInvoker.invokeTestMethods(TestInvoker.java:146)
	at org.testng.internal.TestMethodWorker.invokeTestMethods(TestMethodWorker.java:146)
	at org.testng.internal.TestMethodWorker.run(TestMethodWorker.java:128)
	at java.base/java.util.ArrayList.forEach(ArrayList.java:1511)
	at org.testng.TestRunner.privateRun(TestRunner.java:766)
	at org.testng.TestRunner.run(TestRunner.java:587)
	at org.testng.SuiteRunner.runTest(SuiteRunner.java:384)
	at org.testng.SuiteRunner.access$000(SuiteRunner.java:28)
	at org.testng.SuiteRunner$SuiteWorker.run(SuiteRunner.java:425)
	at org.testng.internal.thread.ThreadUtil.lambda$execute$0(ThreadUtil.java:68)
	at java.base/java.util.concurrent.FutureTask.run(FutureTask.java:264)
	at java.base/java.util.concurrent.ThreadPoolExecutor.runWorker(ThreadPoolExecutor.java:1136)
	at java.base/java.util.concurrent.ThreadPoolExecutor$Worker.run(ThreadPoolExecutor.java:635)
	at java.base/java.lang.Thread.run(Thread.java:833)
Caused by: org.openqa.selenium.NoSuchElementException: no such element: Unable to locate element: {&quot;method&quot;:&quot;xpath&quot;,&quot;selector&quot;:&quot;//span[normalize-space()=&apos;All Brands&apos;]&quot;}
  (Session info: chrome=122.0.6261.58)
For documentation on this error, please visit: https://www.seleniumhq.org/exceptions/no_such_element.html
Build info: version: &apos;3.141.59&apos;, revision: &apos;e82be7d358&apos;, time: &apos;2018-11-14T08:17:03&apos;
System info: host: &apos;HOTGQA008&apos;, ip: &apos;10.0.8.67&apos;, os.name: &apos;Windows 11&apos;, os.arch: &apos;amd64&apos;, os.version: &apos;10.0&apos;, java.version: &apos;17.0.7&apos;
Driver info: org.openqa.selenium.chrome.ChromeDriver
Capabilities {acceptInsecureCerts: false, browserName: chrome, browserVersion: 122.0.6261.58, chrome: {chromedriverVersion: 122.0.6261.69 (81bc525b6a36..., userDataDir: C:\Users\MELG20~1\AppData\L...}, fedcm:accounts: true, goog:chromeOptions: {debuggerAddress: localhost:56148}, javascriptEnabled: true, networkConnectionEnabled: false, pageLoadStrategy: eager, platform: WINDOWS, platformName: WINDOWS, proxy: Proxy(), setWindowRect: true, strictFileInteractability: false, timeouts: {implicit: 0, pageLoad: 300000, script: 30000}, unhandledPromptBehavior: dismiss and notify, webauthn:extension:credBlob: true, webauthn:extension:largeBlob: true, webauthn:extension:minPinLength: true, webauthn:extension:prf: true, webauthn:virtualAuthenticators: true}
Session ID: 5510292fbc6c5bee02c3b14fe619fcfb
*** Element info: {Using=xpath, value=//span[normalize-space()=&apos;All Brands&apos;]}
	at java.base/jdk.internal.reflect.NativeConstructorAccessorImpl.newInstance0(Native Method)
	at java.base/jdk.internal.reflect.NativeConstructorAccessorImpl.newInstance(NativeConstructorAccessorImpl.java:77)
	at java.base/jdk.internal.reflect.DelegatingConstructorAccessorImpl.newInstance(DelegatingConstructorAccessorImpl.java:45)
	at java.base/java.lang.reflect.Constructor.newInstanceWithCaller(Constructor.java:499)
	at java.base/java.lang.reflect.Constructor.newInstance(Constructor.java:480)
	at org.openqa.selenium.remote.http.W3CHttpResponseCodec.createException(W3CHttpResponseCodec.java:187)
	at org.openqa.selenium.remote.http.W3CHttpResponseCodec.decode(W3CHttpResponseCodec.java:122)
	at org.openqa.selenium.remote.http.W3CHttpResponseCodec.decode(W3CHttpResponseCodec.java:49)
	at org.openqa.selenium.remote.HttpCommandExecutor.execute(HttpCommandExecutor.java:158)
	at org.openqa.selenium.remote.service.DriverCommandExecutor.execute(DriverCommandExecutor.java:83)
	at org.openqa.selenium.remote.RemoteWebDriver.execute(RemoteWebDriver.java:552)
	at org.openqa.selenium.remote.RemoteWebDriver.findElement(RemoteWebDriver.java:323)
	at org.openqa.selenium.remote.RemoteWebDriver.findElementByXPath(RemoteWebDriver.java:428)
	at org.openqa.selenium.By$ByXPath.findElement(By.java:353)
	at org.openqa.selenium.remote.RemoteWebDriver.findElement(RemoteWebDriver.java:315)
	at com.utility.Utilities.click(Utilities.java:488)
	... 25 more
</pre></div></td>
<td>34</td>
<td>com.mlshop.test.Home@3da05287</td></tr>
<tr>
<td title='com.mlshop.test.Home.MLS_TC_63_ValidateFilter_AllMovements_watch()'><b>MLS_TC_63_ValidateFilter_AllMovements_watch</b><br>Test class: com.mlshop.test.Home</td>
<td><div><pre>java.lang.AssertionError: Unable to click element By.xpath: //span[normalize-space()=&apos;All Movements&apos;]
	at com.utility.Utilities.click(Utilities.java:497)
	at com.business.mlshop.Home.MLS_TC_63_ValidateFilter_AllMovements_watch(Home.java:375)
	at com.mlshop.test.Home.MLS_TC_63_ValidateFilter_AllMovements_watch(Home.java:134)
	at java.base/java.util.ArrayList.forEach(ArrayList.java:1511)
	at java.base/java.util.concurrent.FutureTask.run(FutureTask.java:264)
	at java.base/java.util.concurrent.ThreadPoolExecutor.runWorker(ThreadPoolExecutor.java:1136)
	at java.base/java.util.concurrent.ThreadPoolExecutor$Worker.run(ThreadPoolExecutor.java:635)
	at java.base/java.lang.Thread.run(Thread.java:833)
Caused by: org.openqa.selenium.NoSuchElementException: no such element: Unable to locate element: {&quot;method&quot;:&quot;xpath&quot;,&quot;selector&quot;:&quot;//span[normalize-space()=&apos;All Movements&apos;]&quot;}
  (Session info: chrome=122.0.6261.58)
For documentation on this error, please visit: https://www.seleniumhq.org/exceptions/no_such_element.html
Build info: version: &apos;3.141.59&apos;, revision: &apos;e82be7d358&apos;, time: &apos;2018-11-14T08:17:03&apos;
System info: host: &apos;HOTGQA008&apos;, ip: &apos;10.0.8.67&apos;, os.name: &apos;Windows 11&apos;, os.arch: &apos;amd64&apos;, os.version: &apos;10.0&apos;, java.version: &apos;17.0.7&apos;
Driver info: org.openqa.selenium.chrome.ChromeDriver
Capabilities {acceptInsecureCerts: false, browserName: chrome, browserVersion: 122.0.6261.58, chrome: {chromedriverVersion: 122.0.6261.69 (81bc525b6a36..., userDataDir: C:\Users\MELG20~1\AppData\L...}, fedcm:accounts: true, goog:chromeOptions: {debuggerAddress: localhost:56285}, javascriptEnabled: true, networkConnectionEnabled: false, pageLoadStrategy: eager, platform: WINDOWS, platformName: WINDOWS, proxy: Proxy(), setWindowRect: true, strictFileInteractability: false, timeouts: {implicit: 0, pageLoad: 300000, script: 30000}, unhandledPromptBehavior: dismiss and notify, webauthn:extension:credBlob: true, webauthn:extension:largeBlob: true, webauthn:extension:minPinLength: true, webauthn:extension:prf: true, webauthn:virtualAuthenticators: true}
Session ID: 41f63b56c0c44d02f18a243a89fe94b8
*** Element info: {Using=xpath, value=//span[normalize-space()=&apos;All Movements&apos;]}
	at org.openqa.selenium.remote.http.W3CHttpResponseCodec.createException(W3CHttpResponseCodec.java:187)
	at org.openqa.selenium.remote.http.W3CHttpResponseCodec.decode(W3CHttpResponseCodec.java:122)
	at org.openqa.selenium.remote.http.W3CHttpResponseCodec.decode(W3CHttpResponseCodec.java:49)
	at org.openqa.selenium.remote.HttpCommandExecutor.execute(HttpCommandExecutor.java:158)
	at org.openqa.selenium.remote.service.DriverCommandExecutor.execute(DriverCommandExecutor.java:83)
	at org.openqa.selenium.remote.RemoteWebDriver.execute(RemoteWebDriver.java:552)
	at org.openqa.selenium.remote.RemoteWebDriver.findElement(RemoteWebDriver.java:323)
	at org.openqa.selenium.remote.RemoteWebDriver.findElementByXPath(RemoteWebDriver.java:428)
	at org.openqa.selenium.By$ByXPath.findElement(By.java:353)
	at org.openqa.selenium.remote.RemoteWebDriver.findElement(RemoteWebDriver.java:315)
	at com.utility.Utilities.click(Utilities.java:488)
	... 25 more
... Removed 23 stack frames</pre></div><a href='#' onClick='toggleBox("stack-trace23742991", this, "Click to show all stack frames", "Click to hide stack frames")'>Click to show all stack frames</a>
<div class='stack-trace' id='stack-trace23742991'><pre>java.lang.AssertionError: Unable to click element By.xpath: //span[normalize-space()=&apos;All Movements&apos;]
	at com.utility.Utilities.click(Utilities.java:497)
	at com.business.mlshop.Home.MLS_TC_63_ValidateFilter_AllMovements_watch(Home.java:375)
	at com.mlshop.test.Home.MLS_TC_63_ValidateFilter_AllMovements_watch(Home.java:134)
	at java.base/jdk.internal.reflect.NativeMethodAccessorImpl.invoke0(Native Method)
	at java.base/jdk.internal.reflect.NativeMethodAccessorImpl.invoke(NativeMethodAccessorImpl.java:77)
	at java.base/jdk.internal.reflect.DelegatingMethodAccessorImpl.invoke(DelegatingMethodAccessorImpl.java:43)
	at java.base/java.lang.reflect.Method.invoke(Method.java:568)
	at org.testng.internal.MethodInvocationHelper.invokeMethod(MethodInvocationHelper.java:134)
	at org.testng.internal.TestInvoker.invokeMethod(TestInvoker.java:597)
	at org.testng.internal.TestInvoker.invokeTestMethod(TestInvoker.java:173)
	at org.testng.internal.MethodRunner.runInSequence(MethodRunner.java:46)
	at org.testng.internal.TestInvoker$MethodInvocationAgent.invoke(TestInvoker.java:816)
	at org.testng.internal.TestInvoker.invokeTestMethods(TestInvoker.java:146)
	at org.testng.internal.TestMethodWorker.invokeTestMethods(TestMethodWorker.java:146)
	at org.testng.internal.TestMethodWorker.run(TestMethodWorker.java:128)
	at java.base/java.util.ArrayList.forEach(ArrayList.java:1511)
	at org.testng.TestRunner.privateRun(TestRunner.java:766)
	at org.testng.TestRunner.run(TestRunner.java:587)
	at org.testng.SuiteRunner.runTest(SuiteRunner.java:384)
	at org.testng.SuiteRunner.access$000(SuiteRunner.java:28)
	at org.testng.SuiteRunner$SuiteWorker.run(SuiteRunner.java:425)
	at org.testng.internal.thread.ThreadUtil.lambda$execute$0(ThreadUtil.java:68)
	at java.base/java.util.concurrent.FutureTask.run(FutureTask.java:264)
	at java.base/java.util.concurrent.ThreadPoolExecutor.runWorker(ThreadPoolExecutor.java:1136)
	at java.base/java.util.concurrent.ThreadPoolExecutor$Worker.run(ThreadPoolExecutor.java:635)
	at java.base/java.lang.Thread.run(Thread.java:833)
Caused by: org.openqa.selenium.NoSuchElementException: no such element: Unable to locate element: {&quot;method&quot;:&quot;xpath&quot;,&quot;selector&quot;:&quot;//span[normalize-space()=&apos;All Movements&apos;]&quot;}
  (Session info: chrome=122.0.6261.58)
For documentation on this error, please visit: https://www.seleniumhq.org/exceptions/no_such_element.html
Build info: version: &apos;3.141.59&apos;, revision: &apos;e82be7d358&apos;, time: &apos;2018-11-14T08:17:03&apos;
System info: host: &apos;HOTGQA008&apos;, ip: &apos;10.0.8.67&apos;, os.name: &apos;Windows 11&apos;, os.arch: &apos;amd64&apos;, os.version: &apos;10.0&apos;, java.version: &apos;17.0.7&apos;
Driver info: org.openqa.selenium.chrome.ChromeDriver
Capabilities {acceptInsecureCerts: false, browserName: chrome, browserVersion: 122.0.6261.58, chrome: {chromedriverVersion: 122.0.6261.69 (81bc525b6a36..., userDataDir: C:\Users\MELG20~1\AppData\L...}, fedcm:accounts: true, goog:chromeOptions: {debuggerAddress: localhost:56285}, javascriptEnabled: true, networkConnectionEnabled: false, pageLoadStrategy: eager, platform: WINDOWS, platformName: WINDOWS, proxy: Proxy(), setWindowRect: true, strictFileInteractability: false, timeouts: {implicit: 0, pageLoad: 300000, script: 30000}, unhandledPromptBehavior: dismiss and notify, webauthn:extension:credBlob: true, webauthn:extension:largeBlob: true, webauthn:extension:minPinLength: true, webauthn:extension:prf: true, webauthn:virtualAuthenticators: true}
Session ID: 41f63b56c0c44d02f18a243a89fe94b8
*** Element info: {Using=xpath, value=//span[normalize-space()=&apos;All Movements&apos;]}
	at java.base/jdk.internal.reflect.NativeConstructorAccessorImpl.newInstance0(Native Method)
	at java.base/jdk.internal.reflect.NativeConstructorAccessorImpl.newInstance(NativeConstructorAccessorImpl.java:77)
	at java.base/jdk.internal.reflect.DelegatingConstructorAccessorImpl.newInstance(DelegatingConstructorAccessorImpl.java:45)
	at java.base/java.lang.reflect.Constructor.newInstanceWithCaller(Constructor.java:499)
	at java.base/java.lang.reflect.Constructor.newInstance(Constructor.java:480)
	at org.openqa.selenium.remote.http.W3CHttpResponseCodec.createException(W3CHttpResponseCodec.java:187)
	at org.openqa.selenium.remote.http.W3CHttpResponseCodec.decode(W3CHttpResponseCodec.java:122)
	at org.openqa.selenium.remote.http.W3CHttpResponseCodec.decode(W3CHttpResponseCodec.java:49)
	at org.openqa.selenium.remote.HttpCommandExecutor.execute(HttpCommandExecutor.java:158)
	at org.openqa.selenium.remote.service.DriverCommandExecutor.execute(DriverCommandExecutor.java:83)
	at org.openqa.selenium.remote.RemoteWebDriver.execute(RemoteWebDriver.java:552)
	at org.openqa.selenium.remote.RemoteWebDriver.findElement(RemoteWebDriver.java:323)
	at org.openqa.selenium.remote.RemoteWebDriver.findElementByXPath(RemoteWebDriver.java:428)
	at org.openqa.selenium.By$ByXPath.findElement(By.java:353)
	at org.openqa.selenium.remote.RemoteWebDriver.findElement(RemoteWebDriver.java:315)
	at com.utility.Utilities.click(Utilities.java:488)
	... 25 more
</pre></div></td>
<td>34</td>
<td>com.mlshop.test.Home@3da05287</td></tr>
<tr>
<td title='com.mlshop.test.Home.MLS_TC_64_ValidateFilter_Automatic_watch()'><b>MLS_TC_64_ValidateFilter_Automatic_watch</b><br>Test class: com.mlshop.test.Home</td>
<td><div><pre>java.lang.AssertionError: Unable to click element By.xpath: //span[normalize-space()=&apos;All Movements&apos;]
	at com.utility.Utilities.click(Utilities.java:497)
	at com.business.mlshop.Home.MLS_TC_64_ValidateFilter_Automatic_watch(Home.java:387)
	at com.mlshop.test.Home.MLS_TC_64_ValidateFilter_Automatic_watch(Home.java:138)
	at java.base/java.util.ArrayList.forEach(ArrayList.java:1511)
	at java.base/java.util.concurrent.FutureTask.run(FutureTask.java:264)
	at java.base/java.util.concurrent.ThreadPoolExecutor.runWorker(ThreadPoolExecutor.java:1136)
	at java.base/java.util.concurrent.ThreadPoolExecutor$Worker.run(ThreadPoolExecutor.java:635)
	at java.base/java.lang.Thread.run(Thread.java:833)
Caused by: org.openqa.selenium.NoSuchElementException: no such element: Unable to locate element: {&quot;method&quot;:&quot;xpath&quot;,&quot;selector&quot;:&quot;//span[normalize-space()=&apos;All Movements&apos;]&quot;}
  (Session info: chrome=122.0.6261.58)
For documentation on this error, please visit: https://www.seleniumhq.org/exceptions/no_such_element.html
Build info: version: &apos;3.141.59&apos;, revision: &apos;e82be7d358&apos;, time: &apos;2018-11-14T08:17:03&apos;
System info: host: &apos;HOTGQA008&apos;, ip: &apos;10.0.8.67&apos;, os.name: &apos;Windows 11&apos;, os.arch: &apos;amd64&apos;, os.version: &apos;10.0&apos;, java.version: &apos;17.0.7&apos;
Driver info: org.openqa.selenium.chrome.ChromeDriver
Capabilities {acceptInsecureCerts: false, browserName: chrome, browserVersion: 122.0.6261.58, chrome: {chromedriverVersion: 122.0.6261.69 (81bc525b6a36..., userDataDir: C:\Users\MELG20~1\AppData\L...}, fedcm:accounts: true, goog:chromeOptions: {debuggerAddress: localhost:56411}, javascriptEnabled: true, networkConnectionEnabled: false, pageLoadStrategy: eager, platform: WINDOWS, platformName: WINDOWS, proxy: Proxy(), setWindowRect: true, strictFileInteractability: false, timeouts: {implicit: 0, pageLoad: 300000, script: 30000}, unhandledPromptBehavior: dismiss and notify, webauthn:extension:credBlob: true, webauthn:extension:largeBlob: true, webauthn:extension:minPinLength: true, webauthn:extension:prf: true, webauthn:virtualAuthenticators: true}
Session ID: 117fc9131528da07868ea06f4f3b2d57
*** Element info: {Using=xpath, value=//span[normalize-space()=&apos;All Movements&apos;]}
	at org.openqa.selenium.remote.http.W3CHttpResponseCodec.createException(W3CHttpResponseCodec.java:187)
	at org.openqa.selenium.remote.http.W3CHttpResponseCodec.decode(W3CHttpResponseCodec.java:122)
	at org.openqa.selenium.remote.http.W3CHttpResponseCodec.decode(W3CHttpResponseCodec.java:49)
	at org.openqa.selenium.remote.HttpCommandExecutor.execute(HttpCommandExecutor.java:158)
	at org.openqa.selenium.remote.service.DriverCommandExecutor.execute(DriverCommandExecutor.java:83)
	at org.openqa.selenium.remote.RemoteWebDriver.execute(RemoteWebDriver.java:552)
	at org.openqa.selenium.remote.RemoteWebDriver.findElement(RemoteWebDriver.java:323)
	at org.openqa.selenium.remote.RemoteWebDriver.findElementByXPath(RemoteWebDriver.java:428)
	at org.openqa.selenium.By$ByXPath.findElement(By.java:353)
	at org.openqa.selenium.remote.RemoteWebDriver.findElement(RemoteWebDriver.java:315)
	at com.utility.Utilities.click(Utilities.java:488)
	... 25 more
... Removed 23 stack frames</pre></div><a href='#' onClick='toggleBox("stack-trace1220135628", this, "Click to show all stack frames", "Click to hide stack frames")'>Click to show all stack frames</a>
<div class='stack-trace' id='stack-trace1220135628'><pre>java.lang.AssertionError: Unable to click element By.xpath: //span[normalize-space()=&apos;All Movements&apos;]
	at com.utility.Utilities.click(Utilities.java:497)
	at com.business.mlshop.Home.MLS_TC_64_ValidateFilter_Automatic_watch(Home.java:387)
	at com.mlshop.test.Home.MLS_TC_64_ValidateFilter_Automatic_watch(Home.java:138)
	at java.base/jdk.internal.reflect.NativeMethodAccessorImpl.invoke0(Native Method)
	at java.base/jdk.internal.reflect.NativeMethodAccessorImpl.invoke(NativeMethodAccessorImpl.java:77)
	at java.base/jdk.internal.reflect.DelegatingMethodAccessorImpl.invoke(DelegatingMethodAccessorImpl.java:43)
	at java.base/java.lang.reflect.Method.invoke(Method.java:568)
	at org.testng.internal.MethodInvocationHelper.invokeMethod(MethodInvocationHelper.java:134)
	at org.testng.internal.TestInvoker.invokeMethod(TestInvoker.java:597)
	at org.testng.internal.TestInvoker.invokeTestMethod(TestInvoker.java:173)
	at org.testng.internal.MethodRunner.runInSequence(MethodRunner.java:46)
	at org.testng.internal.TestInvoker$MethodInvocationAgent.invoke(TestInvoker.java:816)
	at org.testng.internal.TestInvoker.invokeTestMethods(TestInvoker.java:146)
	at org.testng.internal.TestMethodWorker.invokeTestMethods(TestMethodWorker.java:146)
	at org.testng.internal.TestMethodWorker.run(TestMethodWorker.java:128)
	at java.base/java.util.ArrayList.forEach(ArrayList.java:1511)
	at org.testng.TestRunner.privateRun(TestRunner.java:766)
	at org.testng.TestRunner.run(TestRunner.java:587)
	at org.testng.SuiteRunner.runTest(SuiteRunner.java:384)
	at org.testng.SuiteRunner.access$000(SuiteRunner.java:28)
	at org.testng.SuiteRunner$SuiteWorker.run(SuiteRunner.java:425)
	at org.testng.internal.thread.ThreadUtil.lambda$execute$0(ThreadUtil.java:68)
	at java.base/java.util.concurrent.FutureTask.run(FutureTask.java:264)
	at java.base/java.util.concurrent.ThreadPoolExecutor.runWorker(ThreadPoolExecutor.java:1136)
	at java.base/java.util.concurrent.ThreadPoolExecutor$Worker.run(ThreadPoolExecutor.java:635)
	at java.base/java.lang.Thread.run(Thread.java:833)
Caused by: org.openqa.selenium.NoSuchElementException: no such element: Unable to locate element: {&quot;method&quot;:&quot;xpath&quot;,&quot;selector&quot;:&quot;//span[normalize-space()=&apos;All Movements&apos;]&quot;}
  (Session info: chrome=122.0.6261.58)
For documentation on this error, please visit: https://www.seleniumhq.org/exceptions/no_such_element.html
Build info: version: &apos;3.141.59&apos;, revision: &apos;e82be7d358&apos;, time: &apos;2018-11-14T08:17:03&apos;
System info: host: &apos;HOTGQA008&apos;, ip: &apos;10.0.8.67&apos;, os.name: &apos;Windows 11&apos;, os.arch: &apos;amd64&apos;, os.version: &apos;10.0&apos;, java.version: &apos;17.0.7&apos;
Driver info: org.openqa.selenium.chrome.ChromeDriver
Capabilities {acceptInsecureCerts: false, browserName: chrome, browserVersion: 122.0.6261.58, chrome: {chromedriverVersion: 122.0.6261.69 (81bc525b6a36..., userDataDir: C:\Users\MELG20~1\AppData\L...}, fedcm:accounts: true, goog:chromeOptions: {debuggerAddress: localhost:56411}, javascriptEnabled: true, networkConnectionEnabled: false, pageLoadStrategy: eager, platform: WINDOWS, platformName: WINDOWS, proxy: Proxy(), setWindowRect: true, strictFileInteractability: false, timeouts: {implicit: 0, pageLoad: 300000, script: 30000}, unhandledPromptBehavior: dismiss and notify, webauthn:extension:credBlob: true, webauthn:extension:largeBlob: true, webauthn:extension:minPinLength: true, webauthn:extension:prf: true, webauthn:virtualAuthenticators: true}
Session ID: 117fc9131528da07868ea06f4f3b2d57
*** Element info: {Using=xpath, value=//span[normalize-space()=&apos;All Movements&apos;]}
	at java.base/jdk.internal.reflect.NativeConstructorAccessorImpl.newInstance0(Native Method)
	at java.base/jdk.internal.reflect.NativeConstructorAccessorImpl.newInstance(NativeConstructorAccessorImpl.java:77)
	at java.base/jdk.internal.reflect.DelegatingConstructorAccessorImpl.newInstance(DelegatingConstructorAccessorImpl.java:45)
	at java.base/java.lang.reflect.Constructor.newInstanceWithCaller(Constructor.java:499)
	at java.base/java.lang.reflect.Constructor.newInstance(Constructor.java:480)
	at org.openqa.selenium.remote.http.W3CHttpResponseCodec.createException(W3CHttpResponseCodec.java:187)
	at org.openqa.selenium.remote.http.W3CHttpResponseCodec.decode(W3CHttpResponseCodec.java:122)
	at org.openqa.selenium.remote.http.W3CHttpResponseCodec.decode(W3CHttpResponseCodec.java:49)
	at org.openqa.selenium.remote.HttpCommandExecutor.execute(HttpCommandExecutor.java:158)
	at org.openqa.selenium.remote.service.DriverCommandExecutor.execute(DriverCommandExecutor.java:83)
	at org.openqa.selenium.remote.RemoteWebDriver.execute(RemoteWebDriver.java:552)
	at org.openqa.selenium.remote.RemoteWebDriver.findElement(RemoteWebDriver.java:323)
	at org.openqa.selenium.remote.RemoteWebDriver.findElementByXPath(RemoteWebDriver.java:428)
	at org.openqa.selenium.By$ByXPath.findElement(By.java:353)
	at org.openqa.selenium.remote.RemoteWebDriver.findElement(RemoteWebDriver.java:315)
	at com.utility.Utilities.click(Utilities.java:488)
	... 25 more
</pre></div></td>
<td>34</td>
<td>com.mlshop.test.Home@3da05287</td></tr>
<tr>
<td title='com.mlshop.test.Home.MLS_TC_66_ValidateFilter_Others_watch()'><b>MLS_TC_66_ValidateFilter_Others_watch</b><br>Test class: com.mlshop.test.Home</td>
<td><div><pre>java.lang.AssertionError: Unable to click element By.xpath: //span[normalize-space()=&apos;Others&apos;]
	at com.utility.Utilities.click(Utilities.java:497)
	at com.business.mlshop.Home.MLS_TC_66_ValidateFilter_Others_watch(Home.java:412)
	at com.mlshop.test.Home.MLS_TC_66_ValidateFilter_Others_watch(Home.java:146)
	at java.base/java.util.ArrayList.forEach(ArrayList.java:1511)
	at java.base/java.util.concurrent.FutureTask.run(FutureTask.java:264)
	at java.base/java.util.concurrent.ThreadPoolExecutor.runWorker(ThreadPoolExecutor.java:1136)
	at java.base/java.util.concurrent.ThreadPoolExecutor$Worker.run(ThreadPoolExecutor.java:635)
	at java.base/java.lang.Thread.run(Thread.java:833)
Caused by: org.openqa.selenium.ElementClickInterceptedException: element click intercepted: Element &lt;span&gt;...&lt;/span&gt; is not clickable at point (289, 440). Other element would receive the click: &lt;p class=&quot;text-center pt-[12px] text-xs px-2 py-1 text-white  bg-red-500 w-[55px] h-[55px] rounded-full 2sm:text-[10px] 2sm:w-[35px] 2sm:h-[35px] 2sm:pt-[3px]&quot;&gt;...&lt;/p&gt;
  (Session info: chrome=122.0.6261.58)
Build info: version: &apos;3.141.59&apos;, revision: &apos;e82be7d358&apos;, time: &apos;2018-11-14T08:17:03&apos;
System info: host: &apos;HOTGQA008&apos;, ip: &apos;10.0.8.67&apos;, os.name: &apos;Windows 11&apos;, os.arch: &apos;amd64&apos;, os.version: &apos;10.0&apos;, java.version: &apos;17.0.7&apos;
Driver info: org.openqa.selenium.chrome.ChromeDriver
Capabilities {acceptInsecureCerts: false, browserName: chrome, browserVersion: 122.0.6261.58, chrome: {chromedriverVersion: 122.0.6261.69 (81bc525b6a36..., userDataDir: C:\Users\MELG20~1\AppData\L...}, fedcm:accounts: true, goog:chromeOptions: {debuggerAddress: localhost:56611}, javascriptEnabled: true, networkConnectionEnabled: false, pageLoadStrategy: eager, platform: WINDOWS, platformName: WINDOWS, proxy: Proxy(), setWindowRect: true, strictFileInteractability: false, timeouts: {implicit: 0, pageLoad: 300000, script: 30000}, unhandledPromptBehavior: dismiss and notify, webauthn:extension:credBlob: true, webauthn:extension:largeBlob: true, webauthn:extension:minPinLength: true, webauthn:extension:prf: true, webauthn:virtualAuthenticators: true}
Session ID: 5080692ffd449fd53842ed84798a42bd
	at org.openqa.selenium.remote.http.W3CHttpResponseCodec.createException(W3CHttpResponseCodec.java:187)
	at org.openqa.selenium.remote.http.W3CHttpResponseCodec.decode(W3CHttpResponseCodec.java:122)
	at org.openqa.selenium.remote.http.W3CHttpResponseCodec.decode(W3CHttpResponseCodec.java:49)
	at org.openqa.selenium.remote.HttpCommandExecutor.execute(HttpCommandExecutor.java:158)
	at org.openqa.selenium.remote.service.DriverCommandExecutor.execute(DriverCommandExecutor.java:83)
	at org.openqa.selenium.remote.RemoteWebDriver.execute(RemoteWebDriver.java:552)
	at org.openqa.selenium.remote.RemoteWebElement.execute(RemoteWebElement.java:285)
	at org.openqa.selenium.remote.RemoteWebElement.click(RemoteWebElement.java:84)
	at com.utility.Utilities.click(Utilities.java:489)
	... 25 more
... Removed 23 stack frames</pre></div><a href='#' onClick='toggleBox("stack-trace615705627", this, "Click to show all stack frames", "Click to hide stack frames")'>Click to show all stack frames</a>
<div class='stack-trace' id='stack-trace615705627'><pre>java.lang.AssertionError: Unable to click element By.xpath: //span[normalize-space()=&apos;Others&apos;]
	at com.utility.Utilities.click(Utilities.java:497)
	at com.business.mlshop.Home.MLS_TC_66_ValidateFilter_Others_watch(Home.java:412)
	at com.mlshop.test.Home.MLS_TC_66_ValidateFilter_Others_watch(Home.java:146)
	at java.base/jdk.internal.reflect.NativeMethodAccessorImpl.invoke0(Native Method)
	at java.base/jdk.internal.reflect.NativeMethodAccessorImpl.invoke(NativeMethodAccessorImpl.java:77)
	at java.base/jdk.internal.reflect.DelegatingMethodAccessorImpl.invoke(DelegatingMethodAccessorImpl.java:43)
	at java.base/java.lang.reflect.Method.invoke(Method.java:568)
	at org.testng.internal.MethodInvocationHelper.invokeMethod(MethodInvocationHelper.java:134)
	at org.testng.internal.TestInvoker.invokeMethod(TestInvoker.java:597)
	at org.testng.internal.TestInvoker.invokeTestMethod(TestInvoker.java:173)
	at org.testng.internal.MethodRunner.runInSequence(MethodRunner.java:46)
	at org.testng.internal.TestInvoker$MethodInvocationAgent.invoke(TestInvoker.java:816)
	at org.testng.internal.TestInvoker.invokeTestMethods(TestInvoker.java:146)
	at org.testng.internal.TestMethodWorker.invokeTestMethods(TestMethodWorker.java:146)
	at org.testng.internal.TestMethodWorker.run(TestMethodWorker.java:128)
	at java.base/java.util.ArrayList.forEach(ArrayList.java:1511)
	at org.testng.TestRunner.privateRun(TestRunner.java:766)
	at org.testng.TestRunner.run(TestRunner.java:587)
	at org.testng.SuiteRunner.runTest(SuiteRunner.java:384)
	at org.testng.SuiteRunner.access$000(SuiteRunner.java:28)
	at org.testng.SuiteRunner$SuiteWorker.run(SuiteRunner.java:425)
	at org.testng.internal.thread.ThreadUtil.lambda$execute$0(ThreadUtil.java:68)
	at java.base/java.util.concurrent.FutureTask.run(FutureTask.java:264)
	at java.base/java.util.concurrent.ThreadPoolExecutor.runWorker(ThreadPoolExecutor.java:1136)
	at java.base/java.util.concurrent.ThreadPoolExecutor$Worker.run(ThreadPoolExecutor.java:635)
	at java.base/java.lang.Thread.run(Thread.java:833)
Caused by: org.openqa.selenium.ElementClickInterceptedException: element click intercepted: Element &lt;span&gt;...&lt;/span&gt; is not clickable at point (289, 440). Other element would receive the click: &lt;p class=&quot;text-center pt-[12px] text-xs px-2 py-1 text-white  bg-red-500 w-[55px] h-[55px] rounded-full 2sm:text-[10px] 2sm:w-[35px] 2sm:h-[35px] 2sm:pt-[3px]&quot;&gt;...&lt;/p&gt;
  (Session info: chrome=122.0.6261.58)
Build info: version: &apos;3.141.59&apos;, revision: &apos;e82be7d358&apos;, time: &apos;2018-11-14T08:17:03&apos;
System info: host: &apos;HOTGQA008&apos;, ip: &apos;10.0.8.67&apos;, os.name: &apos;Windows 11&apos;, os.arch: &apos;amd64&apos;, os.version: &apos;10.0&apos;, java.version: &apos;17.0.7&apos;
Driver info: org.openqa.selenium.chrome.ChromeDriver
Capabilities {acceptInsecureCerts: false, browserName: chrome, browserVersion: 122.0.6261.58, chrome: {chromedriverVersion: 122.0.6261.69 (81bc525b6a36..., userDataDir: C:\Users\MELG20~1\AppData\L...}, fedcm:accounts: true, goog:chromeOptions: {debuggerAddress: localhost:56611}, javascriptEnabled: true, networkConnectionEnabled: false, pageLoadStrategy: eager, platform: WINDOWS, platformName: WINDOWS, proxy: Proxy(), setWindowRect: true, strictFileInteractability: false, timeouts: {implicit: 0, pageLoad: 300000, script: 30000}, unhandledPromptBehavior: dismiss and notify, webauthn:extension:credBlob: true, webauthn:extension:largeBlob: true, webauthn:extension:minPinLength: true, webauthn:extension:prf: true, webauthn:virtualAuthenticators: true}
Session ID: 5080692ffd449fd53842ed84798a42bd
	at java.base/jdk.internal.reflect.NativeConstructorAccessorImpl.newInstance0(Native Method)
	at java.base/jdk.internal.reflect.NativeConstructorAccessorImpl.newInstance(NativeConstructorAccessorImpl.java:77)
	at java.base/jdk.internal.reflect.DelegatingConstructorAccessorImpl.newInstance(DelegatingConstructorAccessorImpl.java:45)
	at java.base/java.lang.reflect.Constructor.newInstanceWithCaller(Constructor.java:499)
	at java.base/java.lang.reflect.Constructor.newInstance(Constructor.java:480)
	at org.openqa.selenium.remote.http.W3CHttpResponseCodec.createException(W3CHttpResponseCodec.java:187)
	at org.openqa.selenium.remote.http.W3CHttpResponseCodec.decode(W3CHttpResponseCodec.java:122)
	at org.openqa.selenium.remote.http.W3CHttpResponseCodec.decode(W3CHttpResponseCodec.java:49)
	at org.openqa.selenium.remote.HttpCommandExecutor.execute(HttpCommandExecutor.java:158)
	at org.openqa.selenium.remote.service.DriverCommandExecutor.execute(DriverCommandExecutor.java:83)
	at org.openqa.selenium.remote.RemoteWebDriver.execute(RemoteWebDriver.java:552)
	at org.openqa.selenium.remote.RemoteWebElement.execute(RemoteWebElement.java:285)
	at org.openqa.selenium.remote.RemoteWebElement.click(RemoteWebElement.java:84)
	at com.utility.Utilities.click(Utilities.java:489)
	... 25 more
</pre></div></td>
<td>6</td>
<td>com.mlshop.test.Home@3da05287</td></tr>
<tr>
<td title='com.mlshop.test.Home.MLS_TC_67_ValidateFilter_allMaterials_watch()'><b>MLS_TC_67_ValidateFilter_allMaterials_watch</b><br>Test class: com.mlshop.test.Home</td>
<td><div><pre>java.lang.AssertionError: Unable to click element By.xpath: //button[contains(@title,&apos;All Materials&apos;)]
	at com.utility.Utilities.click(Utilities.java:497)
	at com.business.mlshop.Home.MLS_TC_67_ValidateFilter_allMaterials_watch(Home.java:423)
	at com.mlshop.test.Home.MLS_TC_67_ValidateFilter_allMaterials_watch(Home.java:150)
	at java.base/java.util.ArrayList.forEach(ArrayList.java:1511)
	at java.base/java.util.concurrent.FutureTask.run(FutureTask.java:264)
	at java.base/java.util.concurrent.ThreadPoolExecutor.runWorker(ThreadPoolExecutor.java:1136)
	at java.base/java.util.concurrent.ThreadPoolExecutor$Worker.run(ThreadPoolExecutor.java:635)
	at java.base/java.lang.Thread.run(Thread.java:833)
Caused by: org.openqa.selenium.NoSuchElementException: no such element: Unable to locate element: {&quot;method&quot;:&quot;xpath&quot;,&quot;selector&quot;:&quot;//button[contains(@title,&apos;All Materials&apos;)]&quot;}
  (Session info: chrome=122.0.6261.58)
For documentation on this error, please visit: https://www.seleniumhq.org/exceptions/no_such_element.html
Build info: version: &apos;3.141.59&apos;, revision: &apos;e82be7d358&apos;, time: &apos;2018-11-14T08:17:03&apos;
System info: host: &apos;HOTGQA008&apos;, ip: &apos;10.0.8.67&apos;, os.name: &apos;Windows 11&apos;, os.arch: &apos;amd64&apos;, os.version: &apos;10.0&apos;, java.version: &apos;17.0.7&apos;
Driver info: org.openqa.selenium.chrome.ChromeDriver
Capabilities {acceptInsecureCerts: false, browserName: chrome, browserVersion: 122.0.6261.58, chrome: {chromedriverVersion: 122.0.6261.69 (81bc525b6a36..., userDataDir: C:\Users\MELG20~1\AppData\L...}, fedcm:accounts: true, goog:chromeOptions: {debuggerAddress: localhost:56703}, javascriptEnabled: true, networkConnectionEnabled: false, pageLoadStrategy: eager, platform: WINDOWS, platformName: WINDOWS, proxy: Proxy(), setWindowRect: true, strictFileInteractability: false, timeouts: {implicit: 0, pageLoad: 300000, script: 30000}, unhandledPromptBehavior: dismiss and notify, webauthn:extension:credBlob: true, webauthn:extension:largeBlob: true, webauthn:extension:minPinLength: true, webauthn:extension:prf: true, webauthn:virtualAuthenticators: true}
Session ID: 23b319789f5f04e65ad3b4f66e3769ae
*** Element info: {Using=xpath, value=//button[contains(@title,&apos;All Materials&apos;)]}
	at org.openqa.selenium.remote.http.W3CHttpResponseCodec.createException(W3CHttpResponseCodec.java:187)
	at org.openqa.selenium.remote.http.W3CHttpResponseCodec.decode(W3CHttpResponseCodec.java:122)
	at org.openqa.selenium.remote.http.W3CHttpResponseCodec.decode(W3CHttpResponseCodec.java:49)
	at org.openqa.selenium.remote.HttpCommandExecutor.execute(HttpCommandExecutor.java:158)
	at org.openqa.selenium.remote.service.DriverCommandExecutor.execute(DriverCommandExecutor.java:83)
	at org.openqa.selenium.remote.RemoteWebDriver.execute(RemoteWebDriver.java:552)
	at org.openqa.selenium.remote.RemoteWebDriver.findElement(RemoteWebDriver.java:323)
	at org.openqa.selenium.remote.RemoteWebDriver.findElementByXPath(RemoteWebDriver.java:428)
	at org.openqa.selenium.By$ByXPath.findElement(By.java:353)
	at org.openqa.selenium.remote.RemoteWebDriver.findElement(RemoteWebDriver.java:315)
	at com.utility.Utilities.click(Utilities.java:488)
	... 25 more
... Removed 23 stack frames</pre></div><a href='#' onClick='toggleBox("stack-trace802443320", this, "Click to show all stack frames", "Click to hide stack frames")'>Click to show all stack frames</a>
<div class='stack-trace' id='stack-trace802443320'><pre>java.lang.AssertionError: Unable to click element By.xpath: //button[contains(@title,&apos;All Materials&apos;)]
	at com.utility.Utilities.click(Utilities.java:497)
	at com.business.mlshop.Home.MLS_TC_67_ValidateFilter_allMaterials_watch(Home.java:423)
	at com.mlshop.test.Home.MLS_TC_67_ValidateFilter_allMaterials_watch(Home.java:150)
	at java.base/jdk.internal.reflect.NativeMethodAccessorImpl.invoke0(Native Method)
	at java.base/jdk.internal.reflect.NativeMethodAccessorImpl.invoke(NativeMethodAccessorImpl.java:77)
	at java.base/jdk.internal.reflect.DelegatingMethodAccessorImpl.invoke(DelegatingMethodAccessorImpl.java:43)
	at java.base/java.lang.reflect.Method.invoke(Method.java:568)
	at org.testng.internal.MethodInvocationHelper.invokeMethod(MethodInvocationHelper.java:134)
	at org.testng.internal.TestInvoker.invokeMethod(TestInvoker.java:597)
	at org.testng.internal.TestInvoker.invokeTestMethod(TestInvoker.java:173)
	at org.testng.internal.MethodRunner.runInSequence(MethodRunner.java:46)
	at org.testng.internal.TestInvoker$MethodInvocationAgent.invoke(TestInvoker.java:816)
	at org.testng.internal.TestInvoker.invokeTestMethods(TestInvoker.java:146)
	at org.testng.internal.TestMethodWorker.invokeTestMethods(TestMethodWorker.java:146)
	at org.testng.internal.TestMethodWorker.run(TestMethodWorker.java:128)
	at java.base/java.util.ArrayList.forEach(ArrayList.java:1511)
	at org.testng.TestRunner.privateRun(TestRunner.java:766)
	at org.testng.TestRunner.run(TestRunner.java:587)
	at org.testng.SuiteRunner.runTest(SuiteRunner.java:384)
	at org.testng.SuiteRunner.access$000(SuiteRunner.java:28)
	at org.testng.SuiteRunner$SuiteWorker.run(SuiteRunner.java:425)
	at org.testng.internal.thread.ThreadUtil.lambda$execute$0(ThreadUtil.java:68)
	at java.base/java.util.concurrent.FutureTask.run(FutureTask.java:264)
	at java.base/java.util.concurrent.ThreadPoolExecutor.runWorker(ThreadPoolExecutor.java:1136)
	at java.base/java.util.concurrent.ThreadPoolExecutor$Worker.run(ThreadPoolExecutor.java:635)
	at java.base/java.lang.Thread.run(Thread.java:833)
Caused by: org.openqa.selenium.NoSuchElementException: no such element: Unable to locate element: {&quot;method&quot;:&quot;xpath&quot;,&quot;selector&quot;:&quot;//button[contains(@title,&apos;All Materials&apos;)]&quot;}
  (Session info: chrome=122.0.6261.58)
For documentation on this error, please visit: https://www.seleniumhq.org/exceptions/no_such_element.html
Build info: version: &apos;3.141.59&apos;, revision: &apos;e82be7d358&apos;, time: &apos;2018-11-14T08:17:03&apos;
System info: host: &apos;HOTGQA008&apos;, ip: &apos;10.0.8.67&apos;, os.name: &apos;Windows 11&apos;, os.arch: &apos;amd64&apos;, os.version: &apos;10.0&apos;, java.version: &apos;17.0.7&apos;
Driver info: org.openqa.selenium.chrome.ChromeDriver
Capabilities {acceptInsecureCerts: false, browserName: chrome, browserVersion: 122.0.6261.58, chrome: {chromedriverVersion: 122.0.6261.69 (81bc525b6a36..., userDataDir: C:\Users\MELG20~1\AppData\L...}, fedcm:accounts: true, goog:chromeOptions: {debuggerAddress: localhost:56703}, javascriptEnabled: true, networkConnectionEnabled: false, pageLoadStrategy: eager, platform: WINDOWS, platformName: WINDOWS, proxy: Proxy(), setWindowRect: true, strictFileInteractability: false, timeouts: {implicit: 0, pageLoad: 300000, script: 30000}, unhandledPromptBehavior: dismiss and notify, webauthn:extension:credBlob: true, webauthn:extension:largeBlob: true, webauthn:extension:minPinLength: true, webauthn:extension:prf: true, webauthn:virtualAuthenticators: true}
Session ID: 23b319789f5f04e65ad3b4f66e3769ae
*** Element info: {Using=xpath, value=//button[contains(@title,&apos;All Materials&apos;)]}
	at java.base/jdk.internal.reflect.NativeConstructorAccessorImpl.newInstance0(Native Method)
	at java.base/jdk.internal.reflect.NativeConstructorAccessorImpl.newInstance(NativeConstructorAccessorImpl.java:77)
	at java.base/jdk.internal.reflect.DelegatingConstructorAccessorImpl.newInstance(DelegatingConstructorAccessorImpl.java:45)
	at java.base/java.lang.reflect.Constructor.newInstanceWithCaller(Constructor.java:499)
	at java.base/java.lang.reflect.Constructor.newInstance(Constructor.java:480)
	at org.openqa.selenium.remote.http.W3CHttpResponseCodec.createException(W3CHttpResponseCodec.java:187)
	at org.openqa.selenium.remote.http.W3CHttpResponseCodec.decode(W3CHttpResponseCodec.java:122)
	at org.openqa.selenium.remote.http.W3CHttpResponseCodec.decode(W3CHttpResponseCodec.java:49)
	at org.openqa.selenium.remote.HttpCommandExecutor.execute(HttpCommandExecutor.java:158)
	at org.openqa.selenium.remote.service.DriverCommandExecutor.execute(DriverCommandExecutor.java:83)
	at org.openqa.selenium.remote.RemoteWebDriver.execute(RemoteWebDriver.java:552)
	at org.openqa.selenium.remote.RemoteWebDriver.findElement(RemoteWebDriver.java:323)
	at org.openqa.selenium.remote.RemoteWebDriver.findElementByXPath(RemoteWebDriver.java:428)
	at org.openqa.selenium.By$ByXPath.findElement(By.java:353)
	at org.openqa.selenium.remote.RemoteWebDriver.findElement(RemoteWebDriver.java:315)
	at com.utility.Utilities.click(Utilities.java:488)
	... 25 more
</pre></div></td>
<td>35</td>
<td>com.mlshop.test.Home@3da05287</td></tr>
<tr>
<td title='com.mlshop.test.Home.MLS_TC_68_ValidateFilter_Stainless_watch()'><b>MLS_TC_68_ValidateFilter_Stainless_watch</b><br>Test class: com.mlshop.test.Home</td>
<td><div><pre>java.lang.AssertionError: Unable to click element By.xpath: //button[contains(@title,&apos;All Materials&apos;)]
	at com.utility.Utilities.click(Utilities.java:497)
	at com.business.mlshop.Home.MLS_TC_68_ValidateFilter_Stainless_watch(Home.java:435)
	at com.mlshop.test.Home.MLS_TC_68_ValidateFilter_Stainless_watch(Home.java:154)
	at java.base/java.util.ArrayList.forEach(ArrayList.java:1511)
	at java.base/java.util.concurrent.FutureTask.run(FutureTask.java:264)
	at java.base/java.util.concurrent.ThreadPoolExecutor.runWorker(ThreadPoolExecutor.java:1136)
	at java.base/java.util.concurrent.ThreadPoolExecutor$Worker.run(ThreadPoolExecutor.java:635)
	at java.base/java.lang.Thread.run(Thread.java:833)
Caused by: org.openqa.selenium.NoSuchElementException: no such element: Unable to locate element: {&quot;method&quot;:&quot;xpath&quot;,&quot;selector&quot;:&quot;//button[contains(@title,&apos;All Materials&apos;)]&quot;}
  (Session info: chrome=122.0.6261.58)
For documentation on this error, please visit: https://www.seleniumhq.org/exceptions/no_such_element.html
Build info: version: &apos;3.141.59&apos;, revision: &apos;e82be7d358&apos;, time: &apos;2018-11-14T08:17:03&apos;
System info: host: &apos;HOTGQA008&apos;, ip: &apos;10.0.8.67&apos;, os.name: &apos;Windows 11&apos;, os.arch: &apos;amd64&apos;, os.version: &apos;10.0&apos;, java.version: &apos;17.0.7&apos;
Driver info: org.openqa.selenium.chrome.ChromeDriver
Capabilities {acceptInsecureCerts: false, browserName: chrome, browserVersion: 122.0.6261.58, chrome: {chromedriverVersion: 122.0.6261.69 (81bc525b6a36..., userDataDir: C:\Users\MELG20~1\AppData\L...}, fedcm:accounts: true, goog:chromeOptions: {debuggerAddress: localhost:56861}, javascriptEnabled: true, networkConnectionEnabled: false, pageLoadStrategy: eager, platform: WINDOWS, platformName: WINDOWS, proxy: Proxy(), setWindowRect: true, strictFileInteractability: false, timeouts: {implicit: 0, pageLoad: 300000, script: 30000}, unhandledPromptBehavior: dismiss and notify, webauthn:extension:credBlob: true, webauthn:extension:largeBlob: true, webauthn:extension:minPinLength: true, webauthn:extension:prf: true, webauthn:virtualAuthenticators: true}
Session ID: 3d176801426b083bca24df896c99988a
*** Element info: {Using=xpath, value=//button[contains(@title,&apos;All Materials&apos;)]}
	at org.openqa.selenium.remote.http.W3CHttpResponseCodec.createException(W3CHttpResponseCodec.java:187)
	at org.openqa.selenium.remote.http.W3CHttpResponseCodec.decode(W3CHttpResponseCodec.java:122)
	at org.openqa.selenium.remote.http.W3CHttpResponseCodec.decode(W3CHttpResponseCodec.java:49)
	at org.openqa.selenium.remote.HttpCommandExecutor.execute(HttpCommandExecutor.java:158)
	at org.openqa.selenium.remote.service.DriverCommandExecutor.execute(DriverCommandExecutor.java:83)
	at org.openqa.selenium.remote.RemoteWebDriver.execute(RemoteWebDriver.java:552)
	at org.openqa.selenium.remote.RemoteWebDriver.findElement(RemoteWebDriver.java:323)
	at org.openqa.selenium.remote.RemoteWebDriver.findElementByXPath(RemoteWebDriver.java:428)
	at org.openqa.selenium.By$ByXPath.findElement(By.java:353)
	at org.openqa.selenium.remote.RemoteWebDriver.findElement(RemoteWebDriver.java:315)
	at com.utility.Utilities.click(Utilities.java:488)
	... 25 more
... Removed 23 stack frames</pre></div><a href='#' onClick='toggleBox("stack-trace116691552", this, "Click to show all stack frames", "Click to hide stack frames")'>Click to show all stack frames</a>
<div class='stack-trace' id='stack-trace116691552'><pre>java.lang.AssertionError: Unable to click element By.xpath: //button[contains(@title,&apos;All Materials&apos;)]
	at com.utility.Utilities.click(Utilities.java:497)
	at com.business.mlshop.Home.MLS_TC_68_ValidateFilter_Stainless_watch(Home.java:435)
	at com.mlshop.test.Home.MLS_TC_68_ValidateFilter_Stainless_watch(Home.java:154)
	at java.base/jdk.internal.reflect.NativeMethodAccessorImpl.invoke0(Native Method)
	at java.base/jdk.internal.reflect.NativeMethodAccessorImpl.invoke(NativeMethodAccessorImpl.java:77)
	at java.base/jdk.internal.reflect.DelegatingMethodAccessorImpl.invoke(DelegatingMethodAccessorImpl.java:43)
	at java.base/java.lang.reflect.Method.invoke(Method.java:568)
	at org.testng.internal.MethodInvocationHelper.invokeMethod(MethodInvocationHelper.java:134)
	at org.testng.internal.TestInvoker.invokeMethod(TestInvoker.java:597)
	at org.testng.internal.TestInvoker.invokeTestMethod(TestInvoker.java:173)
	at org.testng.internal.MethodRunner.runInSequence(MethodRunner.java:46)
	at org.testng.internal.TestInvoker$MethodInvocationAgent.invoke(TestInvoker.java:816)
	at org.testng.internal.TestInvoker.invokeTestMethods(TestInvoker.java:146)
	at org.testng.internal.TestMethodWorker.invokeTestMethods(TestMethodWorker.java:146)
	at org.testng.internal.TestMethodWorker.run(TestMethodWorker.java:128)
	at java.base/java.util.ArrayList.forEach(ArrayList.java:1511)
	at org.testng.TestRunner.privateRun(TestRunner.java:766)
	at org.testng.TestRunner.run(TestRunner.java:587)
	at org.testng.SuiteRunner.runTest(SuiteRunner.java:384)
	at org.testng.SuiteRunner.access$000(SuiteRunner.java:28)
	at org.testng.SuiteRunner$SuiteWorker.run(SuiteRunner.java:425)
	at org.testng.internal.thread.ThreadUtil.lambda$execute$0(ThreadUtil.java:68)
	at java.base/java.util.concurrent.FutureTask.run(FutureTask.java:264)
	at java.base/java.util.concurrent.ThreadPoolExecutor.runWorker(ThreadPoolExecutor.java:1136)
	at java.base/java.util.concurrent.ThreadPoolExecutor$Worker.run(ThreadPoolExecutor.java:635)
	at java.base/java.lang.Thread.run(Thread.java:833)
Caused by: org.openqa.selenium.NoSuchElementException: no such element: Unable to locate element: {&quot;method&quot;:&quot;xpath&quot;,&quot;selector&quot;:&quot;//button[contains(@title,&apos;All Materials&apos;)]&quot;}
  (Session info: chrome=122.0.6261.58)
For documentation on this error, please visit: https://www.seleniumhq.org/exceptions/no_such_element.html
Build info: version: &apos;3.141.59&apos;, revision: &apos;e82be7d358&apos;, time: &apos;2018-11-14T08:17:03&apos;
System info: host: &apos;HOTGQA008&apos;, ip: &apos;10.0.8.67&apos;, os.name: &apos;Windows 11&apos;, os.arch: &apos;amd64&apos;, os.version: &apos;10.0&apos;, java.version: &apos;17.0.7&apos;
Driver info: org.openqa.selenium.chrome.ChromeDriver
Capabilities {acceptInsecureCerts: false, browserName: chrome, browserVersion: 122.0.6261.58, chrome: {chromedriverVersion: 122.0.6261.69 (81bc525b6a36..., userDataDir: C:\Users\MELG20~1\AppData\L...}, fedcm:accounts: true, goog:chromeOptions: {debuggerAddress: localhost:56861}, javascriptEnabled: true, networkConnectionEnabled: false, pageLoadStrategy: eager, platform: WINDOWS, platformName: WINDOWS, proxy: Proxy(), setWindowRect: true, strictFileInteractability: false, timeouts: {implicit: 0, pageLoad: 300000, script: 30000}, unhandledPromptBehavior: dismiss and notify, webauthn:extension:credBlob: true, webauthn:extension:largeBlob: true, webauthn:extension:minPinLength: true, webauthn:extension:prf: true, webauthn:virtualAuthenticators: true}
Session ID: 3d176801426b083bca24df896c99988a
*** Element info: {Using=xpath, value=//button[contains(@title,&apos;All Materials&apos;)]}
	at java.base/jdk.internal.reflect.NativeConstructorAccessorImpl.newInstance0(Native Method)
	at java.base/jdk.internal.reflect.NativeConstructorAccessorImpl.newInstance(NativeConstructorAccessorImpl.java:77)
	at java.base/jdk.internal.reflect.DelegatingConstructorAccessorImpl.newInstance(DelegatingConstructorAccessorImpl.java:45)
	at java.base/java.lang.reflect.Constructor.newInstanceWithCaller(Constructor.java:499)
	at java.base/java.lang.reflect.Constructor.newInstance(Constructor.java:480)
	at org.openqa.selenium.remote.http.W3CHttpResponseCodec.createException(W3CHttpResponseCodec.java:187)
	at org.openqa.selenium.remote.http.W3CHttpResponseCodec.decode(W3CHttpResponseCodec.java:122)
	at org.openqa.selenium.remote.http.W3CHttpResponseCodec.decode(W3CHttpResponseCodec.java:49)
	at org.openqa.selenium.remote.HttpCommandExecutor.execute(HttpCommandExecutor.java:158)
	at org.openqa.selenium.remote.service.DriverCommandExecutor.execute(DriverCommandExecutor.java:83)
	at org.openqa.selenium.remote.RemoteWebDriver.execute(RemoteWebDriver.java:552)
	at org.openqa.selenium.remote.RemoteWebDriver.findElement(RemoteWebDriver.java:323)
	at org.openqa.selenium.remote.RemoteWebDriver.findElementByXPath(RemoteWebDriver.java:428)
	at org.openqa.selenium.By$ByXPath.findElement(By.java:353)
	at org.openqa.selenium.remote.RemoteWebDriver.findElement(RemoteWebDriver.java:315)
	at com.utility.Utilities.click(Utilities.java:488)
	... 25 more
</pre></div></td>
<td>34</td>
<td>com.mlshop.test.Home@3da05287</td></tr>
<tr>
<td title='com.mlshop.test.Home.MLS_TC_69_ValidateFilter_Ceramic_Polymer_watch()'><b>MLS_TC_69_ValidateFilter_Ceramic_Polymer_watch</b><br>Test class: com.mlshop.test.Home</td>
<td><div><pre>java.lang.AssertionError: Unable to click element By.xpath: //button[contains(@title,&apos;All Materials&apos;)]
	at com.utility.Utilities.click(Utilities.java:497)
	at com.business.mlshop.Home.MLS_TC_69_ValidateFilter_Ceramic_Polymer_watch(Home.java:447)
	at com.mlshop.test.Home.MLS_TC_69_ValidateFilter_Ceramic_Polymer_watch(Home.java:158)
	at java.base/java.util.ArrayList.forEach(ArrayList.java:1511)
	at java.base/java.util.concurrent.FutureTask.run(FutureTask.java:264)
	at java.base/java.util.concurrent.ThreadPoolExecutor.runWorker(ThreadPoolExecutor.java:1136)
	at java.base/java.util.concurrent.ThreadPoolExecutor$Worker.run(ThreadPoolExecutor.java:635)
	at java.base/java.lang.Thread.run(Thread.java:833)
Caused by: org.openqa.selenium.NoSuchElementException: no such element: Unable to locate element: {&quot;method&quot;:&quot;xpath&quot;,&quot;selector&quot;:&quot;//button[contains(@title,&apos;All Materials&apos;)]&quot;}
  (Session info: chrome=122.0.6261.58)
For documentation on this error, please visit: https://www.seleniumhq.org/exceptions/no_such_element.html
Build info: version: &apos;3.141.59&apos;, revision: &apos;e82be7d358&apos;, time: &apos;2018-11-14T08:17:03&apos;
System info: host: &apos;HOTGQA008&apos;, ip: &apos;10.0.8.67&apos;, os.name: &apos;Windows 11&apos;, os.arch: &apos;amd64&apos;, os.version: &apos;10.0&apos;, java.version: &apos;17.0.7&apos;
Driver info: org.openqa.selenium.chrome.ChromeDriver
Capabilities {acceptInsecureCerts: false, browserName: chrome, browserVersion: 122.0.6261.58, chrome: {chromedriverVersion: 122.0.6261.69 (81bc525b6a36..., userDataDir: C:\Users\MELG20~1\AppData\L...}, fedcm:accounts: true, goog:chromeOptions: {debuggerAddress: localhost:57028}, javascriptEnabled: true, networkConnectionEnabled: false, pageLoadStrategy: eager, platform: WINDOWS, platformName: WINDOWS, proxy: Proxy(), setWindowRect: true, strictFileInteractability: false, timeouts: {implicit: 0, pageLoad: 300000, script: 30000}, unhandledPromptBehavior: dismiss and notify, webauthn:extension:credBlob: true, webauthn:extension:largeBlob: true, webauthn:extension:minPinLength: true, webauthn:extension:prf: true, webauthn:virtualAuthenticators: true}
Session ID: 9cb0cf4d3ddb107fa6ffc5bd42fbb5f7
*** Element info: {Using=xpath, value=//button[contains(@title,&apos;All Materials&apos;)]}
	at org.openqa.selenium.remote.http.W3CHttpResponseCodec.createException(W3CHttpResponseCodec.java:187)
	at org.openqa.selenium.remote.http.W3CHttpResponseCodec.decode(W3CHttpResponseCodec.java:122)
	at org.openqa.selenium.remote.http.W3CHttpResponseCodec.decode(W3CHttpResponseCodec.java:49)
	at org.openqa.selenium.remote.HttpCommandExecutor.execute(HttpCommandExecutor.java:158)
	at org.openqa.selenium.remote.service.DriverCommandExecutor.execute(DriverCommandExecutor.java:83)
	at org.openqa.selenium.remote.RemoteWebDriver.execute(RemoteWebDriver.java:552)
	at org.openqa.selenium.remote.RemoteWebDriver.findElement(RemoteWebDriver.java:323)
	at org.openqa.selenium.remote.RemoteWebDriver.findElementByXPath(RemoteWebDriver.java:428)
	at org.openqa.selenium.By$ByXPath.findElement(By.java:353)
	at org.openqa.selenium.remote.RemoteWebDriver.findElement(RemoteWebDriver.java:315)
	at com.utility.Utilities.click(Utilities.java:488)
	... 25 more
... Removed 23 stack frames</pre></div><a href='#' onClick='toggleBox("stack-trace2022376690", this, "Click to show all stack frames", "Click to hide stack frames")'>Click to show all stack frames</a>
<div class='stack-trace' id='stack-trace2022376690'><pre>java.lang.AssertionError: Unable to click element By.xpath: //button[contains(@title,&apos;All Materials&apos;)]
	at com.utility.Utilities.click(Utilities.java:497)
	at com.business.mlshop.Home.MLS_TC_69_ValidateFilter_Ceramic_Polymer_watch(Home.java:447)
	at com.mlshop.test.Home.MLS_TC_69_ValidateFilter_Ceramic_Polymer_watch(Home.java:158)
	at java.base/jdk.internal.reflect.NativeMethodAccessorImpl.invoke0(Native Method)
	at java.base/jdk.internal.reflect.NativeMethodAccessorImpl.invoke(NativeMethodAccessorImpl.java:77)
	at java.base/jdk.internal.reflect.DelegatingMethodAccessorImpl.invoke(DelegatingMethodAccessorImpl.java:43)
	at java.base/java.lang.reflect.Method.invoke(Method.java:568)
	at org.testng.internal.MethodInvocationHelper.invokeMethod(MethodInvocationHelper.java:134)
	at org.testng.internal.TestInvoker.invokeMethod(TestInvoker.java:597)
	at org.testng.internal.TestInvoker.invokeTestMethod(TestInvoker.java:173)
	at org.testng.internal.MethodRunner.runInSequence(MethodRunner.java:46)
	at org.testng.internal.TestInvoker$MethodInvocationAgent.invoke(TestInvoker.java:816)
	at org.testng.internal.TestInvoker.invokeTestMethods(TestInvoker.java:146)
	at org.testng.internal.TestMethodWorker.invokeTestMethods(TestMethodWorker.java:146)
	at org.testng.internal.TestMethodWorker.run(TestMethodWorker.java:128)
	at java.base/java.util.ArrayList.forEach(ArrayList.java:1511)
	at org.testng.TestRunner.privateRun(TestRunner.java:766)
	at org.testng.TestRunner.run(TestRunner.java:587)
	at org.testng.SuiteRunner.runTest(SuiteRunner.java:384)
	at org.testng.SuiteRunner.access$000(SuiteRunner.java:28)
	at org.testng.SuiteRunner$SuiteWorker.run(SuiteRunner.java:425)
	at org.testng.internal.thread.ThreadUtil.lambda$execute$0(ThreadUtil.java:68)
	at java.base/java.util.concurrent.FutureTask.run(FutureTask.java:264)
	at java.base/java.util.concurrent.ThreadPoolExecutor.runWorker(ThreadPoolExecutor.java:1136)
	at java.base/java.util.concurrent.ThreadPoolExecutor$Worker.run(ThreadPoolExecutor.java:635)
	at java.base/java.lang.Thread.run(Thread.java:833)
Caused by: org.openqa.selenium.NoSuchElementException: no such element: Unable to locate element: {&quot;method&quot;:&quot;xpath&quot;,&quot;selector&quot;:&quot;//button[contains(@title,&apos;All Materials&apos;)]&quot;}
  (Session info: chrome=122.0.6261.58)
For documentation on this error, please visit: https://www.seleniumhq.org/exceptions/no_such_element.html
Build info: version: &apos;3.141.59&apos;, revision: &apos;e82be7d358&apos;, time: &apos;2018-11-14T08:17:03&apos;
System info: host: &apos;HOTGQA008&apos;, ip: &apos;10.0.8.67&apos;, os.name: &apos;Windows 11&apos;, os.arch: &apos;amd64&apos;, os.version: &apos;10.0&apos;, java.version: &apos;17.0.7&apos;
Driver info: org.openqa.selenium.chrome.ChromeDriver
Capabilities {acceptInsecureCerts: false, browserName: chrome, browserVersion: 122.0.6261.58, chrome: {chromedriverVersion: 122.0.6261.69 (81bc525b6a36..., userDataDir: C:\Users\MELG20~1\AppData\L...}, fedcm:accounts: true, goog:chromeOptions: {debuggerAddress: localhost:57028}, javascriptEnabled: true, networkConnectionEnabled: false, pageLoadStrategy: eager, platform: WINDOWS, platformName: WINDOWS, proxy: Proxy(), setWindowRect: true, strictFileInteractability: false, timeouts: {implicit: 0, pageLoad: 300000, script: 30000}, unhandledPromptBehavior: dismiss and notify, webauthn:extension:credBlob: true, webauthn:extension:largeBlob: true, webauthn:extension:minPinLength: true, webauthn:extension:prf: true, webauthn:virtualAuthenticators: true}
Session ID: 9cb0cf4d3ddb107fa6ffc5bd42fbb5f7
*** Element info: {Using=xpath, value=//button[contains(@title,&apos;All Materials&apos;)]}
	at java.base/jdk.internal.reflect.NativeConstructorAccessorImpl.newInstance0(Native Method)
	at java.base/jdk.internal.reflect.NativeConstructorAccessorImpl.newInstance(NativeConstructorAccessorImpl.java:77)
	at java.base/jdk.internal.reflect.DelegatingConstructorAccessorImpl.newInstance(DelegatingConstructorAccessorImpl.java:45)
	at java.base/java.lang.reflect.Constructor.newInstanceWithCaller(Constructor.java:499)
	at java.base/java.lang.reflect.Constructor.newInstance(Constructor.java:480)
	at org.openqa.selenium.remote.http.W3CHttpResponseCodec.createException(W3CHttpResponseCodec.java:187)
	at org.openqa.selenium.remote.http.W3CHttpResponseCodec.decode(W3CHttpResponseCodec.java:122)
	at org.openqa.selenium.remote.http.W3CHttpResponseCodec.decode(W3CHttpResponseCodec.java:49)
	at org.openqa.selenium.remote.HttpCommandExecutor.execute(HttpCommandExecutor.java:158)
	at org.openqa.selenium.remote.service.DriverCommandExecutor.execute(DriverCommandExecutor.java:83)
	at org.openqa.selenium.remote.RemoteWebDriver.execute(RemoteWebDriver.java:552)
	at org.openqa.selenium.remote.RemoteWebDriver.findElement(RemoteWebDriver.java:323)
	at org.openqa.selenium.remote.RemoteWebDriver.findElementByXPath(RemoteWebDriver.java:428)
	at org.openqa.selenium.By$ByXPath.findElement(By.java:353)
	at org.openqa.selenium.remote.RemoteWebDriver.findElement(RemoteWebDriver.java:315)
	at com.utility.Utilities.click(Utilities.java:488)
	... 25 more
</pre></div></td>
<td>34</td>
<td>com.mlshop.test.Home@3da05287</td></tr>
<tr>
<td title='com.mlshop.test.Home.MLS_TC_70_ValidateFilter_Gold_watch()'><b>MLS_TC_70_ValidateFilter_Gold_watch</b><br>Test class: com.mlshop.test.Home</td>
<td><div><pre>java.lang.AssertionError: Unable to click element By.xpath: //button[contains(@title,&apos;All Materials&apos;)]
	at com.utility.Utilities.click(Utilities.java:497)
	at com.business.mlshop.Home.MLS_TC_70_ValidateFilter_Gold_watch(Home.java:460)
	at com.mlshop.test.Home.MLS_TC_70_ValidateFilter_Gold_watch(Home.java:162)
	at java.base/java.util.ArrayList.forEach(ArrayList.java:1511)
	at java.base/java.util.concurrent.FutureTask.run(FutureTask.java:264)
	at java.base/java.util.concurrent.ThreadPoolExecutor.runWorker(ThreadPoolExecutor.java:1136)
	at java.base/java.util.concurrent.ThreadPoolExecutor$Worker.run(ThreadPoolExecutor.java:635)
	at java.base/java.lang.Thread.run(Thread.java:833)
Caused by: org.openqa.selenium.NoSuchElementException: no such element: Unable to locate element: {&quot;method&quot;:&quot;xpath&quot;,&quot;selector&quot;:&quot;//button[contains(@title,&apos;All Materials&apos;)]&quot;}
  (Session info: chrome=122.0.6261.58)
For documentation on this error, please visit: https://www.seleniumhq.org/exceptions/no_such_element.html
Build info: version: &apos;3.141.59&apos;, revision: &apos;e82be7d358&apos;, time: &apos;2018-11-14T08:17:03&apos;
System info: host: &apos;HOTGQA008&apos;, ip: &apos;10.0.8.67&apos;, os.name: &apos;Windows 11&apos;, os.arch: &apos;amd64&apos;, os.version: &apos;10.0&apos;, java.version: &apos;17.0.7&apos;
Driver info: org.openqa.selenium.chrome.ChromeDriver
Capabilities {acceptInsecureCerts: false, browserName: chrome, browserVersion: 122.0.6261.58, chrome: {chromedriverVersion: 122.0.6261.69 (81bc525b6a36..., userDataDir: C:\Users\MELG20~1\AppData\L...}, fedcm:accounts: true, goog:chromeOptions: {debuggerAddress: localhost:57119}, javascriptEnabled: true, networkConnectionEnabled: false, pageLoadStrategy: eager, platform: WINDOWS, platformName: WINDOWS, proxy: Proxy(), setWindowRect: true, strictFileInteractability: false, timeouts: {implicit: 0, pageLoad: 300000, script: 30000}, unhandledPromptBehavior: dismiss and notify, webauthn:extension:credBlob: true, webauthn:extension:largeBlob: true, webauthn:extension:minPinLength: true, webauthn:extension:prf: true, webauthn:virtualAuthenticators: true}
Session ID: 579239e429cbcc2ed35fc81606090021
*** Element info: {Using=xpath, value=//button[contains(@title,&apos;All Materials&apos;)]}
	at org.openqa.selenium.remote.http.W3CHttpResponseCodec.createException(W3CHttpResponseCodec.java:187)
	at org.openqa.selenium.remote.http.W3CHttpResponseCodec.decode(W3CHttpResponseCodec.java:122)
	at org.openqa.selenium.remote.http.W3CHttpResponseCodec.decode(W3CHttpResponseCodec.java:49)
	at org.openqa.selenium.remote.HttpCommandExecutor.execute(HttpCommandExecutor.java:158)
	at org.openqa.selenium.remote.service.DriverCommandExecutor.execute(DriverCommandExecutor.java:83)
	at org.openqa.selenium.remote.RemoteWebDriver.execute(RemoteWebDriver.java:552)
	at org.openqa.selenium.remote.RemoteWebDriver.findElement(RemoteWebDriver.java:323)
	at org.openqa.selenium.remote.RemoteWebDriver.findElementByXPath(RemoteWebDriver.java:428)
	at org.openqa.selenium.By$ByXPath.findElement(By.java:353)
	at org.openqa.selenium.remote.RemoteWebDriver.findElement(RemoteWebDriver.java:315)
	at com.utility.Utilities.click(Utilities.java:488)
	... 25 more
... Removed 23 stack frames</pre></div><a href='#' onClick='toggleBox("stack-trace1377672155", this, "Click to show all stack frames", "Click to hide stack frames")'>Click to show all stack frames</a>
<div class='stack-trace' id='stack-trace1377672155'><pre>java.lang.AssertionError: Unable to click element By.xpath: //button[contains(@title,&apos;All Materials&apos;)]
	at com.utility.Utilities.click(Utilities.java:497)
	at com.business.mlshop.Home.MLS_TC_70_ValidateFilter_Gold_watch(Home.java:460)
	at com.mlshop.test.Home.MLS_TC_70_ValidateFilter_Gold_watch(Home.java:162)
	at java.base/jdk.internal.reflect.NativeMethodAccessorImpl.invoke0(Native Method)
	at java.base/jdk.internal.reflect.NativeMethodAccessorImpl.invoke(NativeMethodAccessorImpl.java:77)
	at java.base/jdk.internal.reflect.DelegatingMethodAccessorImpl.invoke(DelegatingMethodAccessorImpl.java:43)
	at java.base/java.lang.reflect.Method.invoke(Method.java:568)
	at org.testng.internal.MethodInvocationHelper.invokeMethod(MethodInvocationHelper.java:134)
	at org.testng.internal.TestInvoker.invokeMethod(TestInvoker.java:597)
	at org.testng.internal.TestInvoker.invokeTestMethod(TestInvoker.java:173)
	at org.testng.internal.MethodRunner.runInSequence(MethodRunner.java:46)
	at org.testng.internal.TestInvoker$MethodInvocationAgent.invoke(TestInvoker.java:816)
	at org.testng.internal.TestInvoker.invokeTestMethods(TestInvoker.java:146)
	at org.testng.internal.TestMethodWorker.invokeTestMethods(TestMethodWorker.java:146)
	at org.testng.internal.TestMethodWorker.run(TestMethodWorker.java:128)
	at java.base/java.util.ArrayList.forEach(ArrayList.java:1511)
	at org.testng.TestRunner.privateRun(TestRunner.java:766)
	at org.testng.TestRunner.run(TestRunner.java:587)
	at org.testng.SuiteRunner.runTest(SuiteRunner.java:384)
	at org.testng.SuiteRunner.access$000(SuiteRunner.java:28)
	at org.testng.SuiteRunner$SuiteWorker.run(SuiteRunner.java:425)
	at org.testng.internal.thread.ThreadUtil.lambda$execute$0(ThreadUtil.java:68)
	at java.base/java.util.concurrent.FutureTask.run(FutureTask.java:264)
	at java.base/java.util.concurrent.ThreadPoolExecutor.runWorker(ThreadPoolExecutor.java:1136)
	at java.base/java.util.concurrent.ThreadPoolExecutor$Worker.run(ThreadPoolExecutor.java:635)
	at java.base/java.lang.Thread.run(Thread.java:833)
Caused by: org.openqa.selenium.NoSuchElementException: no such element: Unable to locate element: {&quot;method&quot;:&quot;xpath&quot;,&quot;selector&quot;:&quot;//button[contains(@title,&apos;All Materials&apos;)]&quot;}
  (Session info: chrome=122.0.6261.58)
For documentation on this error, please visit: https://www.seleniumhq.org/exceptions/no_such_element.html
Build info: version: &apos;3.141.59&apos;, revision: &apos;e82be7d358&apos;, time: &apos;2018-11-14T08:17:03&apos;
System info: host: &apos;HOTGQA008&apos;, ip: &apos;10.0.8.67&apos;, os.name: &apos;Windows 11&apos;, os.arch: &apos;amd64&apos;, os.version: &apos;10.0&apos;, java.version: &apos;17.0.7&apos;
Driver info: org.openqa.selenium.chrome.ChromeDriver
Capabilities {acceptInsecureCerts: false, browserName: chrome, browserVersion: 122.0.6261.58, chrome: {chromedriverVersion: 122.0.6261.69 (81bc525b6a36..., userDataDir: C:\Users\MELG20~1\AppData\L...}, fedcm:accounts: true, goog:chromeOptions: {debuggerAddress: localhost:57119}, javascriptEnabled: true, networkConnectionEnabled: false, pageLoadStrategy: eager, platform: WINDOWS, platformName: WINDOWS, proxy: Proxy(), setWindowRect: true, strictFileInteractability: false, timeouts: {implicit: 0, pageLoad: 300000, script: 30000}, unhandledPromptBehavior: dismiss and notify, webauthn:extension:credBlob: true, webauthn:extension:largeBlob: true, webauthn:extension:minPinLength: true, webauthn:extension:prf: true, webauthn:virtualAuthenticators: true}
Session ID: 579239e429cbcc2ed35fc81606090021
*** Element info: {Using=xpath, value=//button[contains(@title,&apos;All Materials&apos;)]}
	at java.base/jdk.internal.reflect.NativeConstructorAccessorImpl.newInstance0(Native Method)
	at java.base/jdk.internal.reflect.NativeConstructorAccessorImpl.newInstance(NativeConstructorAccessorImpl.java:77)
	at java.base/jdk.internal.reflect.DelegatingConstructorAccessorImpl.newInstance(DelegatingConstructorAccessorImpl.java:45)
	at java.base/java.lang.reflect.Constructor.newInstanceWithCaller(Constructor.java:499)
	at java.base/java.lang.reflect.Constructor.newInstance(Constructor.java:480)
	at org.openqa.selenium.remote.http.W3CHttpResponseCodec.createException(W3CHttpResponseCodec.java:187)
	at org.openqa.selenium.remote.http.W3CHttpResponseCodec.decode(W3CHttpResponseCodec.java:122)
	at org.openqa.selenium.remote.http.W3CHttpResponseCodec.decode(W3CHttpResponseCodec.java:49)
	at org.openqa.selenium.remote.HttpCommandExecutor.execute(HttpCommandExecutor.java:158)
	at org.openqa.selenium.remote.service.DriverCommandExecutor.execute(DriverCommandExecutor.java:83)
	at org.openqa.selenium.remote.RemoteWebDriver.execute(RemoteWebDriver.java:552)
	at org.openqa.selenium.remote.RemoteWebDriver.findElement(RemoteWebDriver.java:323)
	at org.openqa.selenium.remote.RemoteWebDriver.findElementByXPath(RemoteWebDriver.java:428)
	at org.openqa.selenium.By$ByXPath.findElement(By.java:353)
	at org.openqa.selenium.remote.RemoteWebDriver.findElement(RemoteWebDriver.java:315)
	at com.utility.Utilities.click(Utilities.java:488)
	... 25 more
</pre></div></td>
<td>34</td>
<td>com.mlshop.test.Home@3da05287</td></tr>
<tr>
<td title='com.mlshop.test.Home.MLS_TC_85_ValidateJewelry_addToCart()'><b>MLS_TC_85_ValidateJewelry_addToCart</b><br>Test class: com.mlshop.test.Home</td>
<td><div><pre>java.lang.AssertionError: Could not get text By.xpath: //p[normalize-space()=&apos;Item has been successfully added to your cart.&apos;]
	at com.utility.Utilities.getText(Utilities.java:561)
	at com.business.mlshop.Home.MLS_TC_85_ValidateJewelry_addToCart(Home.java:608)
	at com.mlshop.test.Home.MLS_TC_85_ValidateJewelry_addToCart(Home.java:206)
	at java.base/java.util.ArrayList.forEach(ArrayList.java:1511)
	at java.base/java.util.concurrent.FutureTask.run(FutureTask.java:264)
	at java.base/java.util.concurrent.ThreadPoolExecutor.runWorker(ThreadPoolExecutor.java:1136)
	at java.base/java.util.concurrent.ThreadPoolExecutor$Worker.run(ThreadPoolExecutor.java:635)
	at java.base/java.lang.Thread.run(Thread.java:833)
Caused by: org.openqa.selenium.NoSuchElementException: no such element: Unable to locate element: {&quot;method&quot;:&quot;xpath&quot;,&quot;selector&quot;:&quot;//p[normalize-space()=&apos;Item has been successfully added to your cart.&apos;]&quot;}
  (Session info: chrome=122.0.6261.58)
For documentation on this error, please visit: https://www.seleniumhq.org/exceptions/no_such_element.html
Build info: version: &apos;3.141.59&apos;, revision: &apos;e82be7d358&apos;, time: &apos;2018-11-14T08:17:03&apos;
System info: host: &apos;HOTGQA008&apos;, ip: &apos;10.0.8.67&apos;, os.name: &apos;Windows 11&apos;, os.arch: &apos;amd64&apos;, os.version: &apos;10.0&apos;, java.version: &apos;17.0.7&apos;
Driver info: org.openqa.selenium.chrome.ChromeDriver
Capabilities {acceptInsecureCerts: false, browserName: chrome, browserVersion: 122.0.6261.58, chrome: {chromedriverVersion: 122.0.6261.69 (81bc525b6a36..., userDataDir: C:\Users\MELG20~1\AppData\L...}, fedcm:accounts: true, goog:chromeOptions: {debuggerAddress: localhost:57611}, javascriptEnabled: true, networkConnectionEnabled: false, pageLoadStrategy: eager, platform: WINDOWS, platformName: WINDOWS, proxy: Proxy(), setWindowRect: true, strictFileInteractability: false, timeouts: {implicit: 0, pageLoad: 300000, script: 30000}, unhandledPromptBehavior: dismiss and notify, webauthn:extension:credBlob: true, webauthn:extension:largeBlob: true, webauthn:extension:minPinLength: true, webauthn:extension:prf: true, webauthn:virtualAuthenticators: true}
Session ID: 190a3b250fd115adc1a7c67d68f6e951
*** Element info: {Using=xpath, value=//p[normalize-space()=&apos;Item has been successfully added to your cart.&apos;]}
	at org.openqa.selenium.remote.http.W3CHttpResponseCodec.createException(W3CHttpResponseCodec.java:187)
	at org.openqa.selenium.remote.http.W3CHttpResponseCodec.decode(W3CHttpResponseCodec.java:122)
	at org.openqa.selenium.remote.http.W3CHttpResponseCodec.decode(W3CHttpResponseCodec.java:49)
	at org.openqa.selenium.remote.HttpCommandExecutor.execute(HttpCommandExecutor.java:158)
	at org.openqa.selenium.remote.service.DriverCommandExecutor.execute(DriverCommandExecutor.java:83)
	at org.openqa.selenium.remote.RemoteWebDriver.execute(RemoteWebDriver.java:552)
	at org.openqa.selenium.remote.RemoteWebDriver.findElement(RemoteWebDriver.java:323)
	at org.openqa.selenium.remote.RemoteWebDriver.findElementByXPath(RemoteWebDriver.java:428)
	at org.openqa.selenium.By$ByXPath.findElement(By.java:353)
	at org.openqa.selenium.remote.RemoteWebDriver.findElement(RemoteWebDriver.java:315)
	at com.utility.Utilities.findElement(Utilities.java:183)
	at com.utility.Utilities.getText(Utilities.java:557)
	... 25 more
... Removed 23 stack frames</pre></div><a href='#' onClick='toggleBox("stack-trace1469711290", this, "Click to show all stack frames", "Click to hide stack frames")'>Click to show all stack frames</a>
<div class='stack-trace' id='stack-trace1469711290'><pre>java.lang.AssertionError: Could not get text By.xpath: //p[normalize-space()=&apos;Item has been successfully added to your cart.&apos;]
	at com.utility.Utilities.getText(Utilities.java:561)
	at com.business.mlshop.Home.MLS_TC_85_ValidateJewelry_addToCart(Home.java:608)
	at com.mlshop.test.Home.MLS_TC_85_ValidateJewelry_addToCart(Home.java:206)
	at java.base/jdk.internal.reflect.NativeMethodAccessorImpl.invoke0(Native Method)
	at java.base/jdk.internal.reflect.NativeMethodAccessorImpl.invoke(NativeMethodAccessorImpl.java:77)
	at java.base/jdk.internal.reflect.DelegatingMethodAccessorImpl.invoke(DelegatingMethodAccessorImpl.java:43)
	at java.base/java.lang.reflect.Method.invoke(Method.java:568)
	at org.testng.internal.MethodInvocationHelper.invokeMethod(MethodInvocationHelper.java:134)
	at org.testng.internal.TestInvoker.invokeMethod(TestInvoker.java:597)
	at org.testng.internal.TestInvoker.invokeTestMethod(TestInvoker.java:173)
	at org.testng.internal.MethodRunner.runInSequence(MethodRunner.java:46)
	at org.testng.internal.TestInvoker$MethodInvocationAgent.invoke(TestInvoker.java:816)
	at org.testng.internal.TestInvoker.invokeTestMethods(TestInvoker.java:146)
	at org.testng.internal.TestMethodWorker.invokeTestMethods(TestMethodWorker.java:146)
	at org.testng.internal.TestMethodWorker.run(TestMethodWorker.java:128)
	at java.base/java.util.ArrayList.forEach(ArrayList.java:1511)
	at org.testng.TestRunner.privateRun(TestRunner.java:766)
	at org.testng.TestRunner.run(TestRunner.java:587)
	at org.testng.SuiteRunner.runTest(SuiteRunner.java:384)
	at org.testng.SuiteRunner.access$000(SuiteRunner.java:28)
	at org.testng.SuiteRunner$SuiteWorker.run(SuiteRunner.java:425)
	at org.testng.internal.thread.ThreadUtil.lambda$execute$0(ThreadUtil.java:68)
	at java.base/java.util.concurrent.FutureTask.run(FutureTask.java:264)
	at java.base/java.util.concurrent.ThreadPoolExecutor.runWorker(ThreadPoolExecutor.java:1136)
	at java.base/java.util.concurrent.ThreadPoolExecutor$Worker.run(ThreadPoolExecutor.java:635)
	at java.base/java.lang.Thread.run(Thread.java:833)
Caused by: org.openqa.selenium.NoSuchElementException: no such element: Unable to locate element: {&quot;method&quot;:&quot;xpath&quot;,&quot;selector&quot;:&quot;//p[normalize-space()=&apos;Item has been successfully added to your cart.&apos;]&quot;}
  (Session info: chrome=122.0.6261.58)
For documentation on this error, please visit: https://www.seleniumhq.org/exceptions/no_such_element.html
Build info: version: &apos;3.141.59&apos;, revision: &apos;e82be7d358&apos;, time: &apos;2018-11-14T08:17:03&apos;
System info: host: &apos;HOTGQA008&apos;, ip: &apos;10.0.8.67&apos;, os.name: &apos;Windows 11&apos;, os.arch: &apos;amd64&apos;, os.version: &apos;10.0&apos;, java.version: &apos;17.0.7&apos;
Driver info: org.openqa.selenium.chrome.ChromeDriver
Capabilities {acceptInsecureCerts: false, browserName: chrome, browserVersion: 122.0.6261.58, chrome: {chromedriverVersion: 122.0.6261.69 (81bc525b6a36..., userDataDir: C:\Users\MELG20~1\AppData\L...}, fedcm:accounts: true, goog:chromeOptions: {debuggerAddress: localhost:57611}, javascriptEnabled: true, networkConnectionEnabled: false, pageLoadStrategy: eager, platform: WINDOWS, platformName: WINDOWS, proxy: Proxy(), setWindowRect: true, strictFileInteractability: false, timeouts: {implicit: 0, pageLoad: 300000, script: 30000}, unhandledPromptBehavior: dismiss and notify, webauthn:extension:credBlob: true, webauthn:extension:largeBlob: true, webauthn:extension:minPinLength: true, webauthn:extension:prf: true, webauthn:virtualAuthenticators: true}
Session ID: 190a3b250fd115adc1a7c67d68f6e951
*** Element info: {Using=xpath, value=//p[normalize-space()=&apos;Item has been successfully added to your cart.&apos;]}
	at java.base/jdk.internal.reflect.NativeConstructorAccessorImpl.newInstance0(Native Method)
	at java.base/jdk.internal.reflect.NativeConstructorAccessorImpl.newInstance(NativeConstructorAccessorImpl.java:77)
	at java.base/jdk.internal.reflect.DelegatingConstructorAccessorImpl.newInstance(DelegatingConstructorAccessorImpl.java:45)
	at java.base/java.lang.reflect.Constructor.newInstanceWithCaller(Constructor.java:499)
	at java.base/java.lang.reflect.Constructor.newInstance(Constructor.java:480)
	at org.openqa.selenium.remote.http.W3CHttpResponseCodec.createException(W3CHttpResponseCodec.java:187)
	at org.openqa.selenium.remote.http.W3CHttpResponseCodec.decode(W3CHttpResponseCodec.java:122)
	at org.openqa.selenium.remote.http.W3CHttpResponseCodec.decode(W3CHttpResponseCodec.java:49)
	at org.openqa.selenium.remote.HttpCommandExecutor.execute(HttpCommandExecutor.java:158)
	at org.openqa.selenium.remote.service.DriverCommandExecutor.execute(DriverCommandExecutor.java:83)
	at org.openqa.selenium.remote.RemoteWebDriver.execute(RemoteWebDriver.java:552)
	at org.openqa.selenium.remote.RemoteWebDriver.findElement(RemoteWebDriver.java:323)
	at org.openqa.selenium.remote.RemoteWebDriver.findElementByXPath(RemoteWebDriver.java:428)
	at org.openqa.selenium.By$ByXPath.findElement(By.java:353)
	at org.openqa.selenium.remote.RemoteWebDriver.findElement(RemoteWebDriver.java:315)
	at com.utility.Utilities.findElement(Utilities.java:183)
	at com.utility.Utilities.getText(Utilities.java:557)
	... 25 more
</pre></div></td>
<td>33</td>
<td>com.mlshop.test.Home@3da05287</td></tr>
<tr>
<td title='com.mlshop.test.Home.MLS_TC_86_ValidateAmparito_addToCart()'><b>MLS_TC_86_ValidateAmparito_addToCart</b><br>Test class: com.mlshop.test.Home</td>
<td><div><pre>java.lang.AssertionError: Could not get text By.xpath: //p[normalize-space()=&apos;Item has been successfully added to your cart.&apos;]
	at com.utility.Utilities.getText(Utilities.java:561)
	at com.business.mlshop.Home.MLS_TC_86_ValidateAmparito_addToCart(Home.java:621)
	at com.mlshop.test.Home.MLS_TC_86_ValidateAmparito_addToCart(Home.java:210)
	at java.base/java.util.ArrayList.forEach(ArrayList.java:1511)
	at java.base/java.util.concurrent.FutureTask.run(FutureTask.java:264)
	at java.base/java.util.concurrent.ThreadPoolExecutor.runWorker(ThreadPoolExecutor.java:1136)
	at java.base/java.util.concurrent.ThreadPoolExecutor$Worker.run(ThreadPoolExecutor.java:635)
	at java.base/java.lang.Thread.run(Thread.java:833)
Caused by: org.openqa.selenium.NoSuchElementException: no such element: Unable to locate element: {&quot;method&quot;:&quot;xpath&quot;,&quot;selector&quot;:&quot;//p[normalize-space()=&apos;Item has been successfully added to your cart.&apos;]&quot;}
  (Session info: chrome=122.0.6261.58)
For documentation on this error, please visit: https://www.seleniumhq.org/exceptions/no_such_element.html
Build info: version: &apos;3.141.59&apos;, revision: &apos;e82be7d358&apos;, time: &apos;2018-11-14T08:17:03&apos;
System info: host: &apos;HOTGQA008&apos;, ip: &apos;10.0.8.67&apos;, os.name: &apos;Windows 11&apos;, os.arch: &apos;amd64&apos;, os.version: &apos;10.0&apos;, java.version: &apos;17.0.7&apos;
Driver info: org.openqa.selenium.chrome.ChromeDriver
Capabilities {acceptInsecureCerts: false, browserName: chrome, browserVersion: 122.0.6261.58, chrome: {chromedriverVersion: 122.0.6261.69 (81bc525b6a36..., userDataDir: C:\Users\MELG20~1\AppData\L...}, fedcm:accounts: true, goog:chromeOptions: {debuggerAddress: localhost:57680}, javascriptEnabled: true, networkConnectionEnabled: false, pageLoadStrategy: eager, platform: WINDOWS, platformName: WINDOWS, proxy: Proxy(), setWindowRect: true, strictFileInteractability: false, timeouts: {implicit: 0, pageLoad: 300000, script: 30000}, unhandledPromptBehavior: dismiss and notify, webauthn:extension:credBlob: true, webauthn:extension:largeBlob: true, webauthn:extension:minPinLength: true, webauthn:extension:prf: true, webauthn:virtualAuthenticators: true}
Session ID: 46767d83593d7ec0a6f577c20749f167
*** Element info: {Using=xpath, value=//p[normalize-space()=&apos;Item has been successfully added to your cart.&apos;]}
	at org.openqa.selenium.remote.http.W3CHttpResponseCodec.createException(W3CHttpResponseCodec.java:187)
	at org.openqa.selenium.remote.http.W3CHttpResponseCodec.decode(W3CHttpResponseCodec.java:122)
	at org.openqa.selenium.remote.http.W3CHttpResponseCodec.decode(W3CHttpResponseCodec.java:49)
	at org.openqa.selenium.remote.HttpCommandExecutor.execute(HttpCommandExecutor.java:158)
	at org.openqa.selenium.remote.service.DriverCommandExecutor.execute(DriverCommandExecutor.java:83)
	at org.openqa.selenium.remote.RemoteWebDriver.execute(RemoteWebDriver.java:552)
	at org.openqa.selenium.remote.RemoteWebDriver.findElement(RemoteWebDriver.java:323)
	at org.openqa.selenium.remote.RemoteWebDriver.findElementByXPath(RemoteWebDriver.java:428)
	at org.openqa.selenium.By$ByXPath.findElement(By.java:353)
	at org.openqa.selenium.remote.RemoteWebDriver.findElement(RemoteWebDriver.java:315)
	at com.utility.Utilities.findElement(Utilities.java:183)
	at com.utility.Utilities.getText(Utilities.java:557)
	... 25 more
... Removed 23 stack frames</pre></div><a href='#' onClick='toggleBox("stack-trace1073220969", this, "Click to show all stack frames", "Click to hide stack frames")'>Click to show all stack frames</a>
<div class='stack-trace' id='stack-trace1073220969'><pre>java.lang.AssertionError: Could not get text By.xpath: //p[normalize-space()=&apos;Item has been successfully added to your cart.&apos;]
	at com.utility.Utilities.getText(Utilities.java:561)
	at com.business.mlshop.Home.MLS_TC_86_ValidateAmparito_addToCart(Home.java:621)
	at com.mlshop.test.Home.MLS_TC_86_ValidateAmparito_addToCart(Home.java:210)
	at java.base/jdk.internal.reflect.NativeMethodAccessorImpl.invoke0(Native Method)
	at java.base/jdk.internal.reflect.NativeMethodAccessorImpl.invoke(NativeMethodAccessorImpl.java:77)
	at java.base/jdk.internal.reflect.DelegatingMethodAccessorImpl.invoke(DelegatingMethodAccessorImpl.java:43)
	at java.base/java.lang.reflect.Method.invoke(Method.java:568)
	at org.testng.internal.MethodInvocationHelper.invokeMethod(MethodInvocationHelper.java:134)
	at org.testng.internal.TestInvoker.invokeMethod(TestInvoker.java:597)
	at org.testng.internal.TestInvoker.invokeTestMethod(TestInvoker.java:173)
	at org.testng.internal.MethodRunner.runInSequence(MethodRunner.java:46)
	at org.testng.internal.TestInvoker$MethodInvocationAgent.invoke(TestInvoker.java:816)
	at org.testng.internal.TestInvoker.invokeTestMethods(TestInvoker.java:146)
	at org.testng.internal.TestMethodWorker.invokeTestMethods(TestMethodWorker.java:146)
	at org.testng.internal.TestMethodWorker.run(TestMethodWorker.java:128)
	at java.base/java.util.ArrayList.forEach(ArrayList.java:1511)
	at org.testng.TestRunner.privateRun(TestRunner.java:766)
	at org.testng.TestRunner.run(TestRunner.java:587)
	at org.testng.SuiteRunner.runTest(SuiteRunner.java:384)
	at org.testng.SuiteRunner.access$000(SuiteRunner.java:28)
	at org.testng.SuiteRunner$SuiteWorker.run(SuiteRunner.java:425)
	at org.testng.internal.thread.ThreadUtil.lambda$execute$0(ThreadUtil.java:68)
	at java.base/java.util.concurrent.FutureTask.run(FutureTask.java:264)
	at java.base/java.util.concurrent.ThreadPoolExecutor.runWorker(ThreadPoolExecutor.java:1136)
	at java.base/java.util.concurrent.ThreadPoolExecutor$Worker.run(ThreadPoolExecutor.java:635)
	at java.base/java.lang.Thread.run(Thread.java:833)
Caused by: org.openqa.selenium.NoSuchElementException: no such element: Unable to locate element: {&quot;method&quot;:&quot;xpath&quot;,&quot;selector&quot;:&quot;//p[normalize-space()=&apos;Item has been successfully added to your cart.&apos;]&quot;}
  (Session info: chrome=122.0.6261.58)
For documentation on this error, please visit: https://www.seleniumhq.org/exceptions/no_such_element.html
Build info: version: &apos;3.141.59&apos;, revision: &apos;e82be7d358&apos;, time: &apos;2018-11-14T08:17:03&apos;
System info: host: &apos;HOTGQA008&apos;, ip: &apos;10.0.8.67&apos;, os.name: &apos;Windows 11&apos;, os.arch: &apos;amd64&apos;, os.version: &apos;10.0&apos;, java.version: &apos;17.0.7&apos;
Driver info: org.openqa.selenium.chrome.ChromeDriver
Capabilities {acceptInsecureCerts: false, browserName: chrome, browserVersion: 122.0.6261.58, chrome: {chromedriverVersion: 122.0.6261.69 (81bc525b6a36..., userDataDir: C:\Users\MELG20~1\AppData\L...}, fedcm:accounts: true, goog:chromeOptions: {debuggerAddress: localhost:57680}, javascriptEnabled: true, networkConnectionEnabled: false, pageLoadStrategy: eager, platform: WINDOWS, platformName: WINDOWS, proxy: Proxy(), setWindowRect: true, strictFileInteractability: false, timeouts: {implicit: 0, pageLoad: 300000, script: 30000}, unhandledPromptBehavior: dismiss and notify, webauthn:extension:credBlob: true, webauthn:extension:largeBlob: true, webauthn:extension:minPinLength: true, webauthn:extension:prf: true, webauthn:virtualAuthenticators: true}
Session ID: 46767d83593d7ec0a6f577c20749f167
*** Element info: {Using=xpath, value=//p[normalize-space()=&apos;Item has been successfully added to your cart.&apos;]}
	at java.base/jdk.internal.reflect.NativeConstructorAccessorImpl.newInstance0(Native Method)
	at java.base/jdk.internal.reflect.NativeConstructorAccessorImpl.newInstance(NativeConstructorAccessorImpl.java:77)
	at java.base/jdk.internal.reflect.DelegatingConstructorAccessorImpl.newInstance(DelegatingConstructorAccessorImpl.java:45)
	at java.base/java.lang.reflect.Constructor.newInstanceWithCaller(Constructor.java:499)
	at java.base/java.lang.reflect.Constructor.newInstance(Constructor.java:480)
	at org.openqa.selenium.remote.http.W3CHttpResponseCodec.createException(W3CHttpResponseCodec.java:187)
	at org.openqa.selenium.remote.http.W3CHttpResponseCodec.decode(W3CHttpResponseCodec.java:122)
	at org.openqa.selenium.remote.http.W3CHttpResponseCodec.decode(W3CHttpResponseCodec.java:49)
	at org.openqa.selenium.remote.HttpCommandExecutor.execute(HttpCommandExecutor.java:158)
	at org.openqa.selenium.remote.service.DriverCommandExecutor.execute(DriverCommandExecutor.java:83)
	at org.openqa.selenium.remote.RemoteWebDriver.execute(RemoteWebDriver.java:552)
	at org.openqa.selenium.remote.RemoteWebDriver.findElement(RemoteWebDriver.java:323)
	at org.openqa.selenium.remote.RemoteWebDriver.findElementByXPath(RemoteWebDriver.java:428)
	at org.openqa.selenium.By$ByXPath.findElement(By.java:353)
	at org.openqa.selenium.remote.RemoteWebDriver.findElement(RemoteWebDriver.java:315)
	at com.utility.Utilities.findElement(Utilities.java:183)
	at com.utility.Utilities.getText(Utilities.java:557)
	... 25 more
</pre></div></td>
<td>33</td>
<td>com.mlshop.test.Home@3da05287</td></tr>
</table><p>
<table width='100%' border='1' class='invocation-passed'>
<tr><td colspan='4' align='center'><b>PASSED TESTS</b></td></tr>
<tr><td><b>Test method</b></td>
<td width="30%"><b>Exception</b></td>
<td width="10%"><b>Time (seconds)</b></td>
<td><b>Instance</b></td>
</tr>
<tr>
<td title='com.mlshop.test.Login.MLS_TC_01_ValidateUserIcon_Redirection()'><b>MLS_TC_01_ValidateUserIcon_Redirection</b><br>Test class: com.mlshop.test.Login</td>
<td></td>
<td>4</td>
<td>com.mlshop.test.Login@517d4a0d</td></tr>
<tr>
<td title='com.mlshop.test.Login.MLS_TC_02_ValidateErrorPrompt_MobileNumber_Field()'><b>MLS_TC_02_ValidateErrorPrompt_MobileNumber_Field</b><br>Test class: com.mlshop.test.Login</td>
<td></td>
<td>8</td>
<td>com.mlshop.test.Login@517d4a0d</td></tr>
<tr>
<td title='com.mlshop.test.Login.MLS_TC_05_ValidateErorrPrompt_()'><b>MLS_TC_05_ValidateErorrPrompt_</b><br>Test class: com.mlshop.test.Login</td>
<td></td>
<td>14</td>
<td>com.mlshop.test.Login@517d4a0d</td></tr>
<tr>
<td title='com.mlshop.test.Login.MLS_TC_06_ValidateLogin_Function()'><b>MLS_TC_06_ValidateLogin_Function</b><br>Test class: com.mlshop.test.Login</td>
<td></td>
<td>12</td>
<td>com.mlshop.test.Login@517d4a0d</td></tr>
<tr>
<td title='com.mlshop.test.Login.MLS_TC_08_ValidateLogin_RegisterRedirection()'><b>MLS_TC_08_ValidateLogin_RegisterRedirection</b><br>Test class: com.mlshop.test.Login</td>
<td></td>
<td>7</td>
<td>com.mlshop.test.Login@517d4a0d</td></tr>
<tr>
<td title='com.mlshop.test.Login.MLS_TC_09_ValidateLogin_CancelRegister()'><b>MLS_TC_09_ValidateLogin_CancelRegister</b><br>Test class: com.mlshop.test.Login</td>
<td></td>
<td>7</td>
<td>com.mlshop.test.Login@517d4a0d</td></tr>
<tr>
<td title='com.mlshop.test.ShippingDetails.MLS_TC_101_Validate_shippingDetails_accInfoFields()'><b>MLS_TC_101_Validate_shippingDetails_accInfoFields</b><br>Test class: com.mlshop.test.ShippingDetails</td>
<td></td>
<td>12</td>
<td>com.mlshop.test.ShippingDetails@7862f56</td></tr>
<tr>
<td title='com.mlshop.test.ShippingDetails.MLS_TC_102_Validate_shippingDetails_accInfoFields_branchAddr()'><b>MLS_TC_102_Validate_shippingDetails_accInfoFields_branchAddr</b><br>Test class: com.mlshop.test.ShippingDetails</td>
<td></td>
<td>12</td>
<td>com.mlshop.test.ShippingDetails@7862f56</td></tr>
<tr>
<td title='com.mlshop.test.ShippingDetails.MLS_TC_104_Validate_shippingDetails_paymentMethod_isClickable()'><b>MLS_TC_104_Validate_shippingDetails_paymentMethod_isClickable</b><br>Test class: com.mlshop.test.ShippingDetails</td>
<td></td>
<td>13</td>
<td>com.mlshop.test.ShippingDetails@7862f56</td></tr>
<tr>
<td title='com.mlshop.test.ShippingDetails.MLS_TC_105_Validate_shippingDetails_paymentMethod_eWalletOptions_Visiblity()'><b>MLS_TC_105_Validate_shippingDetails_paymentMethod_eWalletOptions_Visiblity</b><br>Test class: com.mlshop.test.ShippingDetails</td>
<td></td>
<td>14</td>
<td>com.mlshop.test.ShippingDetails@7862f56</td></tr>
<tr>
<td title='com.mlshop.test.ShippingDetails.MLS_TC_106_Validate_shippingDetails_paymentConfirmation_popUp()'><b>MLS_TC_106_Validate_shippingDetails_paymentConfirmation_popUp</b><br>Test class: com.mlshop.test.ShippingDetails</td>
<td></td>
<td>14</td>
<td>com.mlshop.test.ShippingDetails@7862f56</td></tr>
<tr>
<td title='com.mlshop.test.ShippingDetails.MLS_TC_107_Validate_shippingDetails_otp_Popup()'><b>MLS_TC_107_Validate_shippingDetails_otp_Popup</b><br>Test class: com.mlshop.test.ShippingDetails</td>
<td></td>
<td>16</td>
<td>com.mlshop.test.ShippingDetails@7862f56</td></tr>
<tr>
<td title='com.mlshop.test.ShippingDetails.MLS_TC_108_Validate_shippingDetails_otp_popUpClose()'><b>MLS_TC_108_Validate_shippingDetails_otp_popUpClose</b><br>Test class: com.mlshop.test.ShippingDetails</td>
<td></td>
<td>16</td>
<td>com.mlshop.test.ShippingDetails@7862f56</td></tr>
<tr>
<td title='com.mlshop.test.ShippingDetails.MLS_TC_109_Validate_purchaseVia_mlWallet()'><b>MLS_TC_109_Validate_purchaseVia_mlWallet</b><br>Test class: com.mlshop.test.ShippingDetails</td>
<td></td>
<td>22</td>
<td>com.mlshop.test.ShippingDetails@7862f56</td></tr>
<tr>
<td title='com.mlshop.test.ShippingDetails.MLS_TC_110_Validate_Computation()'><b>MLS_TC_110_Validate_Computation</b><br>Test class: com.mlshop.test.ShippingDetails</td>
<td></td>
<td>13</td>
<td>com.mlshop.test.ShippingDetails@7862f56</td></tr>
<tr>
<td title='com.mlshop.test.ShippingDetails.MLS_TC_113_Validate_successPurchase_historyDetails()'><b>MLS_TC_113_Validate_successPurchase_historyDetails</b><br>Test class: com.mlshop.test.ShippingDetails</td>
<td></td>
<td>35</td>
<td>com.mlshop.test.ShippingDetails@7862f56</td></tr>
<tr>
<td title='com.mlshop.test.ShippingDetails.MLS_TC_114_Validate_successPurchase_grabPay()'><b>MLS_TC_114_Validate_successPurchase_grabPay</b><br>Test class: com.mlshop.test.ShippingDetails</td>
<td></td>
<td>46</td>
<td>com.mlshop.test.ShippingDetails@7862f56</td></tr>
<tr>
<td title='com.mlshop.test.ShippingDetails.MLS_TC_115_Validate_successPurchase_gCash()'><b>MLS_TC_115_Validate_successPurchase_gCash</b><br>Test class: com.mlshop.test.ShippingDetails</td>
<td></td>
<td>40</td>
<td>com.mlshop.test.ShippingDetails@7862f56</td></tr>
<tr>
<td title='com.mlshop.test.ShippingDetails.MLS_TC_116_Validate_successPurchase_payMaya()'><b>MLS_TC_116_Validate_successPurchase_payMaya</b><br>Test class: com.mlshop.test.ShippingDetails</td>
<td></td>
<td>40</td>
<td>com.mlshop.test.ShippingDetails@7862f56</td></tr>
<tr>
<td title='com.mlshop.test.ShippingDetails.MLS_TC_124_Validate_shippingDetails_itemsVisiblity_amparito()'><b>MLS_TC_124_Validate_shippingDetails_itemsVisiblity_amparito</b><br>Test class: com.mlshop.test.ShippingDetails</td>
<td></td>
<td>6</td>
<td>com.mlshop.test.ShippingDetails@7862f56</td></tr>
<tr>
<td title='com.mlshop.test.ShippingDetails.MLS_TC_126_Validate_shippingDetails_accInfoFields_fill()'><b>MLS_TC_126_Validate_shippingDetails_accInfoFields_fill</b><br>Test class: com.mlshop.test.ShippingDetails</td>
<td></td>
<td>11</td>
<td>com.mlshop.test.ShippingDetails@7862f56</td></tr>
<tr>
<td title='com.mlshop.test.ShippingDetails.MLS_TC_130_Validate_shippingDetails_totalPayment_chargedModal()'><b>MLS_TC_130_Validate_shippingDetails_totalPayment_chargedModal</b><br>Test class: com.mlshop.test.ShippingDetails</td>
<td></td>
<td>14</td>
<td>com.mlshop.test.ShippingDetails@7862f56</td></tr>
<tr>
<td title='com.mlshop.test.Home.MLS_TC_26_ValidateProfile_Navigation()'><b>MLS_TC_26_ValidateProfile_Navigation</b><br>Test class: com.mlshop.test.Home</td>
<td></td>
<td>12</td>
<td>com.mlshop.test.Home@3da05287</td></tr>
<tr>
<td title='com.mlshop.test.Home.MLS_TC_28_ValidateLogout()'><b>MLS_TC_28_ValidateLogout</b><br>Test class: com.mlshop.test.Home</td>
<td></td>
<td>12</td>
<td>com.mlshop.test.Home@3da05287</td></tr>
<tr>
<td title='com.mlshop.test.Home.MLS_TC_29_ValidateFilter_AllTypes()'><b>MLS_TC_29_ValidateFilter_AllTypes</b><br>Test class: com.mlshop.test.Home</td>
<td></td>
<td>2</td>
<td>com.mlshop.test.Home@3da05287</td></tr>
<tr>
<td title='com.mlshop.test.Home.MLS_TC_30_ValidateFilter_Ring()'><b>MLS_TC_30_ValidateFilter_Ring</b><br>Test class: com.mlshop.test.Home</td>
<td></td>
<td>2</td>
<td>com.mlshop.test.Home@3da05287</td></tr>
<tr>
<td title='com.mlshop.test.Home.MLS_TC_31_ValidateFilter_Necklace()'><b>MLS_TC_31_ValidateFilter_Necklace</b><br>Test class: com.mlshop.test.Home</td>
<td></td>
<td>2</td>
<td>com.mlshop.test.Home@3da05287</td></tr>
<tr>
<td title='com.mlshop.test.Home.MLS_TC_32_ValidateFilter_Bracelets()'><b>MLS_TC_32_ValidateFilter_Bracelets</b><br>Test class: com.mlshop.test.Home</td>
<td></td>
<td>2</td>
<td>com.mlshop.test.Home@3da05287</td></tr>
<tr>
<td title='com.mlshop.test.Home.MLS_TC_33_ValidateFilter_Earrings()'><b>MLS_TC_33_ValidateFilter_Earrings</b><br>Test class: com.mlshop.test.Home</td>
<td></td>
<td>2</td>
<td>com.mlshop.test.Home@3da05287</td></tr>
<tr>
<td title='com.mlshop.test.Home.MLS_TC_34_ValidateFilter_Pendant()'><b>MLS_TC_34_ValidateFilter_Pendant</b><br>Test class: com.mlshop.test.Home</td>
<td></td>
<td>2</td>
<td>com.mlshop.test.Home@3da05287</td></tr>
<tr>
<td title='com.mlshop.test.Home.MLS_TC_35_ValidateFilter_Brouch()'><b>MLS_TC_35_ValidateFilter_Brouch</b><br>Test class: com.mlshop.test.Home</td>
<td></td>
<td>2</td>
<td>com.mlshop.test.Home@3da05287</td></tr>
<tr>
<td title='com.mlshop.test.Home.MLS_TC_36_ValidateFilter_Engagement()'><b>MLS_TC_36_ValidateFilter_Engagement</b><br>Test class: com.mlshop.test.Home</td>
<td></td>
<td>32</td>
<td>com.mlshop.test.Home@3da05287</td></tr>
<tr>
<td title='com.mlshop.test.Home.MLS_TC_37_ValidateFilter_AllGoldKarat()'><b>MLS_TC_37_ValidateFilter_AllGoldKarat</b><br>Test class: com.mlshop.test.Home</td>
<td></td>
<td>2</td>
<td>com.mlshop.test.Home@3da05287</td></tr>
<tr>
<td title='com.mlshop.test.Home.MLS_TC_38_ValidateFilter_14Karat()'><b>MLS_TC_38_ValidateFilter_14Karat</b><br>Test class: com.mlshop.test.Home</td>
<td></td>
<td>2</td>
<td>com.mlshop.test.Home@3da05287</td></tr>
<tr>
<td title='com.mlshop.test.Home.MLS_TC_39_ValidateFilter_18Karat()'><b>MLS_TC_39_ValidateFilter_18Karat</b><br>Test class: com.mlshop.test.Home</td>
<td></td>
<td>2</td>
<td>com.mlshop.test.Home@3da05287</td></tr>
<tr>
<td title='com.mlshop.test.Home.MLS_TC_40_ValidateFilter_AllGoldColors()'><b>MLS_TC_40_ValidateFilter_AllGoldColors</b><br>Test class: com.mlshop.test.Home</td>
<td></td>
<td>2</td>
<td>com.mlshop.test.Home@3da05287</td></tr>
<tr>
<td title='com.mlshop.test.Home.MLS_TC_41_ValidateFilter_YellowGold()'><b>MLS_TC_41_ValidateFilter_YellowGold</b><br>Test class: com.mlshop.test.Home</td>
<td></td>
<td>2</td>
<td>com.mlshop.test.Home@3da05287</td></tr>
<tr>
<td title='com.mlshop.test.Home.MLS_TC_42_ValidateFilter_WhiteGold()'><b>MLS_TC_42_ValidateFilter_WhiteGold</b><br>Test class: com.mlshop.test.Home</td>
<td></td>
<td>2</td>
<td>com.mlshop.test.Home@3da05287</td></tr>
<tr>
<td title='com.mlshop.test.Home.MLS_TC_43_ValidateFilter_RoseGold()'><b>MLS_TC_43_ValidateFilter_RoseGold</b><br>Test class: com.mlshop.test.Home</td>
<td></td>
<td>2</td>
<td>com.mlshop.test.Home@3da05287</td></tr>
<tr>
<td title='com.mlshop.test.Home.MLS_TC_44_ValidateFilter_TwoTone()'><b>MLS_TC_44_ValidateFilter_TwoTone</b><br>Test class: com.mlshop.test.Home</td>
<td></td>
<td>2</td>
<td>com.mlshop.test.Home@3da05287</td></tr>
<tr>
<td title='com.mlshop.test.Home.MLS_TC_45_ValidateFilter_TriTone()'><b>MLS_TC_45_ValidateFilter_TriTone</b><br>Test class: com.mlshop.test.Home</td>
<td></td>
<td>2</td>
<td>com.mlshop.test.Home@3da05287</td></tr>
<tr>
<td title='com.mlshop.test.Home.MLS_TC_46_ValidateFilter_AllGenders()'><b>MLS_TC_46_ValidateFilter_AllGenders</b><br>Test class: com.mlshop.test.Home</td>
<td></td>
<td>2</td>
<td>com.mlshop.test.Home@3da05287</td></tr>
<tr>
<td title='com.mlshop.test.Home.MLS_TC_47_ValidateFilter_Ladies()'><b>MLS_TC_47_ValidateFilter_Ladies</b><br>Test class: com.mlshop.test.Home</td>
<td></td>
<td>2</td>
<td>com.mlshop.test.Home@3da05287</td></tr>
<tr>
<td title='com.mlshop.test.Home.MLS_TC_48_ValidateFilter_Mens()'><b>MLS_TC_48_ValidateFilter_Mens</b><br>Test class: com.mlshop.test.Home</td>
<td></td>
<td>2</td>
<td>com.mlshop.test.Home@3da05287</td></tr>
<tr>
<td title='com.mlshop.test.Home.MLS_TC_49_ValidateFilter_Unisex()'><b>MLS_TC_49_ValidateFilter_Unisex</b><br>Test class: com.mlshop.test.Home</td>
<td></td>
<td>2</td>
<td>com.mlshop.test.Home@3da05287</td></tr>
<tr>
<td title='com.mlshop.test.Home.MLS_TC_57_ValidateFilter_WatchAllBrand()'><b>MLS_TC_57_ValidateFilter_WatchAllBrand</b><br>Test class: com.mlshop.test.Home</td>
<td></td>
<td>5</td>
<td>com.mlshop.test.Home@3da05287</td></tr>
<tr>
<td title='com.mlshop.test.Home.MLS_TC_58_ValidateFilter_RolexBrand()'><b>MLS_TC_58_ValidateFilter_RolexBrand</b><br>Test class: com.mlshop.test.Home</td>
<td></td>
<td>5</td>
<td>com.mlshop.test.Home@3da05287</td></tr>
<tr>
<td title='com.mlshop.test.Home.MLS_TC_59_ValidateFilter_OmegaBrand()'><b>MLS_TC_59_ValidateFilter_OmegaBrand</b><br>Test class: com.mlshop.test.Home</td>
<td></td>
<td>5</td>
<td>com.mlshop.test.Home@3da05287</td></tr>
<tr>
<td title='com.mlshop.test.Home.MLS_TC_65_ValidateFilter_Quartz_watch()'><b>MLS_TC_65_ValidateFilter_Quartz_watch</b><br>Test class: com.mlshop.test.Home</td>
<td></td>
<td>5</td>
<td>com.mlshop.test.Home@3da05287</td></tr>
<tr>
<td title='com.mlshop.test.Home.MLS_TC_71_ValidateFilter_allGenders_watch()'><b>MLS_TC_71_ValidateFilter_allGenders_watch</b><br>Test class: com.mlshop.test.Home</td>
<td></td>
<td>5</td>
<td>com.mlshop.test.Home@3da05287</td></tr>
<tr>
<td title='com.mlshop.test.Home.MLS_TC_72_ValidateFilter_Ladies_watch()'><b>MLS_TC_72_ValidateFilter_Ladies_watch</b><br>Test class: com.mlshop.test.Home</td>
<td></td>
<td>5</td>
<td>com.mlshop.test.Home@3da05287</td></tr>
<tr>
<td title='com.mlshop.test.Home.MLS_TC_73_ValidateFilter_Mens_watch()'><b>MLS_TC_73_ValidateFilter_Mens_watch</b><br>Test class: com.mlshop.test.Home</td>
<td></td>
<td>5</td>
<td>com.mlshop.test.Home@3da05287</td></tr>
<tr>
<td title='com.mlshop.test.Home.MLS_TC_74_ValidateFilter_Unisex_watch()'><b>MLS_TC_74_ValidateFilter_Unisex_watch</b><br>Test class: com.mlshop.test.Home</td>
<td></td>
<td>5</td>
<td>com.mlshop.test.Home@3da05287</td></tr>
<tr>
<td title='com.mlshop.test.Home.MLS_TC_79_ValidateProduct_details()'><b>MLS_TC_79_ValidateProduct_details</b><br>Test class: com.mlshop.test.Home</td>
<td></td>
<td>1</td>
<td>com.mlshop.test.Home@3da05287</td></tr>
<tr>
<td title='com.mlshop.test.Home.MLS_TC_80_ValidateProduct_amaparito()'><b>MLS_TC_80_ValidateProduct_amaparito</b><br>Test class: com.mlshop.test.Home</td>
<td></td>
<td>1</td>
<td>com.mlshop.test.Home@3da05287</td></tr>
<tr>
<td title='com.mlshop.test.Home.MLS_TC_81_ValidateProduct_watch()'><b>MLS_TC_81_ValidateProduct_watch</b><br>Test class: com.mlshop.test.Home</td>
<td></td>
<td>1</td>
<td>com.mlshop.test.Home@3da05287</td></tr>
<tr>
<td title='com.mlshop.test.Home.MLS_TC_82_ValidateProduct_jewelryDetails()'><b>MLS_TC_82_ValidateProduct_jewelryDetails</b><br>Test class: com.mlshop.test.Home</td>
<td></td>
<td>3</td>
<td>com.mlshop.test.Home@3da05287</td></tr>
<tr>
<td title='com.mlshop.test.Home.MLS_TC_83_ValidateProduct_amparitoDetails()'><b>MLS_TC_83_ValidateProduct_amparitoDetails</b><br>Test class: com.mlshop.test.Home</td>
<td></td>
<td>3</td>
<td>com.mlshop.test.Home@3da05287</td></tr>
<tr>
<td title='com.mlshop.test.Home.MLS_TC_84_ValidateProduct_watchDetails()'><b>MLS_TC_84_ValidateProduct_watchDetails</b><br>Test class: com.mlshop.test.Home</td>
<td></td>
<td>3</td>
<td>com.mlshop.test.Home@3da05287</td></tr>
<tr>
<td title='com.mlshop.test.Home.MLS_TC_87_ValidateWatch_addToCart()'><b>MLS_TC_87_ValidateWatch_addToCart</b><br>Test class: com.mlshop.test.Home</td>
<td></td>
<td>6</td>
<td>com.mlshop.test.Home@3da05287</td></tr>
<tr>
<td title='com.mlshop.test.Home.MLS_TC_89_ValidateItem_alreadyInCart()'><b>MLS_TC_89_ValidateItem_alreadyInCart</b><br>Test class: com.mlshop.test.Home</td>
<td></td>
<td>7</td>
<td>com.mlshop.test.Home@3da05287</td></tr>
<tr>
<td title='com.mlshop.test.ShoppingCart.MLS_TC_90_Validate_shopping_cart_navigation()'><b>MLS_TC_90_Validate_shopping_cart_navigation</b><br>Test class: com.mlshop.test.ShoppingCart</td>
<td></td>
<td>0</td>
<td>com.mlshop.test.ShoppingCart@3212a8d7</td></tr>
<tr>
<td title='com.mlshop.test.ShoppingCart.MLS_TC_91_Validate_shopping_cart_items()'><b>MLS_TC_91_Validate_shopping_cart_items</b><br>Test class: com.mlshop.test.ShoppingCart</td>
<td></td>
<td>4</td>
<td>com.mlshop.test.ShoppingCart@3212a8d7</td></tr>
<tr>
<td title='com.mlshop.test.ShoppingCart.MLS_TC_92_Validate_shopping_cart_increment()'><b>MLS_TC_92_Validate_shopping_cart_increment</b><br>Test class: com.mlshop.test.ShoppingCart</td>
<td></td>
<td>4</td>
<td>com.mlshop.test.ShoppingCart@3212a8d7</td></tr>
<tr>
<td title='com.mlshop.test.ShoppingCart.MLS_TC_93_Validate_shopping_cart_removeItem()'><b>MLS_TC_93_Validate_shopping_cart_removeItem</b><br>Test class: com.mlshop.test.ShoppingCart</td>
<td></td>
<td>4</td>
<td>com.mlshop.test.ShoppingCart@3212a8d7</td></tr>
<tr>
<td title='com.mlshop.test.ShoppingCart.MLS_TC_94_Validate_shopping_cart_modalPopup()'><b>MLS_TC_94_Validate_shopping_cart_modalPopup</b><br>Test class: com.mlshop.test.ShoppingCart</td>
<td></td>
<td>4</td>
<td>com.mlshop.test.ShoppingCart@3212a8d7</td></tr>
<tr>
<td title='com.mlshop.test.ShoppingCart.MLS_TC_95_Validate_shopping_cart_cancelRemove()'><b>MLS_TC_95_Validate_shopping_cart_cancelRemove</b><br>Test class: com.mlshop.test.ShoppingCart</td>
<td></td>
<td>4</td>
<td>com.mlshop.test.ShoppingCart@3212a8d7</td></tr>
<tr>
<td title='com.mlshop.test.ShoppingCart.MLS_TC_96_Validate_shopping_cart_decrementFunction()'><b>MLS_TC_96_Validate_shopping_cart_decrementFunction</b><br>Test class: com.mlshop.test.ShoppingCart</td>
<td></td>
<td>5</td>
<td>com.mlshop.test.ShoppingCart@3212a8d7</td></tr>
<tr>
<td title='com.mlshop.test.ShoppingCart.MLS_TC_97_Validate_shopping_cart_incrementFunction()'><b>MLS_TC_97_Validate_shopping_cart_incrementFunction</b><br>Test class: com.mlshop.test.ShoppingCart</td>
<td></td>
<td>6</td>
<td>com.mlshop.test.ShoppingCart@3212a8d7</td></tr>
<tr>
<td title='com.mlshop.test.ShippingDetails.MLS_TC_98_Validate_shippingDetails_pageNavigation()'><b>MLS_TC_98_Validate_shippingDetails_pageNavigation</b><br>Test class: com.mlshop.test.ShippingDetails</td>
<td></td>
<td>7</td>
<td>com.mlshop.test.ShippingDetails@7862f56</td></tr>
<tr>
<td title='com.mlshop.test.ShippingDetails.MLS_TC_99_Validate_shippingDetails_itemsVisiblity_jewlery()'><b>MLS_TC_99_Validate_shippingDetails_itemsVisiblity_jewlery</b><br>Test class: com.mlshop.test.ShippingDetails</td>
<td></td>
<td>7</td>
<td>com.mlshop.test.ShippingDetails@7862f56</td></tr>
<tr>
<td title='com.mlshop.test.Home.MS_TC_25_ValidateUserName_DropDown()'><b>MS_TC_25_ValidateUserName_DropDown</b><br>Test class: com.mlshop.test.Home</td>
<td></td>
<td>12</td>
<td>com.mlshop.test.Home@3da05287</td></tr>
</table><p>
</body>
</html>