<?xml version="1.0" encoding="UTF-8"?>
<!-- Generated by org.testng.reporters.JUnitXMLReporter -->
<testsuite ignored="0" hostname="HOTGQA008" failures="2" tests="4" name="MLSHOP2" time="847.647" errors="0" timestamp="2024-02-23T20:30:48 CST">
  <testcase classname="com.mlshop.test.Home" name="MLS_TC_85_ValidateJewelry_addToCart" time="33.728">
    <failure type="java.lang.AssertionError" message="Could not get text By.xpath: //p[normalize-space()=&amp;apos;Item has been successfully added to your cart.&amp;apos;]">
      <![CDATA[java.lang.AssertionError: Could not get text By.xpath: //p[normalize-space()='Item has been successfully added to your cart.']
at com.utility.Utilities.getText(Utilities.java:561)
at com.business.mlshop.Home.MLS_TC_85_ValidateJewelry_addToCart(Home.java:607)
at com.mlshop.test.Home.MLS_TC_85_ValidateJewelry_addToCart(Home.java:206)
at java.base/java.util.ArrayList.forEach(ArrayList.java:1511)
at java.base/java.util.concurrent.FutureTask.run(FutureTask.java:264)
at java.base/java.util.concurrent.ThreadPoolExecutor.runWorker(ThreadPoolExecutor.java:1136)
at java.base/java.util.concurrent.ThreadPoolExecutor$Worker.run(ThreadPoolExecutor.java:635)
at java.base/java.lang.Thread.run(Thread.java:833)
Caused by: org.openqa.selenium.NoSuchElementException: no such element: Unable to locate element: {"method":"xpath","selector":"//p[normalize-space()='Item has been successfully added to your cart.']"}
  (Session info: chrome=122.0.6261.69)
For documentation on this error, please visit: https://www.seleniumhq.org/exceptions/no_such_element.html
Build info: version: '3.141.59', revision: 'e82be7d358', time: '2018-11-14T08:17:03'
System info: host: 'HOTGQA008', ip: '10.0.8.67', os.name: 'Windows 11', os.arch: 'amd64', os.version: '10.0', java.version: '17.0.7'
Driver info: org.openqa.selenium.chrome.ChromeDriver
Capabilities {acceptInsecureCerts: false, browserName: chrome, browserVersion: 122.0.6261.69, chrome: {chromedriverVersion: 122.0.6261.69 (81bc525b6a36..., userDataDir: C:\Users\MELG20~1\AppData\L...}, fedcm:accounts: true, goog:chromeOptions: {debuggerAddress: localhost:62593}, javascriptEnabled: true, networkConnectionEnabled: false, pageLoadStrategy: eager, platform: WINDOWS, platformName: WINDOWS, proxy: Proxy(), setWindowRect: true, strictFileInteractability: false, timeouts: {implicit: 0, pageLoad: 300000, script: 30000}, unhandledPromptBehavior: dismiss and notify, webauthn:extension:credBlob: true, webauthn:extension:largeBlob: true, webauthn:extension:minPinLength: true, webauthn:extension:prf: true, webauthn:virtualAuthenticators: true}
Session ID: ceaf8e3a479bfcac6929cdbc6146639b
*** Element info: {Using=xpath, value=//p[normalize-space()='Item has been successfully added to your cart.']}
at org.openqa.selenium.remote.http.W3CHttpResponseCodec.createException(W3CHttpResponseCodec.java:187)
at org.openqa.selenium.remote.http.W3CHttpResponseCodec.decode(W3CHttpResponseCodec.java:122)
at org.openqa.selenium.remote.http.W3CHttpResponseCodec.decode(W3CHttpResponseCodec.java:49)
at org.openqa.selenium.remote.HttpCommandExecutor.execute(HttpCommandExecutor.java:158)
at org.openqa.selenium.remote.service.DriverCommandExecutor.execute(DriverCommandExecutor.java:83)
at org.openqa.selenium.remote.RemoteWebDriver.execute(RemoteWebDriver.java:552)
at org.openqa.selenium.remote.RemoteWebDriver.findElement(RemoteWebDriver.java:323)
at org.openqa.selenium.remote.RemoteWebDriver.findElementByXPath(RemoteWebDriver.java:428)
at org.openqa.selenium.By$ByXPath.findElement(By.java:353)
at org.openqa.selenium.remote.RemoteWebDriver.findElement(RemoteWebDriver.java:315)
at com.utility.Utilities.findElement(Utilities.java:183)
at com.utility.Utilities.getText(Utilities.java:557)
... 25 more
... Removed 23 stack frames]]>
    </failure>
  </testcase> <!-- MLS_TC_85_ValidateJewelry_addToCart -->
  <testcase classname="com.mlshop.test.Home" name="MLS_TC_86_ValidateAmparito_addToCart" time="33.695">
    <failure type="java.lang.AssertionError" message="Could not get text By.xpath: //p[normalize-space()=&amp;apos;Item has been successfully added to your cart.&amp;apos;]">
      <![CDATA[java.lang.AssertionError: Could not get text By.xpath: //p[normalize-space()='Item has been successfully added to your cart.']
at com.utility.Utilities.getText(Utilities.java:561)
at com.business.mlshop.Home.MLS_TC_86_ValidateAmparito_addToCart(Home.java:620)
at com.mlshop.test.Home.MLS_TC_86_ValidateAmparito_addToCart(Home.java:210)
at java.base/java.util.ArrayList.forEach(ArrayList.java:1511)
at java.base/java.util.concurrent.FutureTask.run(FutureTask.java:264)
at java.base/java.util.concurrent.ThreadPoolExecutor.runWorker(ThreadPoolExecutor.java:1136)
at java.base/java.util.concurrent.ThreadPoolExecutor$Worker.run(ThreadPoolExecutor.java:635)
at java.base/java.lang.Thread.run(Thread.java:833)
Caused by: org.openqa.selenium.NoSuchElementException: no such element: Unable to locate element: {"method":"xpath","selector":"//p[normalize-space()='Item has been successfully added to your cart.']"}
  (Session info: chrome=122.0.6261.69)
For documentation on this error, please visit: https://www.seleniumhq.org/exceptions/no_such_element.html
Build info: version: '3.141.59', revision: 'e82be7d358', time: '2018-11-14T08:17:03'
System info: host: 'HOTGQA008', ip: '10.0.8.67', os.name: 'Windows 11', os.arch: 'amd64', os.version: '10.0', java.version: '17.0.7'
Driver info: org.openqa.selenium.chrome.ChromeDriver
Capabilities {acceptInsecureCerts: false, browserName: chrome, browserVersion: 122.0.6261.69, chrome: {chromedriverVersion: 122.0.6261.69 (81bc525b6a36..., userDataDir: C:\Users\MELG20~1\AppData\L...}, fedcm:accounts: true, goog:chromeOptions: {debuggerAddress: localhost:62685}, javascriptEnabled: true, networkConnectionEnabled: false, pageLoadStrategy: eager, platform: WINDOWS, platformName: WINDOWS, proxy: Proxy(), setWindowRect: true, strictFileInteractability: false, timeouts: {implicit: 0, pageLoad: 300000, script: 30000}, unhandledPromptBehavior: dismiss and notify, webauthn:extension:credBlob: true, webauthn:extension:largeBlob: true, webauthn:extension:minPinLength: true, webauthn:extension:prf: true, webauthn:virtualAuthenticators: true}
Session ID: f2f082b4ea1ec932915da2461168bbb4
*** Element info: {Using=xpath, value=//p[normalize-space()='Item has been successfully added to your cart.']}
at org.openqa.selenium.remote.http.W3CHttpResponseCodec.createException(W3CHttpResponseCodec.java:187)
at org.openqa.selenium.remote.http.W3CHttpResponseCodec.decode(W3CHttpResponseCodec.java:122)
at org.openqa.selenium.remote.http.W3CHttpResponseCodec.decode(W3CHttpResponseCodec.java:49)
at org.openqa.selenium.remote.HttpCommandExecutor.execute(HttpCommandExecutor.java:158)
at org.openqa.selenium.remote.service.DriverCommandExecutor.execute(DriverCommandExecutor.java:83)
at org.openqa.selenium.remote.RemoteWebDriver.execute(RemoteWebDriver.java:552)
at org.openqa.selenium.remote.RemoteWebDriver.findElement(RemoteWebDriver.java:323)
at org.openqa.selenium.remote.RemoteWebDriver.findElementByXPath(RemoteWebDriver.java:428)
at org.openqa.selenium.By$ByXPath.findElement(By.java:353)
at org.openqa.selenium.remote.RemoteWebDriver.findElement(RemoteWebDriver.java:315)
at com.utility.Utilities.findElement(Utilities.java:183)
at com.utility.Utilities.getText(Utilities.java:557)
... 25 more
... Removed 23 stack frames]]>
    </failure>
  </testcase> <!-- MLS_TC_86_ValidateAmparito_addToCart -->
  <testcase classname="com.mlshop.test.Home" name="MLS_TC_87_ValidateWatch_addToCart" time="7.328"/>
  <testcase classname="com.mlshop.test.Home" name="MLS_TC_89_ValidateItem_alreadyInCart" time="7.6"/>
</testsuite> <!-- MLSHOP2 -->
